[0.438s] Invoking command in '/home/tadtawan/EXAM1_WS/src/ros2_teleop_keyboard': PYTHONPATH=/home/tadtawan/EXAM1_WS/build/teleop_twist_keyboard/prefix_override:/usr/lib/python3/dist-packages/colcon_core/task/python/colcon_distutils_commands:/home/tadtawan/EXAM1_WS/install/teleop_twist_keyboard/lib/python3.10/site-packages:${PYTHONPATH} /usr/bin/python3 -W ignore:setup.py install is deprecated setup.py egg_info --egg-base ../../build/teleop_twist_keyboard build --build-base /home/tadtawan/EXAM1_WS/build/teleop_twist_keyboard/build install --record /home/tadtawan/EXAM1_WS/build/teleop_twist_keyboard/install.log --single-version-externally-managed
[0.605s] running egg_info
[0.605s] writing ../../build/teleop_twist_keyboard/teleop_twist_keyboard.egg-info/PKG-INFO
[0.605s] writing dependency_links to ../../build/teleop_twist_keyboard/teleop_twist_keyboard.egg-info/dependency_links.txt
[0.606s] writing entry points to ../../build/teleop_twist_keyboard/teleop_twist_keyboard.egg-info/entry_points.txt
[0.606s] writing requirements to ../../build/teleop_twist_keyboard/teleop_twist_keyboard.egg-info/requires.txt
[0.606s] writing top-level names to ../../build/teleop_twist_keyboard/teleop_twist_keyboard.egg-info/top_level.txt
[0.607s] reading manifest file '../../build/teleop_twist_keyboard/teleop_twist_keyboard.egg-info/SOURCES.txt'
[0.607s] writing manifest file '../../build/teleop_twist_keyboard/teleop_twist_keyboard.egg-info/SOURCES.txt'
[0.607s] running build
[0.607s] running build_py
[0.607s] running install
[0.607s] running install_lib
[0.608s] running install_egg_info
[0.609s] removing '/home/tadtawan/EXAM1_WS/install/teleop_twist_keyboard/lib/python3.10/site-packages/teleop_twist_keyboard-0.0.0-py3.10.egg-info' (and everything under it)
[0.609s] Copying ../../build/teleop_twist_keyboard/teleop_twist_keyboard.egg-info to /home/tadtawan/EXAM1_WS/install/teleop_twist_keyboard/lib/python3.10/site-packages/teleop_twist_keyboard-0.0.0-py3.10.egg-info
[0.610s] running install_scripts
[0.622s] Installing teleop_twist_keyboard script to /home/tadtawan/EXAM1_WS/install/teleop_twist_keyboard/bin
[0.622s] writing list of installed files to '/home/tadtawan/EXAM1_WS/build/teleop_twist_keyboard/install.log'
[0.637s] Invoked command in '/home/tadtawan/EXAM1_WS/src/ros2_teleop_keyboard' returned '0': PYTHONPATH=/home/tadtawan/EXAM1_WS/build/teleop_twist_keyboard/prefix_override:/usr/lib/python3/dist-packages/colcon_core/task/python/colcon_distutils_commands:/home/tadtawan/EXAM1_WS/install/teleop_twist_keyboard/lib/python3.10/site-packages:${PYTHONPATH} /usr/bin/python3 -W ignore:setup.py install is deprecated setup.py egg_info --egg-base ../../build/teleop_twist_keyboard build --build-base /home/tadtawan/EXAM1_WS/build/teleop_twist_keyboard/build install --record /home/tadtawan/EXAM1_WS/build/teleop_twist_keyboard/install.log --single-version-externally-managed
