[0.016s] Invoking command in '/home/aitthikit/Documents/GitHub/EXAM1_WS/build/taohunza': CMAKE_PREFIX_PATH=${CMAKE_PREFIX_PATH}:/home/aitthikit/Memekhos_ws/install/launch_testing_examples:/home/aitthikit/Memekhos_ws/install/examples_rclpy_pointcloud_publisher:/home/aitthikit/Memekhos_ws/install/examples_rclpy_minimal_subscriber:/home/aitthikit/Memekhos_ws/install/examples_rclpy_minimal_service:/home/aitthikit/Memekhos_ws/install/examples_rclpy_minimal_publisher:/home/aitthikit/Memekhos_ws/install/examples_rclpy_minimal_client:/home/aitthikit/Memekhos_ws/install/examples_rclpy_minimal_action_server:/home/aitthikit/Memekhos_ws/install/examples_rclpy_minimal_action_client:/home/aitthikit/Memekhos_ws/install/examples_rclpy_guard_conditions:/home/aitthikit/Memekhos_ws/install/examples_rclpy_executors:/opt/ros/humble /usr/bin/cmake --build /home/aitthikit/Documents/GitHub/EXAM1_WS/build/taohunza -- -j12 -l12
[0.043s] -- Found ament_cmake: 1.3.10 (/opt/ros/humble/share/ament_cmake/cmake)
[0.195s] -- Found rclcpp: 16.0.10 (/opt/ros/humble/share/rclcpp/cmake)
[0.222s] -- Found rosidl_generator_c: 3.1.5 (/opt/ros/humble/share/rosidl_generator_c/cmake)
[0.225s] -- Found rosidl_adapter: 3.1.5 (/opt/ros/humble/share/rosidl_adapter/cmake)
[0.230s] -- Found rosidl_generator_cpp: 3.1.5 (/opt/ros/humble/share/rosidl_generator_cpp/cmake)
[0.240s] -- Using all available rosidl_typesupport_c: rosidl_typesupport_fastrtps_c;rosidl_typesupport_introspection_c
[0.252s] -- Using all available rosidl_typesupport_cpp: rosidl_typesupport_fastrtps_cpp;rosidl_typesupport_introspection_cpp
[0.283s] -- Found rmw_implementation_cmake: 6.1.2 (/opt/ros/humble/share/rmw_implementation_cmake/cmake)
[0.285s] -- Found rmw_fastrtps_cpp: 6.2.7 (/opt/ros/humble/share/rmw_fastrtps_cpp/cmake)
[0.391s] -- Using RMW implementation 'rmw_fastrtps_cpp' as default
[0.439s] -- Found rclpy: 3.3.14 (/opt/ros/humble/share/rclpy/cmake)
[0.576s] -- Configuring done
[0.584s] -- Generating done
[0.586s] -- Build files have been written to: /home/aitthikit/Documents/GitHub/EXAM1_WS/build/taohunza
[0.610s] [35m[1mConsolidate compiler generated dependencies of target cpp_node_test[0m
[0.622s] [100%] Built target cpp_node_test
[0.629s] [100%] Built target ament_cmake_python_copy_taohunza
[0.867s] running egg_info
[0.867s] writing taohunza.egg-info/PKG-INFO
[0.867s] writing dependency_links to taohunza.egg-info/dependency_links.txt
[0.867s] writing top-level names to taohunza.egg-info/top_level.txt
[0.869s] reading manifest file 'taohunza.egg-info/SOURCES.txt'
[0.870s] writing manifest file 'taohunza.egg-info/SOURCES.txt'
[0.891s] [100%] Built target ament_cmake_python_build_taohunza_egg
[0.903s] Invoked command in '/home/aitthikit/Documents/GitHub/EXAM1_WS/build/taohunza' returned '0': CMAKE_PREFIX_PATH=${CMAKE_PREFIX_PATH}:/home/aitthikit/Memekhos_ws/install/launch_testing_examples:/home/aitthikit/Memekhos_ws/install/examples_rclpy_pointcloud_publisher:/home/aitthikit/Memekhos_ws/install/examples_rclpy_minimal_subscriber:/home/aitthikit/Memekhos_ws/install/examples_rclpy_minimal_service:/home/aitthikit/Memekhos_ws/install/examples_rclpy_minimal_publisher:/home/aitthikit/Memekhos_ws/install/examples_rclpy_minimal_client:/home/aitthikit/Memekhos_ws/install/examples_rclpy_minimal_action_server:/home/aitthikit/Memekhos_ws/install/examples_rclpy_minimal_action_client:/home/aitthikit/Memekhos_ws/install/examples_rclpy_guard_conditions:/home/aitthikit/Memekhos_ws/install/examples_rclpy_executors:/opt/ros/humble /usr/bin/cmake --build /home/aitthikit/Documents/GitHub/EXAM1_WS/build/taohunza -- -j12 -l12
[0.932s] Invoking command in '/home/aitthikit/Documents/GitHub/EXAM1_WS/build/taohunza': CMAKE_PREFIX_PATH=${CMAKE_PREFIX_PATH}:/home/aitthikit/Memekhos_ws/install/launch_testing_examples:/home/aitthikit/Memekhos_ws/install/examples_rclpy_pointcloud_publisher:/home/aitthikit/Memekhos_ws/install/examples_rclpy_minimal_subscriber:/home/aitthikit/Memekhos_ws/install/examples_rclpy_minimal_service:/home/aitthikit/Memekhos_ws/install/examples_rclpy_minimal_publisher:/home/aitthikit/Memekhos_ws/install/examples_rclpy_minimal_client:/home/aitthikit/Memekhos_ws/install/examples_rclpy_minimal_action_server:/home/aitthikit/Memekhos_ws/install/examples_rclpy_minimal_action_client:/home/aitthikit/Memekhos_ws/install/examples_rclpy_guard_conditions:/home/aitthikit/Memekhos_ws/install/examples_rclpy_executors:/opt/ros/humble /usr/bin/cmake --install /home/aitthikit/Documents/GitHub/EXAM1_WS/build/taohunza
[0.939s] -- Install configuration: ""
[0.939s] -- Up-to-date: /home/aitthikit/Documents/GitHub/EXAM1_WS/install/taohunza/share/taohunza/environment/pythonpath.sh
[0.939s] -- Installing: /home/aitthikit/Documents/GitHub/EXAM1_WS/install/taohunza/share/taohunza/environment/pythonpath.dsv
[0.939s] -- Up-to-date: /home/aitthikit/Documents/GitHub/EXAM1_WS/install/taohunza/local/lib/python3.10/dist-packages/taohunza-0.0.0-py3.10.egg-info
[0.939s] -- Installing: /home/aitthikit/Documents/GitHub/EXAM1_WS/install/taohunza/local/lib/python3.10/dist-packages/taohunza-0.0.0-py3.10.egg-info/dependency_links.txt
[0.939s] -- Installing: /home/aitthikit/Documents/GitHub/EXAM1_WS/install/taohunza/local/lib/python3.10/dist-packages/taohunza-0.0.0-py3.10.egg-info/SOURCES.txt
[0.940s] -- Installing: /home/aitthikit/Documents/GitHub/EXAM1_WS/install/taohunza/local/lib/python3.10/dist-packages/taohunza-0.0.0-py3.10.egg-info/top_level.txt
[0.940s] -- Installing: /home/aitthikit/Documents/GitHub/EXAM1_WS/install/taohunza/local/lib/python3.10/dist-packages/taohunza-0.0.0-py3.10.egg-info/PKG-INFO
[0.940s] -- Up-to-date: /home/aitthikit/Documents/GitHub/EXAM1_WS/install/taohunza/local/lib/python3.10/dist-packages/taohunza
[0.940s] -- Up-to-date: /home/aitthikit/Documents/GitHub/EXAM1_WS/install/taohunza/local/lib/python3.10/dist-packages/taohunza/__init__.py
[0.940s] -- Up-to-date: /home/aitthikit/Documents/GitHub/EXAM1_WS/install/taohunza/local/lib/python3.10/dist-packages/taohunza/dummy_module.py
[0.978s] Listing '/home/aitthikit/Documents/GitHub/EXAM1_WS/install/taohunza/local/lib/python3.10/dist-packages/taohunza'...
[0.981s] -- Up-to-date: /home/aitthikit/Documents/GitHub/EXAM1_WS/install/taohunza/lib/taohunza/dummy_script.py
[0.982s] -- Installing: /home/aitthikit/Documents/GitHub/EXAM1_WS/install/taohunza/lib/taohunza/turtle_teleop_node.py
[0.982s] -- Up-to-date: /home/aitthikit/Documents/GitHub/EXAM1_WS/install/taohunza/lib/taohunza/cpp_node_test
[0.982s] -- Up-to-date: /home/aitthikit/Documents/GitHub/EXAM1_WS/install/taohunza/share/taohunza
[0.982s] -- Up-to-date: /home/aitthikit/Documents/GitHub/EXAM1_WS/install/taohunza/share/ament_index/resource_index/package_run_dependencies/taohunza
[0.982s] -- Installing: /home/aitthikit/Documents/GitHub/EXAM1_WS/install/taohunza/share/ament_index/resource_index/parent_prefix_path/taohunza
[0.982s] -- Up-to-date: /home/aitthikit/Documents/GitHub/EXAM1_WS/install/taohunza/share/taohunza/environment/ament_prefix_path.sh
[0.982s] -- Installing: /home/aitthikit/Documents/GitHub/EXAM1_WS/install/taohunza/share/taohunza/environment/ament_prefix_path.dsv
[0.983s] -- Up-to-date: /home/aitthikit/Documents/GitHub/EXAM1_WS/install/taohunza/share/taohunza/environment/path.sh
[0.983s] -- Installing: /home/aitthikit/Documents/GitHub/EXAM1_WS/install/taohunza/share/taohunza/environment/path.dsv
[0.983s] -- Up-to-date: /home/aitthikit/Documents/GitHub/EXAM1_WS/install/taohunza/share/taohunza/local_setup.bash
[0.983s] -- Up-to-date: /home/aitthikit/Documents/GitHub/EXAM1_WS/install/taohunza/share/taohunza/local_setup.sh
[0.983s] -- Up-to-date: /home/aitthikit/Documents/GitHub/EXAM1_WS/install/taohunza/share/taohunza/local_setup.zsh
[0.983s] -- Installing: /home/aitthikit/Documents/GitHub/EXAM1_WS/install/taohunza/share/taohunza/local_setup.dsv
[0.983s] -- Installing: /home/aitthikit/Documents/GitHub/EXAM1_WS/install/taohunza/share/taohunza/package.dsv
[0.983s] -- Up-to-date: /home/aitthikit/Documents/GitHub/EXAM1_WS/install/taohunza/share/ament_index/resource_index/packages/taohunza
[0.983s] -- Up-to-date: /home/aitthikit/Documents/GitHub/EXAM1_WS/install/taohunza/share/taohunza/cmake/taohunzaConfig.cmake
[0.983s] -- Up-to-date: /home/aitthikit/Documents/GitHub/EXAM1_WS/install/taohunza/share/taohunza/cmake/taohunzaConfig-version.cmake
[0.983s] -- Up-to-date: /home/aitthikit/Documents/GitHub/EXAM1_WS/install/taohunza/share/taohunza/package.xml
[0.985s] Invoked command in '/home/aitthikit/Documents/GitHub/EXAM1_WS/build/taohunza' returned '0': CMAKE_PREFIX_PATH=${CMAKE_PREFIX_PATH}:/home/aitthikit/Memekhos_ws/install/launch_testing_examples:/home/aitthikit/Memekhos_ws/install/examples_rclpy_pointcloud_publisher:/home/aitthikit/Memekhos_ws/install/examples_rclpy_minimal_subscriber:/home/aitthikit/Memekhos_ws/install/examples_rclpy_minimal_service:/home/aitthikit/Memekhos_ws/install/examples_rclpy_minimal_publisher:/home/aitthikit/Memekhos_ws/install/examples_rclpy_minimal_client:/home/aitthikit/Memekhos_ws/install/examples_rclpy_minimal_action_server:/home/aitthikit/Memekhos_ws/install/examples_rclpy_minimal_action_client:/home/aitthikit/Memekhos_ws/install/examples_rclpy_guard_conditions:/home/aitthikit/Memekhos_ws/install/examples_rclpy_executors:/opt/ros/humble /usr/bin/cmake --install /home/aitthikit/Documents/GitHub/EXAM1_WS/build/taohunza
