[0.015s] Invoking command in '/home/aitthikit/Documents/GitHub/EXAM1_WS/src/build/taohunza': CMAKE_PREFIX_PATH=${CMAKE_PREFIX_PATH}:/home/aitthikit/Memekhos_ws/install/launch_testing_examples:/home/aitthikit/Memekhos_ws/install/examples_rclpy_pointcloud_publisher:/home/aitthikit/Memekhos_ws/install/examples_rclpy_minimal_subscriber:/home/aitthikit/Memekhos_ws/install/examples_rclpy_minimal_service:/home/aitthikit/Memekhos_ws/install/examples_rclpy_minimal_publisher:/home/aitthikit/Memekhos_ws/install/examples_rclpy_minimal_client:/home/aitthikit/Memekhos_ws/install/examples_rclpy_minimal_action_server:/home/aitthikit/Memekhos_ws/install/examples_rclpy_minimal_action_client:/home/aitthikit/Memekhos_ws/install/examples_rclpy_guard_conditions:/home/aitthikit/Memekhos_ws/install/examples_rclpy_executors:/opt/ros/humble /usr/bin/cmake /home/aitthikit/Documents/GitHub/EXAM1_WS/src/taohunza -DCMAKE_INSTALL_PREFIX=/home/aitthikit/Documents/GitHub/EXAM1_WS/src/install/taohunza
[0.071s] -- The C compiler identification is GNU 11.4.0
[0.123s] -- The CXX compiler identification is GNU 11.4.0
[0.130s] -- Detecting C compiler ABI info
[0.195s] -- Detecting C compiler ABI info - done
[0.202s] -- Check for working C compiler: /usr/bin/cc - skipped
[0.202s] -- Detecting C compile features
[0.202s] -- Detecting C compile features - done
[0.205s] -- Detecting CXX compiler ABI info
[0.282s] -- Detecting CXX compiler ABI info - done
[0.289s] -- Check for working CXX compiler: /usr/bin/c++ - skipped
[0.289s] -- Detecting CXX compile features
[0.289s] -- Detecting CXX compile features - done
[0.295s] -- Found ament_cmake: 1.3.10 (/opt/ros/humble/share/ament_cmake/cmake)
[0.479s] -- Found Python3: /usr/bin/python3 (found version "3.10.12") found components: Interpreter 
[0.616s] -- Found rclcpp: 16.0.10 (/opt/ros/humble/share/rclcpp/cmake)
[0.687s] -- Found rosidl_generator_c: 3.1.5 (/opt/ros/humble/share/rosidl_generator_c/cmake)
[0.697s] -- Found rosidl_adapter: 3.1.5 (/opt/ros/humble/share/rosidl_adapter/cmake)
[0.710s] -- Found rosidl_generator_cpp: 3.1.5 (/opt/ros/humble/share/rosidl_generator_cpp/cmake)
[0.728s] -- Using all available rosidl_typesupport_c: rosidl_typesupport_fastrtps_c;rosidl_typesupport_introspection_c
[0.753s] -- Using all available rosidl_typesupport_cpp: rosidl_typesupport_fastrtps_cpp;rosidl_typesupport_introspection_cpp
[0.825s] -- Found rmw_implementation_cmake: 6.1.2 (/opt/ros/humble/share/rmw_implementation_cmake/cmake)
[0.831s] -- Found rmw_fastrtps_cpp: 6.2.7 (/opt/ros/humble/share/rmw_fastrtps_cpp/cmake)
[0.933s] -- Found OpenSSL: /usr/lib/x86_64-linux-gnu/libcrypto.so (found version "3.0.2")  
[0.963s] -- Found FastRTPS: /opt/ros/humble/include  
[1.007s] -- Using RMW implementation 'rmw_fastrtps_cpp' as default
[1.024s] -- Looking for pthread.h
[1.091s] -- Looking for pthread.h - found
[1.092s] -- Performing Test CMAKE_HAVE_LIBC_PTHREAD
[1.162s] -- Performing Test CMAKE_HAVE_LIBC_PTHREAD - Success
[1.163s] -- Found Threads: TRUE  
[1.227s] -- Found rclpy: 3.3.14 (/opt/ros/humble/share/rclpy/cmake)
[1.383s] -- Configuring done
[1.392s] -- Generating done
[1.393s] -- Build files have been written to: /home/aitthikit/Documents/GitHub/EXAM1_WS/src/build/taohunza
[1.401s] Invoked command in '/home/aitthikit/Documents/GitHub/EXAM1_WS/src/build/taohunza' returned '0': CMAKE_PREFIX_PATH=${CMAKE_PREFIX_PATH}:/home/aitthikit/Memekhos_ws/install/launch_testing_examples:/home/aitthikit/Memekhos_ws/install/examples_rclpy_pointcloud_publisher:/home/aitthikit/Memekhos_ws/install/examples_rclpy_minimal_subscriber:/home/aitthikit/Memekhos_ws/install/examples_rclpy_minimal_service:/home/aitthikit/Memekhos_ws/install/examples_rclpy_minimal_publisher:/home/aitthikit/Memekhos_ws/install/examples_rclpy_minimal_client:/home/aitthikit/Memekhos_ws/install/examples_rclpy_minimal_action_server:/home/aitthikit/Memekhos_ws/install/examples_rclpy_minimal_action_client:/home/aitthikit/Memekhos_ws/install/examples_rclpy_guard_conditions:/home/aitthikit/Memekhos_ws/install/examples_rclpy_executors:/opt/ros/humble /usr/bin/cmake /home/aitthikit/Documents/GitHub/EXAM1_WS/src/taohunza -DCMAKE_INSTALL_PREFIX=/home/aitthikit/Documents/GitHub/EXAM1_WS/src/install/taohunza
[1.403s] Invoking command in '/home/aitthikit/Documents/GitHub/EXAM1_WS/src/build/taohunza': CMAKE_PREFIX_PATH=${CMAKE_PREFIX_PATH}:/home/aitthikit/Memekhos_ws/install/launch_testing_examples:/home/aitthikit/Memekhos_ws/install/examples_rclpy_pointcloud_publisher:/home/aitthikit/Memekhos_ws/install/examples_rclpy_minimal_subscriber:/home/aitthikit/Memekhos_ws/install/examples_rclpy_minimal_service:/home/aitthikit/Memekhos_ws/install/examples_rclpy_minimal_publisher:/home/aitthikit/Memekhos_ws/install/examples_rclpy_minimal_client:/home/aitthikit/Memekhos_ws/install/examples_rclpy_minimal_action_server:/home/aitthikit/Memekhos_ws/install/examples_rclpy_minimal_action_client:/home/aitthikit/Memekhos_ws/install/examples_rclpy_guard_conditions:/home/aitthikit/Memekhos_ws/install/examples_rclpy_executors:/opt/ros/humble /usr/bin/cmake --build /home/aitthikit/Documents/GitHub/EXAM1_WS/src/build/taohunza -- -j12 -l12
[1.452s] [ 50%] [32mBuilding CXX object CMakeFiles/cpp_node_test.dir/src/cpp_node.cpp.o[0m
[1.460s] [ 50%] Built target ament_cmake_python_copy_taohunza
[1.701s] [100%] [32m[1mLinking CXX executable cpp_node_test[0m
[1.707s] running egg_info
[1.708s] creating taohunza.egg-info
[1.708s] writing taohunza.egg-info/PKG-INFO
[1.708s] writing dependency_links to taohunza.egg-info/dependency_links.txt
[1.708s] writing top-level names to taohunza.egg-info/top_level.txt
[1.708s] writing manifest file 'taohunza.egg-info/SOURCES.txt'
[1.710s] reading manifest file 'taohunza.egg-info/SOURCES.txt'
[1.710s] writing manifest file 'taohunza.egg-info/SOURCES.txt'
[1.734s] [100%] Built target ament_cmake_python_build_taohunza_egg
[1.792s] [100%] Built target cpp_node_test
[1.802s] Invoked command in '/home/aitthikit/Documents/GitHub/EXAM1_WS/src/build/taohunza' returned '0': CMAKE_PREFIX_PATH=${CMAKE_PREFIX_PATH}:/home/aitthikit/Memekhos_ws/install/launch_testing_examples:/home/aitthikit/Memekhos_ws/install/examples_rclpy_pointcloud_publisher:/home/aitthikit/Memekhos_ws/install/examples_rclpy_minimal_subscriber:/home/aitthikit/Memekhos_ws/install/examples_rclpy_minimal_service:/home/aitthikit/Memekhos_ws/install/examples_rclpy_minimal_publisher:/home/aitthikit/Memekhos_ws/install/examples_rclpy_minimal_client:/home/aitthikit/Memekhos_ws/install/examples_rclpy_minimal_action_server:/home/aitthikit/Memekhos_ws/install/examples_rclpy_minimal_action_client:/home/aitthikit/Memekhos_ws/install/examples_rclpy_guard_conditions:/home/aitthikit/Memekhos_ws/install/examples_rclpy_executors:/opt/ros/humble /usr/bin/cmake --build /home/aitthikit/Documents/GitHub/EXAM1_WS/src/build/taohunza -- -j12 -l12
[1.839s] Invoking command in '/home/aitthikit/Documents/GitHub/EXAM1_WS/src/build/taohunza': CMAKE_PREFIX_PATH=${CMAKE_PREFIX_PATH}:/home/aitthikit/Memekhos_ws/install/launch_testing_examples:/home/aitthikit/Memekhos_ws/install/examples_rclpy_pointcloud_publisher:/home/aitthikit/Memekhos_ws/install/examples_rclpy_minimal_subscriber:/home/aitthikit/Memekhos_ws/install/examples_rclpy_minimal_service:/home/aitthikit/Memekhos_ws/install/examples_rclpy_minimal_publisher:/home/aitthikit/Memekhos_ws/install/examples_rclpy_minimal_client:/home/aitthikit/Memekhos_ws/install/examples_rclpy_minimal_action_server:/home/aitthikit/Memekhos_ws/install/examples_rclpy_minimal_action_client:/home/aitthikit/Memekhos_ws/install/examples_rclpy_guard_conditions:/home/aitthikit/Memekhos_ws/install/examples_rclpy_executors:/opt/ros/humble /usr/bin/cmake --install /home/aitthikit/Documents/GitHub/EXAM1_WS/src/build/taohunza
[1.847s] -- Install configuration: ""
[1.847s] -- Installing: /home/aitthikit/Documents/GitHub/EXAM1_WS/src/install/taohunza/share/taohunza/environment/pythonpath.sh
[1.847s] -- Installing: /home/aitthikit/Documents/GitHub/EXAM1_WS/src/install/taohunza/share/taohunza/environment/pythonpath.dsv
[1.847s] -- Installing: /home/aitthikit/Documents/GitHub/EXAM1_WS/src/install/taohunza/local/lib/python3.10/dist-packages/taohunza-0.0.0-py3.10.egg-info
[1.847s] -- Installing: /home/aitthikit/Documents/GitHub/EXAM1_WS/src/install/taohunza/local/lib/python3.10/dist-packages/taohunza-0.0.0-py3.10.egg-info/dependency_links.txt
[1.847s] -- Installing: /home/aitthikit/Documents/GitHub/EXAM1_WS/src/install/taohunza/local/lib/python3.10/dist-packages/taohunza-0.0.0-py3.10.egg-info/SOURCES.txt
[1.848s] -- Installing: /home/aitthikit/Documents/GitHub/EXAM1_WS/src/install/taohunza/local/lib/python3.10/dist-packages/taohunza-0.0.0-py3.10.egg-info/top_level.txt
[1.848s] -- Installing: /home/aitthikit/Documents/GitHub/EXAM1_WS/src/install/taohunza/local/lib/python3.10/dist-packages/taohunza-0.0.0-py3.10.egg-info/PKG-INFO
[1.848s] -- Installing: /home/aitthikit/Documents/GitHub/EXAM1_WS/src/install/taohunza/local/lib/python3.10/dist-packages/taohunza
[1.848s] -- Installing: /home/aitthikit/Documents/GitHub/EXAM1_WS/src/install/taohunza/local/lib/python3.10/dist-packages/taohunza/__init__.py
[1.848s] -- Installing: /home/aitthikit/Documents/GitHub/EXAM1_WS/src/install/taohunza/local/lib/python3.10/dist-packages/taohunza/dummy_module.py
[1.885s] Listing '/home/aitthikit/Documents/GitHub/EXAM1_WS/src/install/taohunza/local/lib/python3.10/dist-packages/taohunza'...
[1.885s] Compiling '/home/aitthikit/Documents/GitHub/EXAM1_WS/src/install/taohunza/local/lib/python3.10/dist-packages/taohunza/__init__.py'...
[1.885s] Compiling '/home/aitthikit/Documents/GitHub/EXAM1_WS/src/install/taohunza/local/lib/python3.10/dist-packages/taohunza/dummy_module.py'...
[1.889s] -- Installing: /home/aitthikit/Documents/GitHub/EXAM1_WS/src/install/taohunza/lib/taohunza/dummy_script.py
[1.889s] -- Installing: /home/aitthikit/Documents/GitHub/EXAM1_WS/src/install/taohunza/lib/taohunza/cpp_node_test
[1.889s] -- Set runtime path of "/home/aitthikit/Documents/GitHub/EXAM1_WS/src/install/taohunza/lib/taohunza/cpp_node_test" to ""
[1.889s] -- Up-to-date: /home/aitthikit/Documents/GitHub/EXAM1_WS/src/install/taohunza/share/taohunza
[1.890s] -- Installing: /home/aitthikit/Documents/GitHub/EXAM1_WS/src/install/taohunza/share/ament_index/resource_index/package_run_dependencies/taohunza
[1.890s] -- Installing: /home/aitthikit/Documents/GitHub/EXAM1_WS/src/install/taohunza/share/ament_index/resource_index/parent_prefix_path/taohunza
[1.890s] -- Installing: /home/aitthikit/Documents/GitHub/EXAM1_WS/src/install/taohunza/share/taohunza/environment/ament_prefix_path.sh
[1.890s] -- Installing: /home/aitthikit/Documents/GitHub/EXAM1_WS/src/install/taohunza/share/taohunza/environment/ament_prefix_path.dsv
[1.890s] -- Installing: /home/aitthikit/Documents/GitHub/EXAM1_WS/src/install/taohunza/share/taohunza/environment/path.sh
[1.890s] -- Installing: /home/aitthikit/Documents/GitHub/EXAM1_WS/src/install/taohunza/share/taohunza/environment/path.dsv
[1.890s] -- Installing: /home/aitthikit/Documents/GitHub/EXAM1_WS/src/install/taohunza/share/taohunza/local_setup.bash
[1.890s] -- Installing: /home/aitthikit/Documents/GitHub/EXAM1_WS/src/install/taohunza/share/taohunza/local_setup.sh
[1.890s] -- Installing: /home/aitthikit/Documents/GitHub/EXAM1_WS/src/install/taohunza/share/taohunza/local_setup.zsh
[1.891s] -- Installing: /home/aitthikit/Documents/GitHub/EXAM1_WS/src/install/taohunza/share/taohunza/local_setup.dsv
[1.891s] -- Installing: /home/aitthikit/Documents/GitHub/EXAM1_WS/src/install/taohunza/share/taohunza/package.dsv
[1.891s] -- Installing: /home/aitthikit/Documents/GitHub/EXAM1_WS/src/install/taohunza/share/ament_index/resource_index/packages/taohunza
[1.891s] -- Installing: /home/aitthikit/Documents/GitHub/EXAM1_WS/src/install/taohunza/share/taohunza/cmake/taohunzaConfig.cmake
[1.891s] -- Installing: /home/aitthikit/Documents/GitHub/EXAM1_WS/src/install/taohunza/share/taohunza/cmake/taohunzaConfig-version.cmake
[1.892s] -- Installing: /home/aitthikit/Documents/GitHub/EXAM1_WS/src/install/taohunza/share/taohunza/package.xml
[1.894s] Invoked command in '/home/aitthikit/Documents/GitHub/EXAM1_WS/src/build/taohunza' returned '0': CMAKE_PREFIX_PATH=${CMAKE_PREFIX_PATH}:/home/aitthikit/Memekhos_ws/install/launch_testing_examples:/home/aitthikit/Memekhos_ws/install/examples_rclpy_pointcloud_publisher:/home/aitthikit/Memekhos_ws/install/examples_rclpy_minimal_subscriber:/home/aitthikit/Memekhos_ws/install/examples_rclpy_minimal_service:/home/aitthikit/Memekhos_ws/install/examples_rclpy_minimal_publisher:/home/aitthikit/Memekhos_ws/install/examples_rclpy_minimal_client:/home/aitthikit/Memekhos_ws/install/examples_rclpy_minimal_action_server:/home/aitthikit/Memekhos_ws/install/examples_rclpy_minimal_action_client:/home/aitthikit/Memekhos_ws/install/examples_rclpy_guard_conditions:/home/aitthikit/Memekhos_ws/install/examples_rclpy_executors:/opt/ros/humble /usr/bin/cmake --install /home/aitthikit/Documents/GitHub/EXAM1_WS/src/build/taohunza
