[0.016s] Invoking command in '/home/aitthikit/Documents/GitHub/EXAM1_WS/build/taohunza': CMAKE_PREFIX_PATH=${CMAKE_PREFIX_PATH}:/home/aitthikit/Memekhos_ws/install/launch_testing_examples:/home/aitthikit/Memekhos_ws/install/examples_rclpy_pointcloud_publisher:/home/aitthikit/Memekhos_ws/install/examples_rclpy_minimal_subscriber:/home/aitthikit/Memekhos_ws/install/examples_rclpy_minimal_service:/home/aitthikit/Memekhos_ws/install/examples_rclpy_minimal_publisher:/home/aitthikit/Memekhos_ws/install/examples_rclpy_minimal_client:/home/aitthikit/Memekhos_ws/install/examples_rclpy_minimal_action_server:/home/aitthikit/Memekhos_ws/install/examples_rclpy_minimal_action_client:/home/aitthikit/Memekhos_ws/install/examples_rclpy_guard_conditions:/home/aitthikit/Memekhos_ws/install/examples_rclpy_executors:/opt/ros/humble /usr/bin/cmake --build /home/aitthikit/Documents/GitHub/EXAM1_WS/build/taohunza -- -j12 -l12
[0.069s] [100%] Built target cpp_node_test
[0.077s] [100%] Built target ament_cmake_python_copy_taohunza
[0.328s] running egg_info
[0.329s] writing taohunza.egg-info/PKG-INFO
[0.329s] writing dependency_links to taohunza.egg-info/dependency_links.txt
[0.329s] writing top-level names to taohunza.egg-info/top_level.txt
[0.331s] reading manifest file 'taohunza.egg-info/SOURCES.txt'
[0.331s] writing manifest file 'taohunza.egg-info/SOURCES.txt'
[0.360s] [100%] Built target ament_cmake_python_build_taohunza_egg
[0.371s] Invoked command in '/home/aitthikit/Documents/GitHub/EXAM1_WS/build/taohunza' returned '0': CMAKE_PREFIX_PATH=${CMAKE_PREFIX_PATH}:/home/aitthikit/Memekhos_ws/install/launch_testing_examples:/home/aitthikit/Memekhos_ws/install/examples_rclpy_pointcloud_publisher:/home/aitthikit/Memekhos_ws/install/examples_rclpy_minimal_subscriber:/home/aitthikit/Memekhos_ws/install/examples_rclpy_minimal_service:/home/aitthikit/Memekhos_ws/install/examples_rclpy_minimal_publisher:/home/aitthikit/Memekhos_ws/install/examples_rclpy_minimal_client:/home/aitthikit/Memekhos_ws/install/examples_rclpy_minimal_action_server:/home/aitthikit/Memekhos_ws/install/examples_rclpy_minimal_action_client:/home/aitthikit/Memekhos_ws/install/examples_rclpy_guard_conditions:/home/aitthikit/Memekhos_ws/install/examples_rclpy_executors:/opt/ros/humble /usr/bin/cmake --build /home/aitthikit/Documents/GitHub/EXAM1_WS/build/taohunza -- -j12 -l12
[0.410s] Invoking command in '/home/aitthikit/Documents/GitHub/EXAM1_WS/build/taohunza': CMAKE_PREFIX_PATH=${CMAKE_PREFIX_PATH}:/home/aitthikit/Memekhos_ws/install/launch_testing_examples:/home/aitthikit/Memekhos_ws/install/examples_rclpy_pointcloud_publisher:/home/aitthikit/Memekhos_ws/install/examples_rclpy_minimal_subscriber:/home/aitthikit/Memekhos_ws/install/examples_rclpy_minimal_service:/home/aitthikit/Memekhos_ws/install/examples_rclpy_minimal_publisher:/home/aitthikit/Memekhos_ws/install/examples_rclpy_minimal_client:/home/aitthikit/Memekhos_ws/install/examples_rclpy_minimal_action_server:/home/aitthikit/Memekhos_ws/install/examples_rclpy_minimal_action_client:/home/aitthikit/Memekhos_ws/install/examples_rclpy_guard_conditions:/home/aitthikit/Memekhos_ws/install/examples_rclpy_executors:/opt/ros/humble /usr/bin/cmake --install /home/aitthikit/Documents/GitHub/EXAM1_WS/build/taohunza
[0.418s] -- Install configuration: ""
[0.419s] -- Up-to-date: /home/aitthikit/Documents/GitHub/EXAM1_WS/install/taohunza/share/taohunza/environment/pythonpath.sh
[0.419s] -- Up-to-date: /home/aitthikit/Documents/GitHub/EXAM1_WS/install/taohunza/share/taohunza/environment/pythonpath.dsv
[0.419s] -- Up-to-date: /home/aitthikit/Documents/GitHub/EXAM1_WS/install/taohunza/local/lib/python3.10/dist-packages/taohunza-0.0.0-py3.10.egg-info
[0.419s] -- Installing: /home/aitthikit/Documents/GitHub/EXAM1_WS/install/taohunza/local/lib/python3.10/dist-packages/taohunza-0.0.0-py3.10.egg-info/dependency_links.txt
[0.419s] -- Installing: /home/aitthikit/Documents/GitHub/EXAM1_WS/install/taohunza/local/lib/python3.10/dist-packages/taohunza-0.0.0-py3.10.egg-info/SOURCES.txt
[0.419s] -- Installing: /home/aitthikit/Documents/GitHub/EXAM1_WS/install/taohunza/local/lib/python3.10/dist-packages/taohunza-0.0.0-py3.10.egg-info/top_level.txt
[0.419s] -- Installing: /home/aitthikit/Documents/GitHub/EXAM1_WS/install/taohunza/local/lib/python3.10/dist-packages/taohunza-0.0.0-py3.10.egg-info/PKG-INFO
[0.419s] -- Up-to-date: /home/aitthikit/Documents/GitHub/EXAM1_WS/install/taohunza/local/lib/python3.10/dist-packages/taohunza
[0.419s] -- Up-to-date: /home/aitthikit/Documents/GitHub/EXAM1_WS/install/taohunza/local/lib/python3.10/dist-packages/taohunza/__init__.py
[0.420s] -- Up-to-date: /home/aitthikit/Documents/GitHub/EXAM1_WS/install/taohunza/local/lib/python3.10/dist-packages/taohunza/dummy_module.py
[0.460s] Listing '/home/aitthikit/Documents/GitHub/EXAM1_WS/install/taohunza/local/lib/python3.10/dist-packages/taohunza'...
[0.464s] -- Up-to-date: /home/aitthikit/Documents/GitHub/EXAM1_WS/install/taohunza/lib/taohunza/dummy_script.py
[0.464s] -- Up-to-date: /home/aitthikit/Documents/GitHub/EXAM1_WS/install/taohunza/lib/taohunza/cpp_node_test
[0.464s] -- Up-to-date: /home/aitthikit/Documents/GitHub/EXAM1_WS/install/taohunza/share/taohunza
[0.464s] -- Up-to-date: /home/aitthikit/Documents/GitHub/EXAM1_WS/install/taohunza/share/ament_index/resource_index/package_run_dependencies/taohunza
[0.465s] -- Up-to-date: /home/aitthikit/Documents/GitHub/EXAM1_WS/install/taohunza/share/ament_index/resource_index/parent_prefix_path/taohunza
[0.465s] -- Up-to-date: /home/aitthikit/Documents/GitHub/EXAM1_WS/install/taohunza/share/taohunza/environment/ament_prefix_path.sh
[0.465s] -- Up-to-date: /home/aitthikit/Documents/GitHub/EXAM1_WS/install/taohunza/share/taohunza/environment/ament_prefix_path.dsv
[0.465s] -- Up-to-date: /home/aitthikit/Documents/GitHub/EXAM1_WS/install/taohunza/share/taohunza/environment/path.sh
[0.465s] -- Up-to-date: /home/aitthikit/Documents/GitHub/EXAM1_WS/install/taohunza/share/taohunza/environment/path.dsv
[0.465s] -- Up-to-date: /home/aitthikit/Documents/GitHub/EXAM1_WS/install/taohunza/share/taohunza/local_setup.bash
[0.465s] -- Up-to-date: /home/aitthikit/Documents/GitHub/EXAM1_WS/install/taohunza/share/taohunza/local_setup.sh
[0.465s] -- Up-to-date: /home/aitthikit/Documents/GitHub/EXAM1_WS/install/taohunza/share/taohunza/local_setup.zsh
[0.465s] -- Up-to-date: /home/aitthikit/Documents/GitHub/EXAM1_WS/install/taohunza/share/taohunza/local_setup.dsv
[0.465s] -- Installing: /home/aitthikit/Documents/GitHub/EXAM1_WS/install/taohunza/share/taohunza/package.dsv
[0.465s] -- Up-to-date: /home/aitthikit/Documents/GitHub/EXAM1_WS/install/taohunza/share/ament_index/resource_index/packages/taohunza
[0.465s] -- Up-to-date: /home/aitthikit/Documents/GitHub/EXAM1_WS/install/taohunza/share/taohunza/cmake/taohunzaConfig.cmake
[0.466s] -- Up-to-date: /home/aitthikit/Documents/GitHub/EXAM1_WS/install/taohunza/share/taohunza/cmake/taohunzaConfig-version.cmake
[0.466s] -- Up-to-date: /home/aitthikit/Documents/GitHub/EXAM1_WS/install/taohunza/share/taohunza/package.xml
[0.467s] Invoked command in '/home/aitthikit/Documents/GitHub/EXAM1_WS/build/taohunza' returned '0': CMAKE_PREFIX_PATH=${CMAKE_PREFIX_PATH}:/home/aitthikit/Memekhos_ws/install/launch_testing_examples:/home/aitthikit/Memekhos_ws/install/examples_rclpy_pointcloud_publisher:/home/aitthikit/Memekhos_ws/install/examples_rclpy_minimal_subscriber:/home/aitthikit/Memekhos_ws/install/examples_rclpy_minimal_service:/home/aitthikit/Memekhos_ws/install/examples_rclpy_minimal_publisher:/home/aitthikit/Memekhos_ws/install/examples_rclpy_minimal_client:/home/aitthikit/Memekhos_ws/install/examples_rclpy_minimal_action_server:/home/aitthikit/Memekhos_ws/install/examples_rclpy_minimal_action_client:/home/aitthikit/Memekhos_ws/install/examples_rclpy_guard_conditions:/home/aitthikit/Memekhos_ws/install/examples_rclpy_executors:/opt/ros/humble /usr/bin/cmake --install /home/aitthikit/Documents/GitHub/EXAM1_WS/build/taohunza
