[100%] Built target cpp_node_test
[100%] Built target ament_cmake_python_copy_taohunza
running egg_info
writing taohunza.egg-info/PKG-INFO
writing dependency_links to taohunza.egg-info/dependency_links.txt
writing top-level names to taohunza.egg-info/top_level.txt
reading manifest file 'taohunza.egg-info/SOURCES.txt'
writing manifest file 'taohunza.egg-info/SOURCES.txt'
[100%] Built target ament_cmake_python_build_taohunza_egg
-- Install configuration: ""
-- Up-to-date: /home/aitthikit/Documents/GitHub/EXAM1_WS/install/taohunza/share/taohunza/environment/pythonpath.sh
-- Up-to-date: /home/aitthikit/Documents/GitHub/EXAM1_WS/install/taohunza/share/taohunza/environment/pythonpath.dsv
-- Up-to-date: /home/aitthikit/Documents/GitHub/EXAM1_WS/install/taohunza/local/lib/python3.10/dist-packages/taohunza-0.0.0-py3.10.egg-info
-- Installing: /home/aitthikit/Documents/GitHub/EXAM1_WS/install/taohunza/local/lib/python3.10/dist-packages/taohunza-0.0.0-py3.10.egg-info/dependency_links.txt
-- Installing: /home/aitthikit/Documents/GitHub/EXAM1_WS/install/taohunza/local/lib/python3.10/dist-packages/taohunza-0.0.0-py3.10.egg-info/SOURCES.txt
-- Installing: /home/aitthikit/Documents/GitHub/EXAM1_WS/install/taohunza/local/lib/python3.10/dist-packages/taohunza-0.0.0-py3.10.egg-info/top_level.txt
-- Installing: /home/aitthikit/Documents/GitHub/EXAM1_WS/install/taohunza/local/lib/python3.10/dist-packages/taohunza-0.0.0-py3.10.egg-info/PKG-INFO
-- Up-to-date: /home/aitthikit/Documents/GitHub/EXAM1_WS/install/taohunza/local/lib/python3.10/dist-packages/taohunza
-- Up-to-date: /home/aitthikit/Documents/GitHub/EXAM1_WS/install/taohunza/local/lib/python3.10/dist-packages/taohunza/__init__.py
-- Up-to-date: /home/aitthikit/Documents/GitHub/EXAM1_WS/install/taohunza/local/lib/python3.10/dist-packages/taohunza/dummy_module.py
Listing '/home/aitthikit/Documents/GitHub/EXAM1_WS/install/taohunza/local/lib/python3.10/dist-packages/taohunza'...
-- Up-to-date: /home/aitthikit/Documents/GitHub/EXAM1_WS/install/taohunza/lib/taohunza/dummy_script.py
-- Installing: /home/aitthikit/Documents/GitHub/EXAM1_WS/install/taohunza/lib/taohunza/turtle_teleop_node.py
-- Up-to-date: /home/aitthikit/Documents/GitHub/EXAM1_WS/install/taohunza/lib/taohunza/cpp_node_test
-- Up-to-date: /home/aitthikit/Documents/GitHub/EXAM1_WS/install/taohunza/share/taohunza
-- Up-to-date: /home/aitthikit/Documents/GitHub/EXAM1_WS/install/taohunza/share/ament_index/resource_index/package_run_dependencies/taohunza
-- Up-to-date: /home/aitthikit/Documents/GitHub/EXAM1_WS/install/taohunza/share/ament_index/resource_index/parent_prefix_path/taohunza
-- Up-to-date: /home/aitthikit/Documents/GitHub/EXAM1_WS/install/taohunza/share/taohunza/environment/ament_prefix_path.sh
-- Up-to-date: /home/aitthikit/Documents/GitHub/EXAM1_WS/install/taohunza/share/taohunza/environment/ament_prefix_path.dsv
-- Up-to-date: /home/aitthikit/Documents/GitHub/EXAM1_WS/install/taohunza/share/taohunza/environment/path.sh
-- Up-to-date: /home/aitthikit/Documents/GitHub/EXAM1_WS/install/taohunza/share/taohunza/environment/path.dsv
-- Up-to-date: /home/aitthikit/Documents/GitHub/EXAM1_WS/install/taohunza/share/taohunza/local_setup.bash
-- Up-to-date: /home/aitthikit/Documents/GitHub/EXAM1_WS/install/taohunza/share/taohunza/local_setup.sh
-- Up-to-date: /home/aitthikit/Documents/GitHub/EXAM1_WS/install/taohunza/share/taohunza/local_setup.zsh
-- Up-to-date: /home/aitthikit/Documents/GitHub/EXAM1_WS/install/taohunza/share/taohunza/local_setup.dsv
-- Up-to-date: /home/aitthikit/Documents/GitHub/EXAM1_WS/install/taohunza/share/taohunza/package.dsv
-- Up-to-date: /home/aitthikit/Documents/GitHub/EXAM1_WS/install/taohunza/share/ament_index/resource_index/packages/taohunza
-- Up-to-date: /home/aitthikit/Documents/GitHub/EXAM1_WS/install/taohunza/share/taohunza/cmake/taohunzaConfig.cmake
-- Up-to-date: /home/aitthikit/Documents/GitHub/EXAM1_WS/install/taohunza/share/taohunza/cmake/taohunzaConfig-version.cmake
-- Up-to-date: /home/aitthikit/Documents/GitHub/EXAM1_WS/install/taohunza/share/taohunza/package.xml
