-- Found ament_cmake: 1.3.10 (/opt/ros/humble/share/ament_cmake/cmake)
-- Found geometry_msgs: 4.2.4 (/opt/ros/humble/share/geometry_msgs/cmake)
-- Found rosidl_generator_c: 3.1.5 (/opt/ros/humble/share/rosidl_generator_c/cmake)
-- Found rosidl_adapter: 3.1.5 (/opt/ros/humble/share/rosidl_adapter/cmake)
-- Found rosidl_generator_cpp: 3.1.5 (/opt/ros/humble/share/rosidl_generator_cpp/cmake)
-- Using all available rosidl_typesupport_c: rosidl_typesupport_fastrtps_c;rosidl_typesupport_introspection_c
-- Using all available rosidl_typesupport_cpp: rosidl_typesupport_fastrtps_cpp;rosidl_typesupport_introspection_cpp
-- Found rosidl_default_generators: 1.2.0 (/opt/ros/humble/share/rosidl_default_generators/cmake)
-- Found ament_lint_auto: 0.12.11 (/opt/ros/humble/share/ament_lint_auto/cmake)
-- Found ament_cmake_ros: 0.10.0 (/opt/ros/humble/share/ament_cmake_ros/cmake)
-- Using all available rosidl_typesupport_c: rosidl_typesupport_fastrtps_c;rosidl_typesupport_introspection_c
-- Using all available rosidl_typesupport_cpp: rosidl_typesupport_fastrtps_cpp;rosidl_typesupport_introspection_cpp
-- Found python_cmake_module: 0.10.0 (/opt/ros/humble/share/python_cmake_module/cmake)
-- Using PYTHON_EXECUTABLE: /usr/bin/python3
-- Using PYTHON_INCLUDE_DIRS: /usr/include/python3.10
-- Using PYTHON_LIBRARIES: /usr/lib/x86_64-linux-gnu/libpython3.10.so
-- Added test 'lint_cmake' to check CMake code style
-- Added test 'xmllint' to check XML markup files
-- Configuring done
-- Generating done
-- Build files have been written to: /home/aitthikit/Documents/GitHub/EXAM1_WS/build/turtle_interfaces
[  3%] [34m[1mGenerating C code for ROS interfaces[0m
[  6%] [34m[1mGenerating C++ code for ROS interfaces[0m
[  6%] Built target ament_cmake_python_copy_turtle_interfaces
[35m[1mConsolidate compiler generated dependencies of target turtle_interfaces__rosidl_generator_c[0m
[  6%] Built target turtle_interfaces__cpp
[  9%] [32mBuilding C object CMakeFiles/turtle_interfaces__rosidl_generator_c.dir/rosidl_generator_c/turtle_interfaces/srv/detail/pizza__functions.c.o[0m
running egg_info
writing turtle_interfaces.egg-info/PKG-INFO
writing dependency_links to turtle_interfaces.egg-info/dependency_links.txt
writing top-level names to turtle_interfaces.egg-info/top_level.txt
[ 12%] [34m[1mGenerating C++ introspection for ROS interfaces[0m
[ 16%] [34m[1mGenerating C++ type support for eProsima Fast-RTPS[0m
[ 19%] [34m[1mGenerating C++ type support dispatch for ROS interfaces[0m
reading manifest file 'turtle_interfaces.egg-info/SOURCES.txt'
writing manifest file 'turtle_interfaces.egg-info/SOURCES.txt'
[ 19%] Built target ament_cmake_python_build_turtle_interfaces_egg
[ 22%] [32m[1mLinking C shared library libturtle_interfaces__rosidl_generator_c.so[0m
[ 22%] Built target turtle_interfaces__rosidl_generator_c
[ 32%] [34m[1mGenerating C type support for eProsima Fast-RTPS[0m
[ 32%] [34m[1mGenerating C introspection for ROS interfaces[0m
[ 32%] [34m[1mGenerating C type support dispatch for ROS interfaces[0m
[35m[1mConsolidate compiler generated dependencies of target turtle_interfaces__rosidl_typesupport_cpp[0m
[ 35%] [32mBuilding CXX object CMakeFiles/turtle_interfaces__rosidl_typesupport_cpp.dir/rosidl_typesupport_cpp/turtle_interfaces/srv/pizza__type_support.cpp.o[0m
[35m[1mConsolidate compiler generated dependencies of target turtle_interfaces__rosidl_typesupport_introspection_cpp[0m
[ 38%] [32mBuilding CXX object CMakeFiles/turtle_interfaces__rosidl_typesupport_introspection_cpp.dir/rosidl_typesupport_introspection_cpp/turtle_interfaces/srv/detail/pizza__type_support.cpp.o[0m
[35m[1mConsolidate compiler generated dependencies of target turtle_interfaces__rosidl_typesupport_fastrtps_cpp[0m
[ 41%] [32mBuilding CXX object CMakeFiles/turtle_interfaces__rosidl_typesupport_fastrtps_cpp.dir/rosidl_typesupport_fastrtps_cpp/turtle_interfaces/srv/detail/dds_fastrtps/pizza__type_support.cpp.o[0m
[35m[1mConsolidate compiler generated dependencies of target turtle_interfaces__rosidl_typesupport_c[0m
[ 45%] [32mBuilding CXX object CMakeFiles/turtle_interfaces__rosidl_typesupport_c.dir/rosidl_typesupport_c/turtle_interfaces/srv/pizza__type_support.cpp.o[0m
[35m[1mConsolidate compiler generated dependencies of target turtle_interfaces__rosidl_typesupport_introspection_c[0m
[35m[1mConsolidate compiler generated dependencies of target turtle_interfaces__rosidl_typesupport_fastrtps_c[0m
[ 48%] [32m[1mLinking CXX shared library libturtle_interfaces__rosidl_typesupport_c.so[0m
[ 51%] [32mBuilding C object CMakeFiles/turtle_interfaces__rosidl_typesupport_introspection_c.dir/rosidl_typesupport_introspection_c/turtle_interfaces/srv/detail/pizza__type_support.c.o[0m
[ 54%] [32mBuilding CXX object CMakeFiles/turtle_interfaces__rosidl_typesupport_fastrtps_c.dir/rosidl_typesupport_fastrtps_c/turtle_interfaces/srv/detail/pizza__type_support_c.cpp.o[0m
[ 58%] [32m[1mLinking C shared library libturtle_interfaces__rosidl_typesupport_introspection_c.so[0m
[ 58%] Built target turtle_interfaces__rosidl_typesupport_c
[ 58%] Built target turtle_interfaces__rosidl_typesupport_introspection_c
[ 61%] [32m[1mLinking CXX shared library libturtle_interfaces__rosidl_typesupport_cpp.so[0m
[ 61%] Built target turtle_interfaces__rosidl_typesupport_cpp
[ 64%] [32m[1mLinking CXX shared library libturtle_interfaces__rosidl_typesupport_introspection_cpp.so[0m
[ 67%] [32m[1mLinking CXX shared library libturtle_interfaces__rosidl_typesupport_fastrtps_cpp.so[0m
[ 67%] Built target turtle_interfaces__rosidl_typesupport_introspection_cpp
[ 70%] [32m[1mLinking CXX shared library libturtle_interfaces__rosidl_typesupport_fastrtps_c.so[0m
[ 70%] Built target turtle_interfaces__rosidl_typesupport_fastrtps_cpp
[ 70%] Built target turtle_interfaces__rosidl_typesupport_fastrtps_c
[ 70%] Built target turtle_interfaces
[ 74%] [34m[1mGenerating Python code for ROS interfaces[0m
[ 74%] Built target turtle_interfaces__py
[35m[1mConsolidate compiler generated dependencies of target turtle_interfaces__rosidl_generator_py[0m
[ 77%] [32mBuilding C object CMakeFiles/turtle_interfaces__rosidl_generator_py.dir/rosidl_generator_py/turtle_interfaces/srv/_pizza_s.c.o[0m
[ 80%] [32m[1mLinking C shared library rosidl_generator_py/turtle_interfaces/libturtle_interfaces__rosidl_generator_py.so[0m
[ 80%] Built target turtle_interfaces__rosidl_generator_py
[35m[1mConsolidate compiler generated dependencies of target turtle_interfaces__rosidl_typesupport_fastrtps_c__pyext[0m
[35m[1mConsolidate compiler generated dependencies of target turtle_interfaces__rosidl_typesupport_introspection_c__pyext[0m
[35m[1mConsolidate compiler generated dependencies of target turtle_interfaces__rosidl_typesupport_c__pyext[0m
[ 90%] [32mBuilding C object CMakeFiles/turtle_interfaces__rosidl_typesupport_c__pyext.dir/rosidl_generator_py/turtle_interfaces/_turtle_interfaces_s.ep.rosidl_typesupport_c.c.o[0m
[ 90%] [32mBuilding C object CMakeFiles/turtle_interfaces__rosidl_typesupport_introspection_c__pyext.dir/rosidl_generator_py/turtle_interfaces/_turtle_interfaces_s.ep.rosidl_typesupport_introspection_c.c.o[0m
[ 90%] [32mBuilding C object CMakeFiles/turtle_interfaces__rosidl_typesupport_fastrtps_c__pyext.dir/rosidl_generator_py/turtle_interfaces/_turtle_interfaces_s.ep.rosidl_typesupport_fastrtps_c.c.o[0m
[100%] [32m[1mLinking C shared library rosidl_generator_py/turtle_interfaces/turtle_interfaces_s__rosidl_typesupport_c.cpython-310-x86_64-linux-gnu.so[0m
[100%] [32m[1mLinking C shared library rosidl_generator_py/turtle_interfaces/turtle_interfaces_s__rosidl_typesupport_introspection_c.cpython-310-x86_64-linux-gnu.so[0m
[100%] [32m[1mLinking C shared library rosidl_generator_py/turtle_interfaces/turtle_interfaces_s__rosidl_typesupport_fastrtps_c.cpython-310-x86_64-linux-gnu.so[0m
[100%] Built target turtle_interfaces__rosidl_typesupport_fastrtps_c__pyext
[100%] Built target turtle_interfaces__rosidl_typesupport_introspection_c__pyext
[100%] Built target turtle_interfaces__rosidl_typesupport_c__pyext
-- Install configuration: ""
-- Up-to-date: /home/aitthikit/Documents/GitHub/EXAM1_WS/install/turtle_interfaces/share/ament_index/resource_index/rosidl_interfaces/turtle_interfaces
-- Up-to-date: /home/aitthikit/Documents/GitHub/EXAM1_WS/install/turtle_interfaces/include/turtle_interfaces/turtle_interfaces
-- Up-to-date: /home/aitthikit/Documents/GitHub/EXAM1_WS/install/turtle_interfaces/include/turtle_interfaces/turtle_interfaces/srv
-- Up-to-date: /home/aitthikit/Documents/GitHub/EXAM1_WS/install/turtle_interfaces/include/turtle_interfaces/turtle_interfaces/srv/detail
-- Installing: /home/aitthikit/Documents/GitHub/EXAM1_WS/install/turtle_interfaces/include/turtle_interfaces/turtle_interfaces/srv/detail/pizza__struct.h
-- Installing: /home/aitthikit/Documents/GitHub/EXAM1_WS/install/turtle_interfaces/include/turtle_interfaces/turtle_interfaces/srv/detail/pizza__type_support.h
-- Installing: /home/aitthikit/Documents/GitHub/EXAM1_WS/install/turtle_interfaces/include/turtle_interfaces/turtle_interfaces/srv/detail/pizza__functions.h
-- Installing: /home/aitthikit/Documents/GitHub/EXAM1_WS/install/turtle_interfaces/include/turtle_interfaces/turtle_interfaces/srv/detail/pizza__functions.c
-- Installing: /home/aitthikit/Documents/GitHub/EXAM1_WS/install/turtle_interfaces/include/turtle_interfaces/turtle_interfaces/srv/pizza.h
-- Up-to-date: /home/aitthikit/Documents/GitHub/EXAM1_WS/install/turtle_interfaces/include/turtle_interfaces/turtle_interfaces/msg
-- Up-to-date: /home/aitthikit/Documents/GitHub/EXAM1_WS/install/turtle_interfaces/include/turtle_interfaces/turtle_interfaces/msg/rosidl_generator_c__visibility_control.h
-- Up-to-date: /home/aitthikit/Documents/GitHub/EXAM1_WS/install/turtle_interfaces/share/turtle_interfaces/environment/library_path.sh
-- Installing: /home/aitthikit/Documents/GitHub/EXAM1_WS/install/turtle_interfaces/share/turtle_interfaces/environment/library_path.dsv
-- Installing: /home/aitthikit/Documents/GitHub/EXAM1_WS/install/turtle_interfaces/lib/libturtle_interfaces__rosidl_generator_c.so
-- Set runtime path of "/home/aitthikit/Documents/GitHub/EXAM1_WS/install/turtle_interfaces/lib/libturtle_interfaces__rosidl_generator_c.so" to ""
-- Up-to-date: /home/aitthikit/Documents/GitHub/EXAM1_WS/install/turtle_interfaces/include/turtle_interfaces/turtle_interfaces
-- Up-to-date: /home/aitthikit/Documents/GitHub/EXAM1_WS/install/turtle_interfaces/include/turtle_interfaces/turtle_interfaces/srv
-- Up-to-date: /home/aitthikit/Documents/GitHub/EXAM1_WS/install/turtle_interfaces/include/turtle_interfaces/turtle_interfaces/srv/detail
-- Installing: /home/aitthikit/Documents/GitHub/EXAM1_WS/install/turtle_interfaces/include/turtle_interfaces/turtle_interfaces/srv/detail/pizza__rosidl_typesupport_fastrtps_c.h
-- Up-to-date: /home/aitthikit/Documents/GitHub/EXAM1_WS/install/turtle_interfaces/include/turtle_interfaces/turtle_interfaces/msg
-- Up-to-date: /home/aitthikit/Documents/GitHub/EXAM1_WS/install/turtle_interfaces/include/turtle_interfaces/turtle_interfaces/msg/rosidl_typesupport_fastrtps_c__visibility_control.h
-- Installing: /home/aitthikit/Documents/GitHub/EXAM1_WS/install/turtle_interfaces/lib/libturtle_interfaces__rosidl_typesupport_fastrtps_c.so
-- Set runtime path of "/home/aitthikit/Documents/GitHub/EXAM1_WS/install/turtle_interfaces/lib/libturtle_interfaces__rosidl_typesupport_fastrtps_c.so" to ""
-- Up-to-date: /home/aitthikit/Documents/GitHub/EXAM1_WS/install/turtle_interfaces/include/turtle_interfaces/turtle_interfaces
-- Up-to-date: /home/aitthikit/Documents/GitHub/EXAM1_WS/install/turtle_interfaces/include/turtle_interfaces/turtle_interfaces/srv
-- Up-to-date: /home/aitthikit/Documents/GitHub/EXAM1_WS/install/turtle_interfaces/include/turtle_interfaces/turtle_interfaces/srv/detail
-- Installing: /home/aitthikit/Documents/GitHub/EXAM1_WS/install/turtle_interfaces/include/turtle_interfaces/turtle_interfaces/srv/detail/pizza__traits.hpp
-- Installing: /home/aitthikit/Documents/GitHub/EXAM1_WS/install/turtle_interfaces/include/turtle_interfaces/turtle_interfaces/srv/detail/pizza__builder.hpp
-- Installing: /home/aitthikit/Documents/GitHub/EXAM1_WS/install/turtle_interfaces/include/turtle_interfaces/turtle_interfaces/srv/detail/pizza__struct.hpp
-- Installing: /home/aitthikit/Documents/GitHub/EXAM1_WS/install/turtle_interfaces/include/turtle_interfaces/turtle_interfaces/srv/pizza.hpp
-- Up-to-date: /home/aitthikit/Documents/GitHub/EXAM1_WS/install/turtle_interfaces/include/turtle_interfaces/turtle_interfaces
-- Up-to-date: /home/aitthikit/Documents/GitHub/EXAM1_WS/install/turtle_interfaces/include/turtle_interfaces/turtle_interfaces/srv
-- Up-to-date: /home/aitthikit/Documents/GitHub/EXAM1_WS/install/turtle_interfaces/include/turtle_interfaces/turtle_interfaces/srv/detail
-- Installing: /home/aitthikit/Documents/GitHub/EXAM1_WS/install/turtle_interfaces/include/turtle_interfaces/turtle_interfaces/srv/detail/pizza__rosidl_typesupport_fastrtps_cpp.hpp
-- Up-to-date: /home/aitthikit/Documents/GitHub/EXAM1_WS/install/turtle_interfaces/include/turtle_interfaces/turtle_interfaces/srv/detail/dds_fastrtps
-- Up-to-date: /home/aitthikit/Documents/GitHub/EXAM1_WS/install/turtle_interfaces/include/turtle_interfaces/turtle_interfaces/msg
-- Up-to-date: /home/aitthikit/Documents/GitHub/EXAM1_WS/install/turtle_interfaces/include/turtle_interfaces/turtle_interfaces/msg/rosidl_typesupport_fastrtps_cpp__visibility_control.h
-- Installing: /home/aitthikit/Documents/GitHub/EXAM1_WS/install/turtle_interfaces/lib/libturtle_interfaces__rosidl_typesupport_fastrtps_cpp.so
-- Set runtime path of "/home/aitthikit/Documents/GitHub/EXAM1_WS/install/turtle_interfaces/lib/libturtle_interfaces__rosidl_typesupport_fastrtps_cpp.so" to ""
-- Up-to-date: /home/aitthikit/Documents/GitHub/EXAM1_WS/install/turtle_interfaces/include/turtle_interfaces/turtle_interfaces
-- Up-to-date: /home/aitthikit/Documents/GitHub/EXAM1_WS/install/turtle_interfaces/include/turtle_interfaces/turtle_interfaces/srv
-- Up-to-date: /home/aitthikit/Documents/GitHub/EXAM1_WS/install/turtle_interfaces/include/turtle_interfaces/turtle_interfaces/srv/detail
-- Installing: /home/aitthikit/Documents/GitHub/EXAM1_WS/install/turtle_interfaces/include/turtle_interfaces/turtle_interfaces/srv/detail/pizza__type_support.c
-- Installing: /home/aitthikit/Documents/GitHub/EXAM1_WS/install/turtle_interfaces/include/turtle_interfaces/turtle_interfaces/srv/detail/pizza__rosidl_typesupport_introspection_c.h
-- Up-to-date: /home/aitthikit/Documents/GitHub/EXAM1_WS/install/turtle_interfaces/include/turtle_interfaces/turtle_interfaces/msg
-- Up-to-date: /home/aitthikit/Documents/GitHub/EXAM1_WS/install/turtle_interfaces/include/turtle_interfaces/turtle_interfaces/msg/rosidl_typesupport_introspection_c__visibility_control.h
-- Installing: /home/aitthikit/Documents/GitHub/EXAM1_WS/install/turtle_interfaces/lib/libturtle_interfaces__rosidl_typesupport_introspection_c.so
-- Set runtime path of "/home/aitthikit/Documents/GitHub/EXAM1_WS/install/turtle_interfaces/lib/libturtle_interfaces__rosidl_typesupport_introspection_c.so" to ""
-- Installing: /home/aitthikit/Documents/GitHub/EXAM1_WS/install/turtle_interfaces/lib/libturtle_interfaces__rosidl_typesupport_c.so
-- Set runtime path of "/home/aitthikit/Documents/GitHub/EXAM1_WS/install/turtle_interfaces/lib/libturtle_interfaces__rosidl_typesupport_c.so" to ""
-- Up-to-date: /home/aitthikit/Documents/GitHub/EXAM1_WS/install/turtle_interfaces/include/turtle_interfaces/turtle_interfaces
-- Up-to-date: /home/aitthikit/Documents/GitHub/EXAM1_WS/install/turtle_interfaces/include/turtle_interfaces/turtle_interfaces/srv
-- Up-to-date: /home/aitthikit/Documents/GitHub/EXAM1_WS/install/turtle_interfaces/include/turtle_interfaces/turtle_interfaces/srv/detail
-- Installing: /home/aitthikit/Documents/GitHub/EXAM1_WS/install/turtle_interfaces/include/turtle_interfaces/turtle_interfaces/srv/detail/pizza__rosidl_typesupport_introspection_cpp.hpp
-- Installing: /home/aitthikit/Documents/GitHub/EXAM1_WS/install/turtle_interfaces/include/turtle_interfaces/turtle_interfaces/srv/detail/pizza__type_support.cpp
-- Installing: /home/aitthikit/Documents/GitHub/EXAM1_WS/install/turtle_interfaces/lib/libturtle_interfaces__rosidl_typesupport_introspection_cpp.so
-- Set runtime path of "/home/aitthikit/Documents/GitHub/EXAM1_WS/install/turtle_interfaces/lib/libturtle_interfaces__rosidl_typesupport_introspection_cpp.so" to ""
-- Installing: /home/aitthikit/Documents/GitHub/EXAM1_WS/install/turtle_interfaces/lib/libturtle_interfaces__rosidl_typesupport_cpp.so
-- Set runtime path of "/home/aitthikit/Documents/GitHub/EXAM1_WS/install/turtle_interfaces/lib/libturtle_interfaces__rosidl_typesupport_cpp.so" to ""
-- Up-to-date: /home/aitthikit/Documents/GitHub/EXAM1_WS/install/turtle_interfaces/share/turtle_interfaces/environment/pythonpath.sh
-- Installing: /home/aitthikit/Documents/GitHub/EXAM1_WS/install/turtle_interfaces/share/turtle_interfaces/environment/pythonpath.dsv
-- Up-to-date: /home/aitthikit/Documents/GitHub/EXAM1_WS/install/turtle_interfaces/local/lib/python3.10/dist-packages/turtle_interfaces-0.0.0-py3.10.egg-info
-- Installing: /home/aitthikit/Documents/GitHub/EXAM1_WS/install/turtle_interfaces/local/lib/python3.10/dist-packages/turtle_interfaces-0.0.0-py3.10.egg-info/dependency_links.txt
-- Installing: /home/aitthikit/Documents/GitHub/EXAM1_WS/install/turtle_interfaces/local/lib/python3.10/dist-packages/turtle_interfaces-0.0.0-py3.10.egg-info/SOURCES.txt
-- Installing: /home/aitthikit/Documents/GitHub/EXAM1_WS/install/turtle_interfaces/local/lib/python3.10/dist-packages/turtle_interfaces-0.0.0-py3.10.egg-info/top_level.txt
-- Installing: /home/aitthikit/Documents/GitHub/EXAM1_WS/install/turtle_interfaces/local/lib/python3.10/dist-packages/turtle_interfaces-0.0.0-py3.10.egg-info/PKG-INFO
-- Up-to-date: /home/aitthikit/Documents/GitHub/EXAM1_WS/install/turtle_interfaces/local/lib/python3.10/dist-packages/turtle_interfaces
-- Installing: /home/aitthikit/Documents/GitHub/EXAM1_WS/install/turtle_interfaces/local/lib/python3.10/dist-packages/turtle_interfaces/_turtle_interfaces_s.ep.rosidl_typesupport_fastrtps_c.c
-- Installing: /home/aitthikit/Documents/GitHub/EXAM1_WS/install/turtle_interfaces/local/lib/python3.10/dist-packages/turtle_interfaces/turtle_interfaces_s__rosidl_typesupport_fastrtps_c.cpython-310-x86_64-linux-gnu.so
-- Installing: /home/aitthikit/Documents/GitHub/EXAM1_WS/install/turtle_interfaces/local/lib/python3.10/dist-packages/turtle_interfaces/_turtle_interfaces_s.ep.rosidl_typesupport_introspection_c.c
-- Up-to-date: /home/aitthikit/Documents/GitHub/EXAM1_WS/install/turtle_interfaces/local/lib/python3.10/dist-packages/turtle_interfaces/srv
-- Installing: /home/aitthikit/Documents/GitHub/EXAM1_WS/install/turtle_interfaces/local/lib/python3.10/dist-packages/turtle_interfaces/srv/_pizza.py
-- Installing: /home/aitthikit/Documents/GitHub/EXAM1_WS/install/turtle_interfaces/local/lib/python3.10/dist-packages/turtle_interfaces/srv/_pizza_s.c
-- Installing: /home/aitthikit/Documents/GitHub/EXAM1_WS/install/turtle_interfaces/local/lib/python3.10/dist-packages/turtle_interfaces/srv/__init__.py
-- Installing: /home/aitthikit/Documents/GitHub/EXAM1_WS/install/turtle_interfaces/local/lib/python3.10/dist-packages/turtle_interfaces/_turtle_interfaces_s.ep.rosidl_typesupport_c.c
-- Installing: /home/aitthikit/Documents/GitHub/EXAM1_WS/install/turtle_interfaces/local/lib/python3.10/dist-packages/turtle_interfaces/turtle_interfaces_s__rosidl_typesupport_c.cpython-310-x86_64-linux-gnu.so
-- Installing: /home/aitthikit/Documents/GitHub/EXAM1_WS/install/turtle_interfaces/local/lib/python3.10/dist-packages/turtle_interfaces/turtle_interfaces_s__rosidl_typesupport_introspection_c.cpython-310-x86_64-linux-gnu.so
-- Installing: /home/aitthikit/Documents/GitHub/EXAM1_WS/install/turtle_interfaces/local/lib/python3.10/dist-packages/turtle_interfaces/libturtle_interfaces__rosidl_generator_py.so
-- Installing: /home/aitthikit/Documents/GitHub/EXAM1_WS/install/turtle_interfaces/local/lib/python3.10/dist-packages/turtle_interfaces/__init__.py
Listing '/home/aitthikit/Documents/GitHub/EXAM1_WS/install/turtle_interfaces/local/lib/python3.10/dist-packages/turtle_interfaces'...
Compiling '/home/aitthikit/Documents/GitHub/EXAM1_WS/install/turtle_interfaces/local/lib/python3.10/dist-packages/turtle_interfaces/__init__.py'...
Listing '/home/aitthikit/Documents/GitHub/EXAM1_WS/install/turtle_interfaces/local/lib/python3.10/dist-packages/turtle_interfaces/srv'...
Compiling '/home/aitthikit/Documents/GitHub/EXAM1_WS/install/turtle_interfaces/local/lib/python3.10/dist-packages/turtle_interfaces/srv/__init__.py'...
Compiling '/home/aitthikit/Documents/GitHub/EXAM1_WS/install/turtle_interfaces/local/lib/python3.10/dist-packages/turtle_interfaces/srv/_pizza.py'...
-- Installing: /home/aitthikit/Documents/GitHub/EXAM1_WS/install/turtle_interfaces/local/lib/python3.10/dist-packages/turtle_interfaces/turtle_interfaces_s__rosidl_typesupport_fastrtps_c.cpython-310-x86_64-linux-gnu.so
-- Set runtime path of "/home/aitthikit/Documents/GitHub/EXAM1_WS/install/turtle_interfaces/local/lib/python3.10/dist-packages/turtle_interfaces/turtle_interfaces_s__rosidl_typesupport_fastrtps_c.cpython-310-x86_64-linux-gnu.so" to ""
-- Installing: /home/aitthikit/Documents/GitHub/EXAM1_WS/install/turtle_interfaces/local/lib/python3.10/dist-packages/turtle_interfaces/turtle_interfaces_s__rosidl_typesupport_introspection_c.cpython-310-x86_64-linux-gnu.so
-- Set runtime path of "/home/aitthikit/Documents/GitHub/EXAM1_WS/install/turtle_interfaces/local/lib/python3.10/dist-packages/turtle_interfaces/turtle_interfaces_s__rosidl_typesupport_introspection_c.cpython-310-x86_64-linux-gnu.so" to ""
-- Installing: /home/aitthikit/Documents/GitHub/EXAM1_WS/install/turtle_interfaces/local/lib/python3.10/dist-packages/turtle_interfaces/turtle_interfaces_s__rosidl_typesupport_c.cpython-310-x86_64-linux-gnu.so
-- Set runtime path of "/home/aitthikit/Documents/GitHub/EXAM1_WS/install/turtle_interfaces/local/lib/python3.10/dist-packages/turtle_interfaces/turtle_interfaces_s__rosidl_typesupport_c.cpython-310-x86_64-linux-gnu.so" to ""
-- Installing: /home/aitthikit/Documents/GitHub/EXAM1_WS/install/turtle_interfaces/lib/libturtle_interfaces__rosidl_generator_py.so
-- Set runtime path of "/home/aitthikit/Documents/GitHub/EXAM1_WS/install/turtle_interfaces/lib/libturtle_interfaces__rosidl_generator_py.so" to ""
-- Installing: /home/aitthikit/Documents/GitHub/EXAM1_WS/install/turtle_interfaces/share/turtle_interfaces/srv/Pizza.idl
-- Installing: /home/aitthikit/Documents/GitHub/EXAM1_WS/install/turtle_interfaces/share/turtle_interfaces/srv/Pizza.srv
-- Installing: /home/aitthikit/Documents/GitHub/EXAM1_WS/install/turtle_interfaces/share/turtle_interfaces/srv/Pizza_Request.msg
-- Up-to-date: /home/aitthikit/Documents/GitHub/EXAM1_WS/install/turtle_interfaces/share/turtle_interfaces/srv/Pizza_Response.msg
-- Up-to-date: /home/aitthikit/Documents/GitHub/EXAM1_WS/install/turtle_interfaces/share/ament_index/resource_index/package_run_dependencies/turtle_interfaces
-- Installing: /home/aitthikit/Documents/GitHub/EXAM1_WS/install/turtle_interfaces/share/ament_index/resource_index/parent_prefix_path/turtle_interfaces
-- Up-to-date: /home/aitthikit/Documents/GitHub/EXAM1_WS/install/turtle_interfaces/share/turtle_interfaces/environment/ament_prefix_path.sh
-- Installing: /home/aitthikit/Documents/GitHub/EXAM1_WS/install/turtle_interfaces/share/turtle_interfaces/environment/ament_prefix_path.dsv
-- Up-to-date: /home/aitthikit/Documents/GitHub/EXAM1_WS/install/turtle_interfaces/share/turtle_interfaces/environment/path.sh
-- Installing: /home/aitthikit/Documents/GitHub/EXAM1_WS/install/turtle_interfaces/share/turtle_interfaces/environment/path.dsv
-- Up-to-date: /home/aitthikit/Documents/GitHub/EXAM1_WS/install/turtle_interfaces/share/turtle_interfaces/local_setup.bash
-- Up-to-date: /home/aitthikit/Documents/GitHub/EXAM1_WS/install/turtle_interfaces/share/turtle_interfaces/local_setup.sh
-- Up-to-date: /home/aitthikit/Documents/GitHub/EXAM1_WS/install/turtle_interfaces/share/turtle_interfaces/local_setup.zsh
-- Installing: /home/aitthikit/Documents/GitHub/EXAM1_WS/install/turtle_interfaces/share/turtle_interfaces/local_setup.dsv
-- Installing: /home/aitthikit/Documents/GitHub/EXAM1_WS/install/turtle_interfaces/share/turtle_interfaces/package.dsv
-- Up-to-date: /home/aitthikit/Documents/GitHub/EXAM1_WS/install/turtle_interfaces/share/ament_index/resource_index/packages/turtle_interfaces
-- Up-to-date: /home/aitthikit/Documents/GitHub/EXAM1_WS/install/turtle_interfaces/share/turtle_interfaces/cmake/export_turtle_interfaces__rosidl_generator_cExport.cmake
-- Up-to-date: /home/aitthikit/Documents/GitHub/EXAM1_WS/install/turtle_interfaces/share/turtle_interfaces/cmake/export_turtle_interfaces__rosidl_generator_cExport-noconfig.cmake
-- Up-to-date: /home/aitthikit/Documents/GitHub/EXAM1_WS/install/turtle_interfaces/share/turtle_interfaces/cmake/export_turtle_interfaces__rosidl_typesupport_fastrtps_cExport.cmake
-- Up-to-date: /home/aitthikit/Documents/GitHub/EXAM1_WS/install/turtle_interfaces/share/turtle_interfaces/cmake/export_turtle_interfaces__rosidl_typesupport_fastrtps_cExport-noconfig.cmake
-- Up-to-date: /home/aitthikit/Documents/GitHub/EXAM1_WS/install/turtle_interfaces/share/turtle_interfaces/cmake/export_turtle_interfaces__rosidl_generator_cppExport.cmake
-- Up-to-date: /home/aitthikit/Documents/GitHub/EXAM1_WS/install/turtle_interfaces/share/turtle_interfaces/cmake/export_turtle_interfaces__rosidl_typesupport_fastrtps_cppExport.cmake
-- Up-to-date: /home/aitthikit/Documents/GitHub/EXAM1_WS/install/turtle_interfaces/share/turtle_interfaces/cmake/export_turtle_interfaces__rosidl_typesupport_fastrtps_cppExport-noconfig.cmake
-- Up-to-date: /home/aitthikit/Documents/GitHub/EXAM1_WS/install/turtle_interfaces/share/turtle_interfaces/cmake/turtle_interfaces__rosidl_typesupport_introspection_cExport.cmake
-- Up-to-date: /home/aitthikit/Documents/GitHub/EXAM1_WS/install/turtle_interfaces/share/turtle_interfaces/cmake/turtle_interfaces__rosidl_typesupport_introspection_cExport-noconfig.cmake
-- Up-to-date: /home/aitthikit/Documents/GitHub/EXAM1_WS/install/turtle_interfaces/share/turtle_interfaces/cmake/turtle_interfaces__rosidl_typesupport_cExport.cmake
-- Up-to-date: /home/aitthikit/Documents/GitHub/EXAM1_WS/install/turtle_interfaces/share/turtle_interfaces/cmake/turtle_interfaces__rosidl_typesupport_cExport-noconfig.cmake
-- Up-to-date: /home/aitthikit/Documents/GitHub/EXAM1_WS/install/turtle_interfaces/share/turtle_interfaces/cmake/turtle_interfaces__rosidl_typesupport_introspection_cppExport.cmake
-- Up-to-date: /home/aitthikit/Documents/GitHub/EXAM1_WS/install/turtle_interfaces/share/turtle_interfaces/cmake/turtle_interfaces__rosidl_typesupport_introspection_cppExport-noconfig.cmake
-- Up-to-date: /home/aitthikit/Documents/GitHub/EXAM1_WS/install/turtle_interfaces/share/turtle_interfaces/cmake/turtle_interfaces__rosidl_typesupport_cppExport.cmake
-- Up-to-date: /home/aitthikit/Documents/GitHub/EXAM1_WS/install/turtle_interfaces/share/turtle_interfaces/cmake/turtle_interfaces__rosidl_typesupport_cppExport-noconfig.cmake
-- Up-to-date: /home/aitthikit/Documents/GitHub/EXAM1_WS/install/turtle_interfaces/share/turtle_interfaces/cmake/export_turtle_interfaces__rosidl_generator_pyExport.cmake
-- Up-to-date: /home/aitthikit/Documents/GitHub/EXAM1_WS/install/turtle_interfaces/share/turtle_interfaces/cmake/export_turtle_interfaces__rosidl_generator_pyExport-noconfig.cmake
-- Up-to-date: /home/aitthikit/Documents/GitHub/EXAM1_WS/install/turtle_interfaces/share/turtle_interfaces/cmake/rosidl_cmake-extras.cmake
-- Up-to-date: /home/aitthikit/Documents/GitHub/EXAM1_WS/install/turtle_interfaces/share/turtle_interfaces/cmake/ament_cmake_export_dependencies-extras.cmake
-- Up-to-date: /home/aitthikit/Documents/GitHub/EXAM1_WS/install/turtle_interfaces/share/turtle_interfaces/cmake/ament_cmake_export_include_directories-extras.cmake
-- Up-to-date: /home/aitthikit/Documents/GitHub/EXAM1_WS/install/turtle_interfaces/share/turtle_interfaces/cmake/ament_cmake_export_libraries-extras.cmake
-- Up-to-date: /home/aitthikit/Documents/GitHub/EXAM1_WS/install/turtle_interfaces/share/turtle_interfaces/cmake/ament_cmake_export_targets-extras.cmake
-- Up-to-date: /home/aitthikit/Documents/GitHub/EXAM1_WS/install/turtle_interfaces/share/turtle_interfaces/cmake/rosidl_cmake_export_typesupport_targets-extras.cmake
-- Up-to-date: /home/aitthikit/Documents/GitHub/EXAM1_WS/install/turtle_interfaces/share/turtle_interfaces/cmake/rosidl_cmake_export_typesupport_libraries-extras.cmake
-- Up-to-date: /home/aitthikit/Documents/GitHub/EXAM1_WS/install/turtle_interfaces/share/turtle_interfaces/cmake/turtle_interfacesConfig.cmake
-- Up-to-date: /home/aitthikit/Documents/GitHub/EXAM1_WS/install/turtle_interfaces/share/turtle_interfaces/cmake/turtle_interfacesConfig-version.cmake
-- Up-to-date: /home/aitthikit/Documents/GitHub/EXAM1_WS/install/turtle_interfaces/share/turtle_interfaces/package.xml
