[0.014s] Invoking command in '/home/aitthikit/Documents/GitHub/EXAM1_WS/build/turtle_interfaces': CMAKE_PREFIX_PATH=${CMAKE_PREFIX_PATH}:/home/aitthikit/Memekhos_ws/install/launch_testing_examples:/home/aitthikit/Memekhos_ws/install/examples_rclpy_pointcloud_publisher:/home/aitthikit/Memekhos_ws/install/examples_rclpy_minimal_subscriber:/home/aitthikit/Memekhos_ws/install/examples_rclpy_minimal_service:/home/aitthikit/Memekhos_ws/install/examples_rclpy_minimal_publisher:/home/aitthikit/Memekhos_ws/install/examples_rclpy_minimal_client:/home/aitthikit/Memekhos_ws/install/examples_rclpy_minimal_action_server:/home/aitthikit/Memekhos_ws/install/examples_rclpy_minimal_action_client:/home/aitthikit/Memekhos_ws/install/examples_rclpy_guard_conditions:/home/aitthikit/Memekhos_ws/install/examples_rclpy_executors:/opt/ros/humble /usr/bin/cmake --build /home/aitthikit/Documents/GitHub/EXAM1_WS/build/turtle_interfaces -- -j12 -l12
[0.037s] -- Found ament_cmake: 1.3.10 (/opt/ros/humble/share/ament_cmake/cmake)
[0.174s] -- Found geometry_msgs: 4.2.4 (/opt/ros/humble/share/geometry_msgs/cmake)
[0.196s] -- Found rosidl_generator_c: 3.1.5 (/opt/ros/humble/share/rosidl_generator_c/cmake)
[0.198s] -- Found rosidl_adapter: 3.1.5 (/opt/ros/humble/share/rosidl_adapter/cmake)
[0.203s] -- Found rosidl_generator_cpp: 3.1.5 (/opt/ros/humble/share/rosidl_generator_cpp/cmake)
[0.212s] -- Using all available rosidl_typesupport_c: rosidl_typesupport_fastrtps_c;rosidl_typesupport_introspection_c
[0.225s] -- Using all available rosidl_typesupport_cpp: rosidl_typesupport_fastrtps_cpp;rosidl_typesupport_introspection_cpp
[0.260s] -- Found rosidl_default_generators: 1.2.0 (/opt/ros/humble/share/rosidl_default_generators/cmake)
[0.269s] -- Found ament_lint_auto: 0.12.11 (/opt/ros/humble/share/ament_lint_auto/cmake)
[0.570s] -- Found ament_cmake_ros: 0.10.0 (/opt/ros/humble/share/ament_cmake_ros/cmake)
[0.980s] -- Using all available rosidl_typesupport_c: rosidl_typesupport_fastrtps_c;rosidl_typesupport_introspection_c
[1.144s] -- Using all available rosidl_typesupport_cpp: rosidl_typesupport_fastrtps_cpp;rosidl_typesupport_introspection_cpp
[1.168s] -- Found python_cmake_module: 0.10.0 (/opt/ros/humble/share/python_cmake_module/cmake)
[1.191s] -- Using PYTHON_EXECUTABLE: /usr/bin/python3
[1.191s] -- Using PYTHON_INCLUDE_DIRS: /usr/include/python3.10
[1.191s] -- Using PYTHON_LIBRARIES: /usr/lib/x86_64-linux-gnu/libpython3.10.so
[1.242s] -- Added test 'lint_cmake' to check CMake code style
[1.243s] -- Added test 'xmllint' to check XML markup files
[1.246s] -- Configuring done
[1.277s] -- Generating done
[1.279s] -- Build files have been written to: /home/aitthikit/Documents/GitHub/EXAM1_WS/build/turtle_interfaces
[1.303s] [  3%] [34m[1mGenerating C code for ROS interfaces[0m
[1.313s] [  6%] [34m[1mGenerating C++ code for ROS interfaces[0m
[1.322s] [  6%] Built target ament_cmake_python_copy_turtle_interfaces
[1.561s] [35m[1mConsolidate compiler generated dependencies of target turtle_interfaces__rosidl_generator_c[0m
[1.569s] [  6%] Built target turtle_interfaces__cpp
[1.571s] [  9%] [32mBuilding C object CMakeFiles/turtle_interfaces__rosidl_generator_c.dir/rosidl_generator_c/turtle_interfaces/srv/detail/pizza__functions.c.o[0m
[1.577s] running egg_info
[1.578s] writing turtle_interfaces.egg-info/PKG-INFO
[1.578s] writing dependency_links to turtle_interfaces.egg-info/dependency_links.txt
[1.578s] writing top-level names to turtle_interfaces.egg-info/top_level.txt
[1.579s] [ 12%] [34m[1mGenerating C++ introspection for ROS interfaces[0m
[1.579s] [ 16%] [34m[1mGenerating C++ type support for eProsima Fast-RTPS[0m
[1.579s] [ 19%] [34m[1mGenerating C++ type support dispatch for ROS interfaces[0m
[1.580s] reading manifest file 'turtle_interfaces.egg-info/SOURCES.txt'
[1.581s] writing manifest file 'turtle_interfaces.egg-info/SOURCES.txt'
[1.606s] [ 19%] Built target ament_cmake_python_build_turtle_interfaces_egg
[1.628s] [ 22%] [32m[1mLinking C shared library libturtle_interfaces__rosidl_generator_c.so[0m
[1.664s] [ 22%] Built target turtle_interfaces__rosidl_generator_c
[1.674s] [ 32%] [34m[1mGenerating C type support for eProsima Fast-RTPS[0m
[1.674s] [ 32%] [34m[1mGenerating C introspection for ROS interfaces[0m
[1.675s] [ 32%] [34m[1mGenerating C type support dispatch for ROS interfaces[0m
[1.794s] [35m[1mConsolidate compiler generated dependencies of target turtle_interfaces__rosidl_typesupport_cpp[0m
[1.807s] [ 35%] [32mBuilding CXX object CMakeFiles/turtle_interfaces__rosidl_typesupport_cpp.dir/rosidl_typesupport_cpp/turtle_interfaces/srv/pizza__type_support.cpp.o[0m
[1.816s] [35m[1mConsolidate compiler generated dependencies of target turtle_interfaces__rosidl_typesupport_introspection_cpp[0m
[1.829s] [ 38%] [32mBuilding CXX object CMakeFiles/turtle_interfaces__rosidl_typesupport_introspection_cpp.dir/rosidl_typesupport_introspection_cpp/turtle_interfaces/srv/detail/pizza__type_support.cpp.o[0m
[1.833s] [35m[1mConsolidate compiler generated dependencies of target turtle_interfaces__rosidl_typesupport_fastrtps_cpp[0m
[1.847s] [ 41%] [32mBuilding CXX object CMakeFiles/turtle_interfaces__rosidl_typesupport_fastrtps_cpp.dir/rosidl_typesupport_fastrtps_cpp/turtle_interfaces/srv/detail/dds_fastrtps/pizza__type_support.cpp.o[0m
[1.892s] [35m[1mConsolidate compiler generated dependencies of target turtle_interfaces__rosidl_typesupport_c[0m
[1.904s] [ 45%] [32mBuilding CXX object CMakeFiles/turtle_interfaces__rosidl_typesupport_c.dir/rosidl_typesupport_c/turtle_interfaces/srv/pizza__type_support.cpp.o[0m
[1.926s] [35m[1mConsolidate compiler generated dependencies of target turtle_interfaces__rosidl_typesupport_introspection_c[0m
[1.928s] [35m[1mConsolidate compiler generated dependencies of target turtle_interfaces__rosidl_typesupport_fastrtps_c[0m
[1.937s] [ 48%] [32m[1mLinking CXX shared library libturtle_interfaces__rosidl_typesupport_c.so[0m
[1.939s] [ 51%] [32mBuilding C object CMakeFiles/turtle_interfaces__rosidl_typesupport_introspection_c.dir/rosidl_typesupport_introspection_c/turtle_interfaces/srv/detail/pizza__type_support.c.o[0m
[1.945s] [ 54%] [32mBuilding CXX object CMakeFiles/turtle_interfaces__rosidl_typesupport_fastrtps_c.dir/rosidl_typesupport_fastrtps_c/turtle_interfaces/srv/detail/pizza__type_support_c.cpp.o[0m
[1.976s] [ 58%] [32m[1mLinking C shared library libturtle_interfaces__rosidl_typesupport_introspection_c.so[0m
[1.985s] [ 58%] Built target turtle_interfaces__rosidl_typesupport_c
[2.010s] [ 58%] Built target turtle_interfaces__rosidl_typesupport_introspection_c
[2.062s] [ 61%] [32m[1mLinking CXX shared library libturtle_interfaces__rosidl_typesupport_cpp.so[0m
[2.102s] [ 61%] Built target turtle_interfaces__rosidl_typesupport_cpp
[2.175s] [ 64%] [32m[1mLinking CXX shared library libturtle_interfaces__rosidl_typesupport_introspection_cpp.so[0m
[2.221s] [ 67%] [32m[1mLinking CXX shared library libturtle_interfaces__rosidl_typesupport_fastrtps_cpp.so[0m
[2.235s] [ 67%] Built target turtle_interfaces__rosidl_typesupport_introspection_cpp
[2.270s] [ 70%] [32m[1mLinking CXX shared library libturtle_interfaces__rosidl_typesupport_fastrtps_c.so[0m
[2.290s] [ 70%] Built target turtle_interfaces__rosidl_typesupport_fastrtps_cpp
[2.338s] [ 70%] Built target turtle_interfaces__rosidl_typesupport_fastrtps_c
[2.358s] [ 70%] Built target turtle_interfaces
[2.378s] [ 74%] [34m[1mGenerating Python code for ROS interfaces[0m
[2.699s] [ 74%] Built target turtle_interfaces__py
[2.709s] [35m[1mConsolidate compiler generated dependencies of target turtle_interfaces__rosidl_generator_py[0m
[2.721s] [ 77%] [32mBuilding C object CMakeFiles/turtle_interfaces__rosidl_generator_py.dir/rosidl_generator_py/turtle_interfaces/srv/_pizza_s.c.o[0m
[2.816s] [ 80%] [32m[1mLinking C shared library rosidl_generator_py/turtle_interfaces/libturtle_interfaces__rosidl_generator_py.so[0m
[2.856s] [ 80%] Built target turtle_interfaces__rosidl_generator_py
[2.866s] [35m[1mConsolidate compiler generated dependencies of target turtle_interfaces__rosidl_typesupport_fastrtps_c__pyext[0m
[2.866s] [35m[1mConsolidate compiler generated dependencies of target turtle_interfaces__rosidl_typesupport_introspection_c__pyext[0m
[2.866s] [35m[1mConsolidate compiler generated dependencies of target turtle_interfaces__rosidl_typesupport_c__pyext[0m
[2.879s] [ 90%] [32mBuilding C object CMakeFiles/turtle_interfaces__rosidl_typesupport_c__pyext.dir/rosidl_generator_py/turtle_interfaces/_turtle_interfaces_s.ep.rosidl_typesupport_c.c.o[0m
[2.879s] [ 90%] [32mBuilding C object CMakeFiles/turtle_interfaces__rosidl_typesupport_introspection_c__pyext.dir/rosidl_generator_py/turtle_interfaces/_turtle_interfaces_s.ep.rosidl_typesupport_introspection_c.c.o[0m
[2.879s] [ 90%] [32mBuilding C object CMakeFiles/turtle_interfaces__rosidl_typesupport_fastrtps_c__pyext.dir/rosidl_generator_py/turtle_interfaces/_turtle_interfaces_s.ep.rosidl_typesupport_fastrtps_c.c.o[0m
[2.977s] [100%] [32m[1mLinking C shared library rosidl_generator_py/turtle_interfaces/turtle_interfaces_s__rosidl_typesupport_c.cpython-310-x86_64-linux-gnu.so[0m
[2.977s] [100%] [32m[1mLinking C shared library rosidl_generator_py/turtle_interfaces/turtle_interfaces_s__rosidl_typesupport_introspection_c.cpython-310-x86_64-linux-gnu.so[0m
[2.977s] [100%] [32m[1mLinking C shared library rosidl_generator_py/turtle_interfaces/turtle_interfaces_s__rosidl_typesupport_fastrtps_c.cpython-310-x86_64-linux-gnu.so[0m
[3.017s] [100%] Built target turtle_interfaces__rosidl_typesupport_fastrtps_c__pyext
[3.017s] [100%] Built target turtle_interfaces__rosidl_typesupport_introspection_c__pyext
[3.017s] [100%] Built target turtle_interfaces__rosidl_typesupport_c__pyext
[3.028s] Invoked command in '/home/aitthikit/Documents/GitHub/EXAM1_WS/build/turtle_interfaces' returned '0': CMAKE_PREFIX_PATH=${CMAKE_PREFIX_PATH}:/home/aitthikit/Memekhos_ws/install/launch_testing_examples:/home/aitthikit/Memekhos_ws/install/examples_rclpy_pointcloud_publisher:/home/aitthikit/Memekhos_ws/install/examples_rclpy_minimal_subscriber:/home/aitthikit/Memekhos_ws/install/examples_rclpy_minimal_service:/home/aitthikit/Memekhos_ws/install/examples_rclpy_minimal_publisher:/home/aitthikit/Memekhos_ws/install/examples_rclpy_minimal_client:/home/aitthikit/Memekhos_ws/install/examples_rclpy_minimal_action_server:/home/aitthikit/Memekhos_ws/install/examples_rclpy_minimal_action_client:/home/aitthikit/Memekhos_ws/install/examples_rclpy_guard_conditions:/home/aitthikit/Memekhos_ws/install/examples_rclpy_executors:/opt/ros/humble /usr/bin/cmake --build /home/aitthikit/Documents/GitHub/EXAM1_WS/build/turtle_interfaces -- -j12 -l12
[3.097s] Invoking command in '/home/aitthikit/Documents/GitHub/EXAM1_WS/build/turtle_interfaces': CMAKE_PREFIX_PATH=${CMAKE_PREFIX_PATH}:/home/aitthikit/Memekhos_ws/install/launch_testing_examples:/home/aitthikit/Memekhos_ws/install/examples_rclpy_pointcloud_publisher:/home/aitthikit/Memekhos_ws/install/examples_rclpy_minimal_subscriber:/home/aitthikit/Memekhos_ws/install/examples_rclpy_minimal_service:/home/aitthikit/Memekhos_ws/install/examples_rclpy_minimal_publisher:/home/aitthikit/Memekhos_ws/install/examples_rclpy_minimal_client:/home/aitthikit/Memekhos_ws/install/examples_rclpy_minimal_action_server:/home/aitthikit/Memekhos_ws/install/examples_rclpy_minimal_action_client:/home/aitthikit/Memekhos_ws/install/examples_rclpy_guard_conditions:/home/aitthikit/Memekhos_ws/install/examples_rclpy_executors:/opt/ros/humble /usr/bin/cmake --install /home/aitthikit/Documents/GitHub/EXAM1_WS/build/turtle_interfaces
[3.104s] -- Install configuration: ""
[3.105s] -- Up-to-date: /home/aitthikit/Documents/GitHub/EXAM1_WS/install/turtle_interfaces/share/ament_index/resource_index/rosidl_interfaces/turtle_interfaces
[3.105s] -- Up-to-date: /home/aitthikit/Documents/GitHub/EXAM1_WS/install/turtle_interfaces/include/turtle_interfaces/turtle_interfaces
[3.105s] -- Up-to-date: /home/aitthikit/Documents/GitHub/EXAM1_WS/install/turtle_interfaces/include/turtle_interfaces/turtle_interfaces/srv
[3.105s] -- Up-to-date: /home/aitthikit/Documents/GitHub/EXAM1_WS/install/turtle_interfaces/include/turtle_interfaces/turtle_interfaces/srv/detail
[3.105s] -- Installing: /home/aitthikit/Documents/GitHub/EXAM1_WS/install/turtle_interfaces/include/turtle_interfaces/turtle_interfaces/srv/detail/pizza__struct.h
[3.105s] -- Installing: /home/aitthikit/Documents/GitHub/EXAM1_WS/install/turtle_interfaces/include/turtle_interfaces/turtle_interfaces/srv/detail/pizza__type_support.h
[3.105s] -- Installing: /home/aitthikit/Documents/GitHub/EXAM1_WS/install/turtle_interfaces/include/turtle_interfaces/turtle_interfaces/srv/detail/pizza__functions.h
[3.105s] -- Installing: /home/aitthikit/Documents/GitHub/EXAM1_WS/install/turtle_interfaces/include/turtle_interfaces/turtle_interfaces/srv/detail/pizza__functions.c
[3.105s] -- Installing: /home/aitthikit/Documents/GitHub/EXAM1_WS/install/turtle_interfaces/include/turtle_interfaces/turtle_interfaces/srv/pizza.h
[3.105s] -- Up-to-date: /home/aitthikit/Documents/GitHub/EXAM1_WS/install/turtle_interfaces/include/turtle_interfaces/turtle_interfaces/msg
[3.105s] -- Up-to-date: /home/aitthikit/Documents/GitHub/EXAM1_WS/install/turtle_interfaces/include/turtle_interfaces/turtle_interfaces/msg/rosidl_generator_c__visibility_control.h
[3.106s] -- Up-to-date: /home/aitthikit/Documents/GitHub/EXAM1_WS/install/turtle_interfaces/share/turtle_interfaces/environment/library_path.sh
[3.106s] -- Installing: /home/aitthikit/Documents/GitHub/EXAM1_WS/install/turtle_interfaces/share/turtle_interfaces/environment/library_path.dsv
[3.106s] -- Installing: /home/aitthikit/Documents/GitHub/EXAM1_WS/install/turtle_interfaces/lib/libturtle_interfaces__rosidl_generator_c.so
[3.106s] -- Set runtime path of "/home/aitthikit/Documents/GitHub/EXAM1_WS/install/turtle_interfaces/lib/libturtle_interfaces__rosidl_generator_c.so" to ""
[3.107s] -- Up-to-date: /home/aitthikit/Documents/GitHub/EXAM1_WS/install/turtle_interfaces/include/turtle_interfaces/turtle_interfaces
[3.107s] -- Up-to-date: /home/aitthikit/Documents/GitHub/EXAM1_WS/install/turtle_interfaces/include/turtle_interfaces/turtle_interfaces/srv
[3.107s] -- Up-to-date: /home/aitthikit/Documents/GitHub/EXAM1_WS/install/turtle_interfaces/include/turtle_interfaces/turtle_interfaces/srv/detail
[3.107s] -- Installing: /home/aitthikit/Documents/GitHub/EXAM1_WS/install/turtle_interfaces/include/turtle_interfaces/turtle_interfaces/srv/detail/pizza__rosidl_typesupport_fastrtps_c.h
[3.107s] -- Up-to-date: /home/aitthikit/Documents/GitHub/EXAM1_WS/install/turtle_interfaces/include/turtle_interfaces/turtle_interfaces/msg
[3.107s] -- Up-to-date: /home/aitthikit/Documents/GitHub/EXAM1_WS/install/turtle_interfaces/include/turtle_interfaces/turtle_interfaces/msg/rosidl_typesupport_fastrtps_c__visibility_control.h
[3.107s] -- Installing: /home/aitthikit/Documents/GitHub/EXAM1_WS/install/turtle_interfaces/lib/libturtle_interfaces__rosidl_typesupport_fastrtps_c.so
[3.107s] -- Set runtime path of "/home/aitthikit/Documents/GitHub/EXAM1_WS/install/turtle_interfaces/lib/libturtle_interfaces__rosidl_typesupport_fastrtps_c.so" to ""
[3.107s] -- Up-to-date: /home/aitthikit/Documents/GitHub/EXAM1_WS/install/turtle_interfaces/include/turtle_interfaces/turtle_interfaces
[3.108s] -- Up-to-date: /home/aitthikit/Documents/GitHub/EXAM1_WS/install/turtle_interfaces/include/turtle_interfaces/turtle_interfaces/srv
[3.108s] -- Up-to-date: /home/aitthikit/Documents/GitHub/EXAM1_WS/install/turtle_interfaces/include/turtle_interfaces/turtle_interfaces/srv/detail
[3.108s] -- Installing: /home/aitthikit/Documents/GitHub/EXAM1_WS/install/turtle_interfaces/include/turtle_interfaces/turtle_interfaces/srv/detail/pizza__traits.hpp
[3.108s] -- Installing: /home/aitthikit/Documents/GitHub/EXAM1_WS/install/turtle_interfaces/include/turtle_interfaces/turtle_interfaces/srv/detail/pizza__builder.hpp
[3.108s] -- Installing: /home/aitthikit/Documents/GitHub/EXAM1_WS/install/turtle_interfaces/include/turtle_interfaces/turtle_interfaces/srv/detail/pizza__struct.hpp
[3.108s] -- Installing: /home/aitthikit/Documents/GitHub/EXAM1_WS/install/turtle_interfaces/include/turtle_interfaces/turtle_interfaces/srv/pizza.hpp
[3.108s] -- Up-to-date: /home/aitthikit/Documents/GitHub/EXAM1_WS/install/turtle_interfaces/include/turtle_interfaces/turtle_interfaces
[3.108s] -- Up-to-date: /home/aitthikit/Documents/GitHub/EXAM1_WS/install/turtle_interfaces/include/turtle_interfaces/turtle_interfaces/srv
[3.108s] -- Up-to-date: /home/aitthikit/Documents/GitHub/EXAM1_WS/install/turtle_interfaces/include/turtle_interfaces/turtle_interfaces/srv/detail
[3.108s] -- Installing: /home/aitthikit/Documents/GitHub/EXAM1_WS/install/turtle_interfaces/include/turtle_interfaces/turtle_interfaces/srv/detail/pizza__rosidl_typesupport_fastrtps_cpp.hpp
[3.109s] -- Up-to-date: /home/aitthikit/Documents/GitHub/EXAM1_WS/install/turtle_interfaces/include/turtle_interfaces/turtle_interfaces/srv/detail/dds_fastrtps
[3.109s] -- Up-to-date: /home/aitthikit/Documents/GitHub/EXAM1_WS/install/turtle_interfaces/include/turtle_interfaces/turtle_interfaces/msg
[3.109s] -- Up-to-date: /home/aitthikit/Documents/GitHub/EXAM1_WS/install/turtle_interfaces/include/turtle_interfaces/turtle_interfaces/msg/rosidl_typesupport_fastrtps_cpp__visibility_control.h
[3.109s] -- Installing: /home/aitthikit/Documents/GitHub/EXAM1_WS/install/turtle_interfaces/lib/libturtle_interfaces__rosidl_typesupport_fastrtps_cpp.so
[3.109s] -- Set runtime path of "/home/aitthikit/Documents/GitHub/EXAM1_WS/install/turtle_interfaces/lib/libturtle_interfaces__rosidl_typesupport_fastrtps_cpp.so" to ""
[3.109s] -- Up-to-date: /home/aitthikit/Documents/GitHub/EXAM1_WS/install/turtle_interfaces/include/turtle_interfaces/turtle_interfaces
[3.109s] -- Up-to-date: /home/aitthikit/Documents/GitHub/EXAM1_WS/install/turtle_interfaces/include/turtle_interfaces/turtle_interfaces/srv
[3.110s] -- Up-to-date: /home/aitthikit/Documents/GitHub/EXAM1_WS/install/turtle_interfaces/include/turtle_interfaces/turtle_interfaces/srv/detail
[3.110s] -- Installing: /home/aitthikit/Documents/GitHub/EXAM1_WS/install/turtle_interfaces/include/turtle_interfaces/turtle_interfaces/srv/detail/pizza__type_support.c
[3.110s] -- Installing: /home/aitthikit/Documents/GitHub/EXAM1_WS/install/turtle_interfaces/include/turtle_interfaces/turtle_interfaces/srv/detail/pizza__rosidl_typesupport_introspection_c.h
[3.110s] -- Up-to-date: /home/aitthikit/Documents/GitHub/EXAM1_WS/install/turtle_interfaces/include/turtle_interfaces/turtle_interfaces/msg
[3.110s] -- Up-to-date: /home/aitthikit/Documents/GitHub/EXAM1_WS/install/turtle_interfaces/include/turtle_interfaces/turtle_interfaces/msg/rosidl_typesupport_introspection_c__visibility_control.h
[3.110s] -- Installing: /home/aitthikit/Documents/GitHub/EXAM1_WS/install/turtle_interfaces/lib/libturtle_interfaces__rosidl_typesupport_introspection_c.so
[3.110s] -- Set runtime path of "/home/aitthikit/Documents/GitHub/EXAM1_WS/install/turtle_interfaces/lib/libturtle_interfaces__rosidl_typesupport_introspection_c.so" to ""
[3.111s] -- Installing: /home/aitthikit/Documents/GitHub/EXAM1_WS/install/turtle_interfaces/lib/libturtle_interfaces__rosidl_typesupport_c.so
[3.111s] -- Set runtime path of "/home/aitthikit/Documents/GitHub/EXAM1_WS/install/turtle_interfaces/lib/libturtle_interfaces__rosidl_typesupport_c.so" to ""
[3.111s] -- Up-to-date: /home/aitthikit/Documents/GitHub/EXAM1_WS/install/turtle_interfaces/include/turtle_interfaces/turtle_interfaces
[3.111s] -- Up-to-date: /home/aitthikit/Documents/GitHub/EXAM1_WS/install/turtle_interfaces/include/turtle_interfaces/turtle_interfaces/srv
[3.111s] -- Up-to-date: /home/aitthikit/Documents/GitHub/EXAM1_WS/install/turtle_interfaces/include/turtle_interfaces/turtle_interfaces/srv/detail
[3.111s] -- Installing: /home/aitthikit/Documents/GitHub/EXAM1_WS/install/turtle_interfaces/include/turtle_interfaces/turtle_interfaces/srv/detail/pizza__rosidl_typesupport_introspection_cpp.hpp
[3.111s] -- Installing: /home/aitthikit/Documents/GitHub/EXAM1_WS/install/turtle_interfaces/include/turtle_interfaces/turtle_interfaces/srv/detail/pizza__type_support.cpp
[3.112s] -- Installing: /home/aitthikit/Documents/GitHub/EXAM1_WS/install/turtle_interfaces/lib/libturtle_interfaces__rosidl_typesupport_introspection_cpp.so
[3.112s] -- Set runtime path of "/home/aitthikit/Documents/GitHub/EXAM1_WS/install/turtle_interfaces/lib/libturtle_interfaces__rosidl_typesupport_introspection_cpp.so" to ""
[3.112s] -- Installing: /home/aitthikit/Documents/GitHub/EXAM1_WS/install/turtle_interfaces/lib/libturtle_interfaces__rosidl_typesupport_cpp.so
[3.113s] -- Set runtime path of "/home/aitthikit/Documents/GitHub/EXAM1_WS/install/turtle_interfaces/lib/libturtle_interfaces__rosidl_typesupport_cpp.so" to ""
[3.113s] -- Up-to-date: /home/aitthikit/Documents/GitHub/EXAM1_WS/install/turtle_interfaces/share/turtle_interfaces/environment/pythonpath.sh
[3.113s] -- Installing: /home/aitthikit/Documents/GitHub/EXAM1_WS/install/turtle_interfaces/share/turtle_interfaces/environment/pythonpath.dsv
[3.113s] -- Up-to-date: /home/aitthikit/Documents/GitHub/EXAM1_WS/install/turtle_interfaces/local/lib/python3.10/dist-packages/turtle_interfaces-0.0.0-py3.10.egg-info
[3.113s] -- Installing: /home/aitthikit/Documents/GitHub/EXAM1_WS/install/turtle_interfaces/local/lib/python3.10/dist-packages/turtle_interfaces-0.0.0-py3.10.egg-info/dependency_links.txt
[3.113s] -- Installing: /home/aitthikit/Documents/GitHub/EXAM1_WS/install/turtle_interfaces/local/lib/python3.10/dist-packages/turtle_interfaces-0.0.0-py3.10.egg-info/SOURCES.txt
[3.113s] -- Installing: /home/aitthikit/Documents/GitHub/EXAM1_WS/install/turtle_interfaces/local/lib/python3.10/dist-packages/turtle_interfaces-0.0.0-py3.10.egg-info/top_level.txt
[3.113s] -- Installing: /home/aitthikit/Documents/GitHub/EXAM1_WS/install/turtle_interfaces/local/lib/python3.10/dist-packages/turtle_interfaces-0.0.0-py3.10.egg-info/PKG-INFO
[3.114s] -- Up-to-date: /home/aitthikit/Documents/GitHub/EXAM1_WS/install/turtle_interfaces/local/lib/python3.10/dist-packages/turtle_interfaces
[3.114s] -- Installing: /home/aitthikit/Documents/GitHub/EXAM1_WS/install/turtle_interfaces/local/lib/python3.10/dist-packages/turtle_interfaces/_turtle_interfaces_s.ep.rosidl_typesupport_fastrtps_c.c
[3.114s] -- Installing: /home/aitthikit/Documents/GitHub/EXAM1_WS/install/turtle_interfaces/local/lib/python3.10/dist-packages/turtle_interfaces/turtle_interfaces_s__rosidl_typesupport_fastrtps_c.cpython-310-x86_64-linux-gnu.so
[3.114s] -- Installing: /home/aitthikit/Documents/GitHub/EXAM1_WS/install/turtle_interfaces/local/lib/python3.10/dist-packages/turtle_interfaces/_turtle_interfaces_s.ep.rosidl_typesupport_introspection_c.c
[3.114s] -- Up-to-date: /home/aitthikit/Documents/GitHub/EXAM1_WS/install/turtle_interfaces/local/lib/python3.10/dist-packages/turtle_interfaces/srv
[3.114s] -- Installing: /home/aitthikit/Documents/GitHub/EXAM1_WS/install/turtle_interfaces/local/lib/python3.10/dist-packages/turtle_interfaces/srv/_pizza.py
[3.114s] -- Installing: /home/aitthikit/Documents/GitHub/EXAM1_WS/install/turtle_interfaces/local/lib/python3.10/dist-packages/turtle_interfaces/srv/_pizza_s.c
[3.114s] -- Installing: /home/aitthikit/Documents/GitHub/EXAM1_WS/install/turtle_interfaces/local/lib/python3.10/dist-packages/turtle_interfaces/srv/__init__.py
[3.115s] -- Installing: /home/aitthikit/Documents/GitHub/EXAM1_WS/install/turtle_interfaces/local/lib/python3.10/dist-packages/turtle_interfaces/_turtle_interfaces_s.ep.rosidl_typesupport_c.c
[3.115s] -- Installing: /home/aitthikit/Documents/GitHub/EXAM1_WS/install/turtle_interfaces/local/lib/python3.10/dist-packages/turtle_interfaces/turtle_interfaces_s__rosidl_typesupport_c.cpython-310-x86_64-linux-gnu.so
[3.115s] -- Installing: /home/aitthikit/Documents/GitHub/EXAM1_WS/install/turtle_interfaces/local/lib/python3.10/dist-packages/turtle_interfaces/turtle_interfaces_s__rosidl_typesupport_introspection_c.cpython-310-x86_64-linux-gnu.so
[3.115s] -- Installing: /home/aitthikit/Documents/GitHub/EXAM1_WS/install/turtle_interfaces/local/lib/python3.10/dist-packages/turtle_interfaces/libturtle_interfaces__rosidl_generator_py.so
[3.115s] -- Installing: /home/aitthikit/Documents/GitHub/EXAM1_WS/install/turtle_interfaces/local/lib/python3.10/dist-packages/turtle_interfaces/__init__.py
[3.155s] Listing '/home/aitthikit/Documents/GitHub/EXAM1_WS/install/turtle_interfaces/local/lib/python3.10/dist-packages/turtle_interfaces'...
[3.155s] Compiling '/home/aitthikit/Documents/GitHub/EXAM1_WS/install/turtle_interfaces/local/lib/python3.10/dist-packages/turtle_interfaces/__init__.py'...
[3.155s] Listing '/home/aitthikit/Documents/GitHub/EXAM1_WS/install/turtle_interfaces/local/lib/python3.10/dist-packages/turtle_interfaces/srv'...
[3.155s] Compiling '/home/aitthikit/Documents/GitHub/EXAM1_WS/install/turtle_interfaces/local/lib/python3.10/dist-packages/turtle_interfaces/srv/__init__.py'...
[3.155s] Compiling '/home/aitthikit/Documents/GitHub/EXAM1_WS/install/turtle_interfaces/local/lib/python3.10/dist-packages/turtle_interfaces/srv/_pizza.py'...
[3.158s] -- Installing: /home/aitthikit/Documents/GitHub/EXAM1_WS/install/turtle_interfaces/local/lib/python3.10/dist-packages/turtle_interfaces/turtle_interfaces_s__rosidl_typesupport_fastrtps_c.cpython-310-x86_64-linux-gnu.so
[3.159s] -- Set runtime path of "/home/aitthikit/Documents/GitHub/EXAM1_WS/install/turtle_interfaces/local/lib/python3.10/dist-packages/turtle_interfaces/turtle_interfaces_s__rosidl_typesupport_fastrtps_c.cpython-310-x86_64-linux-gnu.so" to ""
[3.159s] -- Installing: /home/aitthikit/Documents/GitHub/EXAM1_WS/install/turtle_interfaces/local/lib/python3.10/dist-packages/turtle_interfaces/turtle_interfaces_s__rosidl_typesupport_introspection_c.cpython-310-x86_64-linux-gnu.so
[3.159s] -- Set runtime path of "/home/aitthikit/Documents/GitHub/EXAM1_WS/install/turtle_interfaces/local/lib/python3.10/dist-packages/turtle_interfaces/turtle_interfaces_s__rosidl_typesupport_introspection_c.cpython-310-x86_64-linux-gnu.so" to ""
[3.160s] -- Installing: /home/aitthikit/Documents/GitHub/EXAM1_WS/install/turtle_interfaces/local/lib/python3.10/dist-packages/turtle_interfaces/turtle_interfaces_s__rosidl_typesupport_c.cpython-310-x86_64-linux-gnu.so
[3.160s] -- Set runtime path of "/home/aitthikit/Documents/GitHub/EXAM1_WS/install/turtle_interfaces/local/lib/python3.10/dist-packages/turtle_interfaces/turtle_interfaces_s__rosidl_typesupport_c.cpython-310-x86_64-linux-gnu.so" to ""
[3.160s] -- Installing: /home/aitthikit/Documents/GitHub/EXAM1_WS/install/turtle_interfaces/lib/libturtle_interfaces__rosidl_generator_py.so
[3.161s] -- Set runtime path of "/home/aitthikit/Documents/GitHub/EXAM1_WS/install/turtle_interfaces/lib/libturtle_interfaces__rosidl_generator_py.so" to ""
[3.161s] -- Installing: /home/aitthikit/Documents/GitHub/EXAM1_WS/install/turtle_interfaces/share/turtle_interfaces/srv/Pizza.idl
[3.161s] -- Installing: /home/aitthikit/Documents/GitHub/EXAM1_WS/install/turtle_interfaces/share/turtle_interfaces/srv/Pizza.srv
[3.161s] -- Installing: /home/aitthikit/Documents/GitHub/EXAM1_WS/install/turtle_interfaces/share/turtle_interfaces/srv/Pizza_Request.msg
[3.161s] -- Up-to-date: /home/aitthikit/Documents/GitHub/EXAM1_WS/install/turtle_interfaces/share/turtle_interfaces/srv/Pizza_Response.msg
[3.161s] -- Up-to-date: /home/aitthikit/Documents/GitHub/EXAM1_WS/install/turtle_interfaces/share/ament_index/resource_index/package_run_dependencies/turtle_interfaces
[3.161s] -- Installing: /home/aitthikit/Documents/GitHub/EXAM1_WS/install/turtle_interfaces/share/ament_index/resource_index/parent_prefix_path/turtle_interfaces
[3.162s] -- Up-to-date: /home/aitthikit/Documents/GitHub/EXAM1_WS/install/turtle_interfaces/share/turtle_interfaces/environment/ament_prefix_path.sh
[3.162s] -- Installing: /home/aitthikit/Documents/GitHub/EXAM1_WS/install/turtle_interfaces/share/turtle_interfaces/environment/ament_prefix_path.dsv
[3.162s] -- Up-to-date: /home/aitthikit/Documents/GitHub/EXAM1_WS/install/turtle_interfaces/share/turtle_interfaces/environment/path.sh
[3.162s] -- Installing: /home/aitthikit/Documents/GitHub/EXAM1_WS/install/turtle_interfaces/share/turtle_interfaces/environment/path.dsv
[3.162s] -- Up-to-date: /home/aitthikit/Documents/GitHub/EXAM1_WS/install/turtle_interfaces/share/turtle_interfaces/local_setup.bash
[3.162s] -- Up-to-date: /home/aitthikit/Documents/GitHub/EXAM1_WS/install/turtle_interfaces/share/turtle_interfaces/local_setup.sh
[3.162s] -- Up-to-date: /home/aitthikit/Documents/GitHub/EXAM1_WS/install/turtle_interfaces/share/turtle_interfaces/local_setup.zsh
[3.162s] -- Installing: /home/aitthikit/Documents/GitHub/EXAM1_WS/install/turtle_interfaces/share/turtle_interfaces/local_setup.dsv
[3.162s] -- Installing: /home/aitthikit/Documents/GitHub/EXAM1_WS/install/turtle_interfaces/share/turtle_interfaces/package.dsv
[3.163s] -- Up-to-date: /home/aitthikit/Documents/GitHub/EXAM1_WS/install/turtle_interfaces/share/ament_index/resource_index/packages/turtle_interfaces
[3.163s] -- Up-to-date: /home/aitthikit/Documents/GitHub/EXAM1_WS/install/turtle_interfaces/share/turtle_interfaces/cmake/export_turtle_interfaces__rosidl_generator_cExport.cmake
[3.163s] -- Up-to-date: /home/aitthikit/Documents/GitHub/EXAM1_WS/install/turtle_interfaces/share/turtle_interfaces/cmake/export_turtle_interfaces__rosidl_generator_cExport-noconfig.cmake
[3.163s] -- Up-to-date: /home/aitthikit/Documents/GitHub/EXAM1_WS/install/turtle_interfaces/share/turtle_interfaces/cmake/export_turtle_interfaces__rosidl_typesupport_fastrtps_cExport.cmake
[3.163s] -- Up-to-date: /home/aitthikit/Documents/GitHub/EXAM1_WS/install/turtle_interfaces/share/turtle_interfaces/cmake/export_turtle_interfaces__rosidl_typesupport_fastrtps_cExport-noconfig.cmake
[3.163s] -- Up-to-date: /home/aitthikit/Documents/GitHub/EXAM1_WS/install/turtle_interfaces/share/turtle_interfaces/cmake/export_turtle_interfaces__rosidl_generator_cppExport.cmake
[3.163s] -- Up-to-date: /home/aitthikit/Documents/GitHub/EXAM1_WS/install/turtle_interfaces/share/turtle_interfaces/cmake/export_turtle_interfaces__rosidl_typesupport_fastrtps_cppExport.cmake
[3.163s] -- Up-to-date: /home/aitthikit/Documents/GitHub/EXAM1_WS/install/turtle_interfaces/share/turtle_interfaces/cmake/export_turtle_interfaces__rosidl_typesupport_fastrtps_cppExport-noconfig.cmake
[3.163s] -- Up-to-date: /home/aitthikit/Documents/GitHub/EXAM1_WS/install/turtle_interfaces/share/turtle_interfaces/cmake/turtle_interfaces__rosidl_typesupport_introspection_cExport.cmake
[3.163s] -- Up-to-date: /home/aitthikit/Documents/GitHub/EXAM1_WS/install/turtle_interfaces/share/turtle_interfaces/cmake/turtle_interfaces__rosidl_typesupport_introspection_cExport-noconfig.cmake
[3.164s] -- Up-to-date: /home/aitthikit/Documents/GitHub/EXAM1_WS/install/turtle_interfaces/share/turtle_interfaces/cmake/turtle_interfaces__rosidl_typesupport_cExport.cmake
[3.164s] -- Up-to-date: /home/aitthikit/Documents/GitHub/EXAM1_WS/install/turtle_interfaces/share/turtle_interfaces/cmake/turtle_interfaces__rosidl_typesupport_cExport-noconfig.cmake
[3.164s] -- Up-to-date: /home/aitthikit/Documents/GitHub/EXAM1_WS/install/turtle_interfaces/share/turtle_interfaces/cmake/turtle_interfaces__rosidl_typesupport_introspection_cppExport.cmake
[3.164s] -- Up-to-date: /home/aitthikit/Documents/GitHub/EXAM1_WS/install/turtle_interfaces/share/turtle_interfaces/cmake/turtle_interfaces__rosidl_typesupport_introspection_cppExport-noconfig.cmake
[3.164s] -- Up-to-date: /home/aitthikit/Documents/GitHub/EXAM1_WS/install/turtle_interfaces/share/turtle_interfaces/cmake/turtle_interfaces__rosidl_typesupport_cppExport.cmake
[3.164s] -- Up-to-date: /home/aitthikit/Documents/GitHub/EXAM1_WS/install/turtle_interfaces/share/turtle_interfaces/cmake/turtle_interfaces__rosidl_typesupport_cppExport-noconfig.cmake
[3.164s] -- Up-to-date: /home/aitthikit/Documents/GitHub/EXAM1_WS/install/turtle_interfaces/share/turtle_interfaces/cmake/export_turtle_interfaces__rosidl_generator_pyExport.cmake
[3.164s] -- Up-to-date: /home/aitthikit/Documents/GitHub/EXAM1_WS/install/turtle_interfaces/share/turtle_interfaces/cmake/export_turtle_interfaces__rosidl_generator_pyExport-noconfig.cmake
[3.164s] -- Up-to-date: /home/aitthikit/Documents/GitHub/EXAM1_WS/install/turtle_interfaces/share/turtle_interfaces/cmake/rosidl_cmake-extras.cmake
[3.164s] -- Up-to-date: /home/aitthikit/Documents/GitHub/EXAM1_WS/install/turtle_interfaces/share/turtle_interfaces/cmake/ament_cmake_export_dependencies-extras.cmake
[3.164s] -- Up-to-date: /home/aitthikit/Documents/GitHub/EXAM1_WS/install/turtle_interfaces/share/turtle_interfaces/cmake/ament_cmake_export_include_directories-extras.cmake
[3.165s] -- Up-to-date: /home/aitthikit/Documents/GitHub/EXAM1_WS/install/turtle_interfaces/share/turtle_interfaces/cmake/ament_cmake_export_libraries-extras.cmake
[3.165s] -- Up-to-date: /home/aitthikit/Documents/GitHub/EXAM1_WS/install/turtle_interfaces/share/turtle_interfaces/cmake/ament_cmake_export_targets-extras.cmake
[3.165s] -- Up-to-date: /home/aitthikit/Documents/GitHub/EXAM1_WS/install/turtle_interfaces/share/turtle_interfaces/cmake/rosidl_cmake_export_typesupport_targets-extras.cmake
[3.165s] -- Up-to-date: /home/aitthikit/Documents/GitHub/EXAM1_WS/install/turtle_interfaces/share/turtle_interfaces/cmake/rosidl_cmake_export_typesupport_libraries-extras.cmake
[3.165s] -- Up-to-date: /home/aitthikit/Documents/GitHub/EXAM1_WS/install/turtle_interfaces/share/turtle_interfaces/cmake/turtle_interfacesConfig.cmake
[3.165s] -- Up-to-date: /home/aitthikit/Documents/GitHub/EXAM1_WS/install/turtle_interfaces/share/turtle_interfaces/cmake/turtle_interfacesConfig-version.cmake
[3.165s] -- Up-to-date: /home/aitthikit/Documents/GitHub/EXAM1_WS/install/turtle_interfaces/share/turtle_interfaces/package.xml
[3.167s] Invoked command in '/home/aitthikit/Documents/GitHub/EXAM1_WS/build/turtle_interfaces' returned '0': CMAKE_PREFIX_PATH=${CMAKE_PREFIX_PATH}:/home/aitthikit/Memekhos_ws/install/launch_testing_examples:/home/aitthikit/Memekhos_ws/install/examples_rclpy_pointcloud_publisher:/home/aitthikit/Memekhos_ws/install/examples_rclpy_minimal_subscriber:/home/aitthikit/Memekhos_ws/install/examples_rclpy_minimal_service:/home/aitthikit/Memekhos_ws/install/examples_rclpy_minimal_publisher:/home/aitthikit/Memekhos_ws/install/examples_rclpy_minimal_client:/home/aitthikit/Memekhos_ws/install/examples_rclpy_minimal_action_server:/home/aitthikit/Memekhos_ws/install/examples_rclpy_minimal_action_client:/home/aitthikit/Memekhos_ws/install/examples_rclpy_guard_conditions:/home/aitthikit/Memekhos_ws/install/examples_rclpy_executors:/opt/ros/humble /usr/bin/cmake --install /home/aitthikit/Documents/GitHub/EXAM1_WS/build/turtle_interfaces
