[0.281s] Invoking command in '/home/aitthikit/Documents/GitHub/EXAM1_WS/build/turtle_interfaces': CMAKE_PREFIX_PATH=${CMAKE_PREFIX_PATH}:/home/aitthikit/Documents/GitHub/EXAM1_WS/install/teleop_twist_keyboard:/home/aitthikit/Memekhos_ws/install/launch_testing_examples:/home/aitthikit/Memekhos_ws/install/examples_rclpy_pointcloud_publisher:/home/aitthikit/Memekhos_ws/install/examples_rclpy_minimal_subscriber:/home/aitthikit/Memekhos_ws/install/examples_rclpy_minimal_service:/home/aitthikit/Memekhos_ws/install/examples_rclpy_minimal_publisher:/home/aitthikit/Memekhos_ws/install/examples_rclpy_minimal_client:/home/aitthikit/Memekhos_ws/install/examples_rclpy_minimal_action_server:/home/aitthikit/Memekhos_ws/install/examples_rclpy_minimal_action_client:/home/aitthikit/Memekhos_ws/install/examples_rclpy_guard_conditions:/home/aitthikit/Memekhos_ws/install/examples_rclpy_executors:/opt/ros/humble /usr/bin/cmake --build /home/aitthikit/Documents/GitHub/EXAM1_WS/build/turtle_interfaces -- -j12 -l12
[0.332s] [  3%] Built target turtle_interfaces__cpp
[0.333s] [ 12%] Built target turtle_interfaces__rosidl_generator_c
[0.346s] [ 12%] Built target ament_cmake_python_copy_turtle_interfaces
[0.357s] [ 22%] Built target turtle_interfaces__rosidl_typesupport_c
[0.361s] [ 32%] Built target turtle_interfaces__rosidl_typesupport_introspection_c
[0.365s] [ 61%] Built target turtle_interfaces__rosidl_typesupport_introspection_cpp
[0.365s] [ 61%] Built target turtle_interfaces__rosidl_typesupport_fastrtps_c
[0.365s] [ 61%] Built target turtle_interfaces__rosidl_typesupport_cpp
[0.366s] [ 70%] Built target turtle_interfaces__rosidl_typesupport_fastrtps_cpp
[0.387s] [ 70%] Built target turtle_interfaces
[0.411s] [ 74%] Built target turtle_interfaces__py
[0.435s] [ 80%] Built target turtle_interfaces__rosidl_generator_py
[0.459s] [100%] Built target turtle_interfaces__rosidl_typesupport_introspection_c__pyext
[0.459s] [100%] Built target turtle_interfaces__rosidl_typesupport_c__pyext
[0.459s] [100%] Built target turtle_interfaces__rosidl_typesupport_fastrtps_c__pyext
[0.613s] running egg_info
[0.614s] writing turtle_interfaces.egg-info/PKG-INFO
[0.614s] writing dependency_links to turtle_interfaces.egg-info/dependency_links.txt
[0.614s] writing top-level names to turtle_interfaces.egg-info/top_level.txt
[0.616s] reading manifest file 'turtle_interfaces.egg-info/SOURCES.txt'
[0.617s] writing manifest file 'turtle_interfaces.egg-info/SOURCES.txt'
[0.646s] [100%] Built target ament_cmake_python_build_turtle_interfaces_egg
[0.657s] Invoked command in '/home/aitthikit/Documents/GitHub/EXAM1_WS/build/turtle_interfaces' returned '0': CMAKE_PREFIX_PATH=${CMAKE_PREFIX_PATH}:/home/aitthikit/Documents/GitHub/EXAM1_WS/install/teleop_twist_keyboard:/home/aitthikit/Memekhos_ws/install/launch_testing_examples:/home/aitthikit/Memekhos_ws/install/examples_rclpy_pointcloud_publisher:/home/aitthikit/Memekhos_ws/install/examples_rclpy_minimal_subscriber:/home/aitthikit/Memekhos_ws/install/examples_rclpy_minimal_service:/home/aitthikit/Memekhos_ws/install/examples_rclpy_minimal_publisher:/home/aitthikit/Memekhos_ws/install/examples_rclpy_minimal_client:/home/aitthikit/Memekhos_ws/install/examples_rclpy_minimal_action_server:/home/aitthikit/Memekhos_ws/install/examples_rclpy_minimal_action_client:/home/aitthikit/Memekhos_ws/install/examples_rclpy_guard_conditions:/home/aitthikit/Memekhos_ws/install/examples_rclpy_executors:/opt/ros/humble /usr/bin/cmake --build /home/aitthikit/Documents/GitHub/EXAM1_WS/build/turtle_interfaces -- -j12 -l12
[0.732s] Invoking command in '/home/aitthikit/Documents/GitHub/EXAM1_WS/build/turtle_interfaces': CMAKE_PREFIX_PATH=${CMAKE_PREFIX_PATH}:/home/aitthikit/Documents/GitHub/EXAM1_WS/install/teleop_twist_keyboard:/home/aitthikit/Memekhos_ws/install/launch_testing_examples:/home/aitthikit/Memekhos_ws/install/examples_rclpy_pointcloud_publisher:/home/aitthikit/Memekhos_ws/install/examples_rclpy_minimal_subscriber:/home/aitthikit/Memekhos_ws/install/examples_rclpy_minimal_service:/home/aitthikit/Memekhos_ws/install/examples_rclpy_minimal_publisher:/home/aitthikit/Memekhos_ws/install/examples_rclpy_minimal_client:/home/aitthikit/Memekhos_ws/install/examples_rclpy_minimal_action_server:/home/aitthikit/Memekhos_ws/install/examples_rclpy_minimal_action_client:/home/aitthikit/Memekhos_ws/install/examples_rclpy_guard_conditions:/home/aitthikit/Memekhos_ws/install/examples_rclpy_executors:/opt/ros/humble /usr/bin/cmake --install /home/aitthikit/Documents/GitHub/EXAM1_WS/build/turtle_interfaces
[0.740s] -- Install configuration: ""
[0.740s] -- Up-to-date: /home/aitthikit/Documents/GitHub/EXAM1_WS/install/turtle_interfaces/share/ament_index/resource_index/rosidl_interfaces/turtle_interfaces
[0.740s] -- Up-to-date: /home/aitthikit/Documents/GitHub/EXAM1_WS/install/turtle_interfaces/include/turtle_interfaces/turtle_interfaces
[0.740s] -- Up-to-date: /home/aitthikit/Documents/GitHub/EXAM1_WS/install/turtle_interfaces/include/turtle_interfaces/turtle_interfaces/srv
[0.741s] -- Up-to-date: /home/aitthikit/Documents/GitHub/EXAM1_WS/install/turtle_interfaces/include/turtle_interfaces/turtle_interfaces/srv/detail
[0.741s] -- Up-to-date: /home/aitthikit/Documents/GitHub/EXAM1_WS/install/turtle_interfaces/include/turtle_interfaces/turtle_interfaces/srv/detail/pizza__struct.h
[0.741s] -- Up-to-date: /home/aitthikit/Documents/GitHub/EXAM1_WS/install/turtle_interfaces/include/turtle_interfaces/turtle_interfaces/srv/detail/pizza__type_support.h
[0.741s] -- Up-to-date: /home/aitthikit/Documents/GitHub/EXAM1_WS/install/turtle_interfaces/include/turtle_interfaces/turtle_interfaces/srv/detail/pizza__functions.h
[0.741s] -- Up-to-date: /home/aitthikit/Documents/GitHub/EXAM1_WS/install/turtle_interfaces/include/turtle_interfaces/turtle_interfaces/srv/detail/pizza__functions.c
[0.741s] -- Up-to-date: /home/aitthikit/Documents/GitHub/EXAM1_WS/install/turtle_interfaces/include/turtle_interfaces/turtle_interfaces/srv/pizza.h
[0.741s] -- Up-to-date: /home/aitthikit/Documents/GitHub/EXAM1_WS/install/turtle_interfaces/include/turtle_interfaces/turtle_interfaces/msg
[0.741s] -- Up-to-date: /home/aitthikit/Documents/GitHub/EXAM1_WS/install/turtle_interfaces/include/turtle_interfaces/turtle_interfaces/msg/rosidl_generator_c__visibility_control.h
[0.741s] -- Up-to-date: /home/aitthikit/Documents/GitHub/EXAM1_WS/install/turtle_interfaces/share/turtle_interfaces/environment/library_path.sh
[0.741s] -- Up-to-date: /home/aitthikit/Documents/GitHub/EXAM1_WS/install/turtle_interfaces/share/turtle_interfaces/environment/library_path.dsv
[0.741s] -- Up-to-date: /home/aitthikit/Documents/GitHub/EXAM1_WS/install/turtle_interfaces/lib/libturtle_interfaces__rosidl_generator_c.so
[0.741s] -- Up-to-date: /home/aitthikit/Documents/GitHub/EXAM1_WS/install/turtle_interfaces/include/turtle_interfaces/turtle_interfaces
[0.741s] -- Up-to-date: /home/aitthikit/Documents/GitHub/EXAM1_WS/install/turtle_interfaces/include/turtle_interfaces/turtle_interfaces/srv
[0.742s] -- Up-to-date: /home/aitthikit/Documents/GitHub/EXAM1_WS/install/turtle_interfaces/include/turtle_interfaces/turtle_interfaces/srv/detail
[0.742s] -- Up-to-date: /home/aitthikit/Documents/GitHub/EXAM1_WS/install/turtle_interfaces/include/turtle_interfaces/turtle_interfaces/srv/detail/pizza__rosidl_typesupport_fastrtps_c.h
[0.742s] -- Up-to-date: /home/aitthikit/Documents/GitHub/EXAM1_WS/install/turtle_interfaces/include/turtle_interfaces/turtle_interfaces/msg
[0.742s] -- Up-to-date: /home/aitthikit/Documents/GitHub/EXAM1_WS/install/turtle_interfaces/include/turtle_interfaces/turtle_interfaces/msg/rosidl_typesupport_fastrtps_c__visibility_control.h
[0.742s] -- Up-to-date: /home/aitthikit/Documents/GitHub/EXAM1_WS/install/turtle_interfaces/lib/libturtle_interfaces__rosidl_typesupport_fastrtps_c.so
[0.742s] -- Up-to-date: /home/aitthikit/Documents/GitHub/EXAM1_WS/install/turtle_interfaces/include/turtle_interfaces/turtle_interfaces
[0.742s] -- Up-to-date: /home/aitthikit/Documents/GitHub/EXAM1_WS/install/turtle_interfaces/include/turtle_interfaces/turtle_interfaces/srv
[0.742s] -- Up-to-date: /home/aitthikit/Documents/GitHub/EXAM1_WS/install/turtle_interfaces/include/turtle_interfaces/turtle_interfaces/srv/detail
[0.742s] -- Up-to-date: /home/aitthikit/Documents/GitHub/EXAM1_WS/install/turtle_interfaces/include/turtle_interfaces/turtle_interfaces/srv/detail/pizza__traits.hpp
[0.742s] -- Up-to-date: /home/aitthikit/Documents/GitHub/EXAM1_WS/install/turtle_interfaces/include/turtle_interfaces/turtle_interfaces/srv/detail/pizza__builder.hpp
[0.742s] -- Up-to-date: /home/aitthikit/Documents/GitHub/EXAM1_WS/install/turtle_interfaces/include/turtle_interfaces/turtle_interfaces/srv/detail/pizza__struct.hpp
[0.742s] -- Up-to-date: /home/aitthikit/Documents/GitHub/EXAM1_WS/install/turtle_interfaces/include/turtle_interfaces/turtle_interfaces/srv/pizza.hpp
[0.742s] -- Up-to-date: /home/aitthikit/Documents/GitHub/EXAM1_WS/install/turtle_interfaces/include/turtle_interfaces/turtle_interfaces
[0.742s] -- Up-to-date: /home/aitthikit/Documents/GitHub/EXAM1_WS/install/turtle_interfaces/include/turtle_interfaces/turtle_interfaces/srv
[0.742s] -- Up-to-date: /home/aitthikit/Documents/GitHub/EXAM1_WS/install/turtle_interfaces/include/turtle_interfaces/turtle_interfaces/srv/detail
[0.743s] -- Up-to-date: /home/aitthikit/Documents/GitHub/EXAM1_WS/install/turtle_interfaces/include/turtle_interfaces/turtle_interfaces/srv/detail/pizza__rosidl_typesupport_fastrtps_cpp.hpp
[0.743s] -- Up-to-date: /home/aitthikit/Documents/GitHub/EXAM1_WS/install/turtle_interfaces/include/turtle_interfaces/turtle_interfaces/srv/detail/dds_fastrtps
[0.743s] -- Up-to-date: /home/aitthikit/Documents/GitHub/EXAM1_WS/install/turtle_interfaces/include/turtle_interfaces/turtle_interfaces/msg
[0.743s] -- Up-to-date: /home/aitthikit/Documents/GitHub/EXAM1_WS/install/turtle_interfaces/include/turtle_interfaces/turtle_interfaces/msg/rosidl_typesupport_fastrtps_cpp__visibility_control.h
[0.743s] -- Up-to-date: /home/aitthikit/Documents/GitHub/EXAM1_WS/install/turtle_interfaces/lib/libturtle_interfaces__rosidl_typesupport_fastrtps_cpp.so
[0.743s] -- Up-to-date: /home/aitthikit/Documents/GitHub/EXAM1_WS/install/turtle_interfaces/include/turtle_interfaces/turtle_interfaces
[0.743s] -- Up-to-date: /home/aitthikit/Documents/GitHub/EXAM1_WS/install/turtle_interfaces/include/turtle_interfaces/turtle_interfaces/srv
[0.743s] -- Up-to-date: /home/aitthikit/Documents/GitHub/EXAM1_WS/install/turtle_interfaces/include/turtle_interfaces/turtle_interfaces/srv/detail
[0.743s] -- Up-to-date: /home/aitthikit/Documents/GitHub/EXAM1_WS/install/turtle_interfaces/include/turtle_interfaces/turtle_interfaces/srv/detail/pizza__type_support.c
[0.743s] -- Up-to-date: /home/aitthikit/Documents/GitHub/EXAM1_WS/install/turtle_interfaces/include/turtle_interfaces/turtle_interfaces/srv/detail/pizza__rosidl_typesupport_introspection_c.h
[0.743s] -- Up-to-date: /home/aitthikit/Documents/GitHub/EXAM1_WS/install/turtle_interfaces/include/turtle_interfaces/turtle_interfaces/msg
[0.743s] -- Up-to-date: /home/aitthikit/Documents/GitHub/EXAM1_WS/install/turtle_interfaces/include/turtle_interfaces/turtle_interfaces/msg/rosidl_typesupport_introspection_c__visibility_control.h
[0.743s] -- Up-to-date: /home/aitthikit/Documents/GitHub/EXAM1_WS/install/turtle_interfaces/lib/libturtle_interfaces__rosidl_typesupport_introspection_c.so
[0.743s] -- Up-to-date: /home/aitthikit/Documents/GitHub/EXAM1_WS/install/turtle_interfaces/lib/libturtle_interfaces__rosidl_typesupport_c.so
[0.744s] -- Up-to-date: /home/aitthikit/Documents/GitHub/EXAM1_WS/install/turtle_interfaces/include/turtle_interfaces/turtle_interfaces
[0.744s] -- Up-to-date: /home/aitthikit/Documents/GitHub/EXAM1_WS/install/turtle_interfaces/include/turtle_interfaces/turtle_interfaces/srv
[0.744s] -- Up-to-date: /home/aitthikit/Documents/GitHub/EXAM1_WS/install/turtle_interfaces/include/turtle_interfaces/turtle_interfaces/srv/detail
[0.744s] -- Up-to-date: /home/aitthikit/Documents/GitHub/EXAM1_WS/install/turtle_interfaces/include/turtle_interfaces/turtle_interfaces/srv/detail/pizza__rosidl_typesupport_introspection_cpp.hpp
[0.744s] -- Up-to-date: /home/aitthikit/Documents/GitHub/EXAM1_WS/install/turtle_interfaces/include/turtle_interfaces/turtle_interfaces/srv/detail/pizza__type_support.cpp
[0.744s] -- Up-to-date: /home/aitthikit/Documents/GitHub/EXAM1_WS/install/turtle_interfaces/lib/libturtle_interfaces__rosidl_typesupport_introspection_cpp.so
[0.744s] -- Up-to-date: /home/aitthikit/Documents/GitHub/EXAM1_WS/install/turtle_interfaces/lib/libturtle_interfaces__rosidl_typesupport_cpp.so
[0.745s] -- Up-to-date: /home/aitthikit/Documents/GitHub/EXAM1_WS/install/turtle_interfaces/share/turtle_interfaces/environment/pythonpath.sh
[0.745s] -- Up-to-date: /home/aitthikit/Documents/GitHub/EXAM1_WS/install/turtle_interfaces/share/turtle_interfaces/environment/pythonpath.dsv
[0.745s] -- Up-to-date: /home/aitthikit/Documents/GitHub/EXAM1_WS/install/turtle_interfaces/local/lib/python3.10/dist-packages/turtle_interfaces-0.0.0-py3.10.egg-info
[0.745s] -- Installing: /home/aitthikit/Documents/GitHub/EXAM1_WS/install/turtle_interfaces/local/lib/python3.10/dist-packages/turtle_interfaces-0.0.0-py3.10.egg-info/dependency_links.txt
[0.745s] -- Installing: /home/aitthikit/Documents/GitHub/EXAM1_WS/install/turtle_interfaces/local/lib/python3.10/dist-packages/turtle_interfaces-0.0.0-py3.10.egg-info/SOURCES.txt
[0.745s] -- Installing: /home/aitthikit/Documents/GitHub/EXAM1_WS/install/turtle_interfaces/local/lib/python3.10/dist-packages/turtle_interfaces-0.0.0-py3.10.egg-info/top_level.txt
[0.745s] -- Installing: /home/aitthikit/Documents/GitHub/EXAM1_WS/install/turtle_interfaces/local/lib/python3.10/dist-packages/turtle_interfaces-0.0.0-py3.10.egg-info/PKG-INFO
[0.745s] -- Up-to-date: /home/aitthikit/Documents/GitHub/EXAM1_WS/install/turtle_interfaces/local/lib/python3.10/dist-packages/turtle_interfaces
[0.746s] -- Up-to-date: /home/aitthikit/Documents/GitHub/EXAM1_WS/install/turtle_interfaces/local/lib/python3.10/dist-packages/turtle_interfaces/_turtle_interfaces_s.ep.rosidl_typesupport_fastrtps_c.c
[0.746s] -- Up-to-date: /home/aitthikit/Documents/GitHub/EXAM1_WS/install/turtle_interfaces/local/lib/python3.10/dist-packages/turtle_interfaces/turtle_interfaces_s__rosidl_typesupport_fastrtps_c.cpython-310-x86_64-linux-gnu.so
[0.746s] -- Up-to-date: /home/aitthikit/Documents/GitHub/EXAM1_WS/install/turtle_interfaces/local/lib/python3.10/dist-packages/turtle_interfaces/_turtle_interfaces_s.ep.rosidl_typesupport_introspection_c.c
[0.746s] -- Up-to-date: /home/aitthikit/Documents/GitHub/EXAM1_WS/install/turtle_interfaces/local/lib/python3.10/dist-packages/turtle_interfaces/srv
[0.746s] -- Up-to-date: /home/aitthikit/Documents/GitHub/EXAM1_WS/install/turtle_interfaces/local/lib/python3.10/dist-packages/turtle_interfaces/srv/_pizza.py
[0.746s] -- Up-to-date: /home/aitthikit/Documents/GitHub/EXAM1_WS/install/turtle_interfaces/local/lib/python3.10/dist-packages/turtle_interfaces/srv/_pizza_s.c
[0.746s] -- Up-to-date: /home/aitthikit/Documents/GitHub/EXAM1_WS/install/turtle_interfaces/local/lib/python3.10/dist-packages/turtle_interfaces/srv/__init__.py
[0.746s] -- Up-to-date: /home/aitthikit/Documents/GitHub/EXAM1_WS/install/turtle_interfaces/local/lib/python3.10/dist-packages/turtle_interfaces/_turtle_interfaces_s.ep.rosidl_typesupport_c.c
[0.746s] -- Up-to-date: /home/aitthikit/Documents/GitHub/EXAM1_WS/install/turtle_interfaces/local/lib/python3.10/dist-packages/turtle_interfaces/turtle_interfaces_s__rosidl_typesupport_c.cpython-310-x86_64-linux-gnu.so
[0.746s] -- Up-to-date: /home/aitthikit/Documents/GitHub/EXAM1_WS/install/turtle_interfaces/local/lib/python3.10/dist-packages/turtle_interfaces/turtle_interfaces_s__rosidl_typesupport_introspection_c.cpython-310-x86_64-linux-gnu.so
[0.747s] -- Up-to-date: /home/aitthikit/Documents/GitHub/EXAM1_WS/install/turtle_interfaces/local/lib/python3.10/dist-packages/turtle_interfaces/libturtle_interfaces__rosidl_generator_py.so
[0.747s] -- Up-to-date: /home/aitthikit/Documents/GitHub/EXAM1_WS/install/turtle_interfaces/local/lib/python3.10/dist-packages/turtle_interfaces/__init__.py
[0.786s] Listing '/home/aitthikit/Documents/GitHub/EXAM1_WS/install/turtle_interfaces/local/lib/python3.10/dist-packages/turtle_interfaces'...
[0.786s] Listing '/home/aitthikit/Documents/GitHub/EXAM1_WS/install/turtle_interfaces/local/lib/python3.10/dist-packages/turtle_interfaces/srv'...
[0.790s] -- Up-to-date: /home/aitthikit/Documents/GitHub/EXAM1_WS/install/turtle_interfaces/local/lib/python3.10/dist-packages/turtle_interfaces/turtle_interfaces_s__rosidl_typesupport_fastrtps_c.cpython-310-x86_64-linux-gnu.so
[0.791s] -- Up-to-date: /home/aitthikit/Documents/GitHub/EXAM1_WS/install/turtle_interfaces/local/lib/python3.10/dist-packages/turtle_interfaces/turtle_interfaces_s__rosidl_typesupport_introspection_c.cpython-310-x86_64-linux-gnu.so
[0.791s] -- Up-to-date: /home/aitthikit/Documents/GitHub/EXAM1_WS/install/turtle_interfaces/local/lib/python3.10/dist-packages/turtle_interfaces/turtle_interfaces_s__rosidl_typesupport_c.cpython-310-x86_64-linux-gnu.so
[0.791s] -- Up-to-date: /home/aitthikit/Documents/GitHub/EXAM1_WS/install/turtle_interfaces/lib/libturtle_interfaces__rosidl_generator_py.so
[0.792s] -- Up-to-date: /home/aitthikit/Documents/GitHub/EXAM1_WS/install/turtle_interfaces/share/turtle_interfaces/srv/Pizza.idl
[0.792s] -- Up-to-date: /home/aitthikit/Documents/GitHub/EXAM1_WS/install/turtle_interfaces/share/turtle_interfaces/srv/Pizza.srv
[0.792s] -- Up-to-date: /home/aitthikit/Documents/GitHub/EXAM1_WS/install/turtle_interfaces/share/turtle_interfaces/srv/Pizza_Request.msg
[0.792s] -- Up-to-date: /home/aitthikit/Documents/GitHub/EXAM1_WS/install/turtle_interfaces/share/turtle_interfaces/srv/Pizza_Response.msg
[0.792s] -- Up-to-date: /home/aitthikit/Documents/GitHub/EXAM1_WS/install/turtle_interfaces/share/ament_index/resource_index/package_run_dependencies/turtle_interfaces
[0.792s] -- Up-to-date: /home/aitthikit/Documents/GitHub/EXAM1_WS/install/turtle_interfaces/share/ament_index/resource_index/parent_prefix_path/turtle_interfaces
[0.792s] -- Up-to-date: /home/aitthikit/Documents/GitHub/EXAM1_WS/install/turtle_interfaces/share/turtle_interfaces/environment/ament_prefix_path.sh
[0.793s] -- Up-to-date: /home/aitthikit/Documents/GitHub/EXAM1_WS/install/turtle_interfaces/share/turtle_interfaces/environment/ament_prefix_path.dsv
[0.793s] -- Up-to-date: /home/aitthikit/Documents/GitHub/EXAM1_WS/install/turtle_interfaces/share/turtle_interfaces/environment/path.sh
[0.793s] -- Up-to-date: /home/aitthikit/Documents/GitHub/EXAM1_WS/install/turtle_interfaces/share/turtle_interfaces/environment/path.dsv
[0.793s] -- Up-to-date: /home/aitthikit/Documents/GitHub/EXAM1_WS/install/turtle_interfaces/share/turtle_interfaces/local_setup.bash
[0.793s] -- Up-to-date: /home/aitthikit/Documents/GitHub/EXAM1_WS/install/turtle_interfaces/share/turtle_interfaces/local_setup.sh
[0.793s] -- Up-to-date: /home/aitthikit/Documents/GitHub/EXAM1_WS/install/turtle_interfaces/share/turtle_interfaces/local_setup.zsh
[0.793s] -- Up-to-date: /home/aitthikit/Documents/GitHub/EXAM1_WS/install/turtle_interfaces/share/turtle_interfaces/local_setup.dsv
[0.794s] -- Installing: /home/aitthikit/Documents/GitHub/EXAM1_WS/install/turtle_interfaces/share/turtle_interfaces/package.dsv
[0.794s] -- Up-to-date: /home/aitthikit/Documents/GitHub/EXAM1_WS/install/turtle_interfaces/share/ament_index/resource_index/packages/turtle_interfaces
[0.794s] -- Up-to-date: /home/aitthikit/Documents/GitHub/EXAM1_WS/install/turtle_interfaces/share/turtle_interfaces/cmake/export_turtle_interfaces__rosidl_generator_cExport.cmake
[0.794s] -- Up-to-date: /home/aitthikit/Documents/GitHub/EXAM1_WS/install/turtle_interfaces/share/turtle_interfaces/cmake/export_turtle_interfaces__rosidl_generator_cExport-noconfig.cmake
[0.794s] -- Up-to-date: /home/aitthikit/Documents/GitHub/EXAM1_WS/install/turtle_interfaces/share/turtle_interfaces/cmake/export_turtle_interfaces__rosidl_typesupport_fastrtps_cExport.cmake
[0.794s] -- Up-to-date: /home/aitthikit/Documents/GitHub/EXAM1_WS/install/turtle_interfaces/share/turtle_interfaces/cmake/export_turtle_interfaces__rosidl_typesupport_fastrtps_cExport-noconfig.cmake
[0.794s] -- Up-to-date: /home/aitthikit/Documents/GitHub/EXAM1_WS/install/turtle_interfaces/share/turtle_interfaces/cmake/export_turtle_interfaces__rosidl_generator_cppExport.cmake
[0.794s] -- Up-to-date: /home/aitthikit/Documents/GitHub/EXAM1_WS/install/turtle_interfaces/share/turtle_interfaces/cmake/export_turtle_interfaces__rosidl_typesupport_fastrtps_cppExport.cmake
[0.795s] -- Up-to-date: /home/aitthikit/Documents/GitHub/EXAM1_WS/install/turtle_interfaces/share/turtle_interfaces/cmake/export_turtle_interfaces__rosidl_typesupport_fastrtps_cppExport-noconfig.cmake
[0.795s] -- Up-to-date: /home/aitthikit/Documents/GitHub/EXAM1_WS/install/turtle_interfaces/share/turtle_interfaces/cmake/turtle_interfaces__rosidl_typesupport_introspection_cExport.cmake
[0.795s] -- Up-to-date: /home/aitthikit/Documents/GitHub/EXAM1_WS/install/turtle_interfaces/share/turtle_interfaces/cmake/turtle_interfaces__rosidl_typesupport_introspection_cExport-noconfig.cmake
[0.795s] -- Up-to-date: /home/aitthikit/Documents/GitHub/EXAM1_WS/install/turtle_interfaces/share/turtle_interfaces/cmake/turtle_interfaces__rosidl_typesupport_cExport.cmake
[0.795s] -- Up-to-date: /home/aitthikit/Documents/GitHub/EXAM1_WS/install/turtle_interfaces/share/turtle_interfaces/cmake/turtle_interfaces__rosidl_typesupport_cExport-noconfig.cmake
[0.795s] -- Up-to-date: /home/aitthikit/Documents/GitHub/EXAM1_WS/install/turtle_interfaces/share/turtle_interfaces/cmake/turtle_interfaces__rosidl_typesupport_introspection_cppExport.cmake
[0.795s] -- Up-to-date: /home/aitthikit/Documents/GitHub/EXAM1_WS/install/turtle_interfaces/share/turtle_interfaces/cmake/turtle_interfaces__rosidl_typesupport_introspection_cppExport-noconfig.cmake
[0.795s] -- Up-to-date: /home/aitthikit/Documents/GitHub/EXAM1_WS/install/turtle_interfaces/share/turtle_interfaces/cmake/turtle_interfaces__rosidl_typesupport_cppExport.cmake
[0.795s] -- Up-to-date: /home/aitthikit/Documents/GitHub/EXAM1_WS/install/turtle_interfaces/share/turtle_interfaces/cmake/turtle_interfaces__rosidl_typesupport_cppExport-noconfig.cmake
[0.795s] -- Up-to-date: /home/aitthikit/Documents/GitHub/EXAM1_WS/install/turtle_interfaces/share/turtle_interfaces/cmake/export_turtle_interfaces__rosidl_generator_pyExport.cmake
[0.796s] -- Up-to-date: /home/aitthikit/Documents/GitHub/EXAM1_WS/install/turtle_interfaces/share/turtle_interfaces/cmake/export_turtle_interfaces__rosidl_generator_pyExport-noconfig.cmake
[0.796s] -- Up-to-date: /home/aitthikit/Documents/GitHub/EXAM1_WS/install/turtle_interfaces/share/turtle_interfaces/cmake/rosidl_cmake-extras.cmake
[0.796s] -- Up-to-date: /home/aitthikit/Documents/GitHub/EXAM1_WS/install/turtle_interfaces/share/turtle_interfaces/cmake/ament_cmake_export_dependencies-extras.cmake
[0.796s] -- Up-to-date: /home/aitthikit/Documents/GitHub/EXAM1_WS/install/turtle_interfaces/share/turtle_interfaces/cmake/ament_cmake_export_include_directories-extras.cmake
[0.796s] -- Up-to-date: /home/aitthikit/Documents/GitHub/EXAM1_WS/install/turtle_interfaces/share/turtle_interfaces/cmake/ament_cmake_export_libraries-extras.cmake
[0.796s] -- Up-to-date: /home/aitthikit/Documents/GitHub/EXAM1_WS/install/turtle_interfaces/share/turtle_interfaces/cmake/ament_cmake_export_targets-extras.cmake
[0.796s] -- Up-to-date: /home/aitthikit/Documents/GitHub/EXAM1_WS/install/turtle_interfaces/share/turtle_interfaces/cmake/rosidl_cmake_export_typesupport_targets-extras.cmake
[0.796s] -- Up-to-date: /home/aitthikit/Documents/GitHub/EXAM1_WS/install/turtle_interfaces/share/turtle_interfaces/cmake/rosidl_cmake_export_typesupport_libraries-extras.cmake
[0.796s] -- Up-to-date: /home/aitthikit/Documents/GitHub/EXAM1_WS/install/turtle_interfaces/share/turtle_interfaces/cmake/turtle_interfacesConfig.cmake
[0.796s] -- Up-to-date: /home/aitthikit/Documents/GitHub/EXAM1_WS/install/turtle_interfaces/share/turtle_interfaces/cmake/turtle_interfacesConfig-version.cmake
[0.797s] -- Up-to-date: /home/aitthikit/Documents/GitHub/EXAM1_WS/install/turtle_interfaces/share/turtle_interfaces/package.xml
[0.798s] Invoked command in '/home/aitthikit/Documents/GitHub/EXAM1_WS/build/turtle_interfaces' returned '0': CMAKE_PREFIX_PATH=${CMAKE_PREFIX_PATH}:/home/aitthikit/Documents/GitHub/EXAM1_WS/install/teleop_twist_keyboard:/home/aitthikit/Memekhos_ws/install/launch_testing_examples:/home/aitthikit/Memekhos_ws/install/examples_rclpy_pointcloud_publisher:/home/aitthikit/Memekhos_ws/install/examples_rclpy_minimal_subscriber:/home/aitthikit/Memekhos_ws/install/examples_rclpy_minimal_service:/home/aitthikit/Memekhos_ws/install/examples_rclpy_minimal_publisher:/home/aitthikit/Memekhos_ws/install/examples_rclpy_minimal_client:/home/aitthikit/Memekhos_ws/install/examples_rclpy_minimal_action_server:/home/aitthikit/Memekhos_ws/install/examples_rclpy_minimal_action_client:/home/aitthikit/Memekhos_ws/install/examples_rclpy_guard_conditions:/home/aitthikit/Memekhos_ws/install/examples_rclpy_executors:/opt/ros/humble /usr/bin/cmake --install /home/aitthikit/Documents/GitHub/EXAM1_WS/build/turtle_interfaces
