running egg_info
creating ../../build/teleop_keyboard/teleop_twist_keyboard.egg-info
writing ../../build/teleop_keyboard/teleop_twist_keyboard.egg-info/PKG-INFO
writing dependency_links to ../../build/teleop_keyboard/teleop_twist_keyboard.egg-info/dependency_links.txt
writing entry points to ../../build/teleop_keyboard/teleop_twist_keyboard.egg-info/entry_points.txt
writing requirements to ../../build/teleop_keyboard/teleop_twist_keyboard.egg-info/requires.txt
writing top-level names to ../../build/teleop_keyboard/teleop_twist_keyboard.egg-info/top_level.txt
writing manifest file '../../build/teleop_keyboard/teleop_twist_keyboard.egg-info/SOURCES.txt'
reading manifest file '../../build/teleop_keyboard/teleop_twist_keyboard.egg-info/SOURCES.txt'
adding license file 'LICENSE'
writing manifest file '../../build/teleop_keyboard/teleop_twist_keyboard.egg-info/SOURCES.txt'
running build
running build_py
running install
running install_lib
running install_data
copying resource/teleop_twist_keyboard -> /home/tadtawan/EXAM1_WS/install/teleop_keyboard/share/ament_index/resource_index/packages
creating /home/tadtawan/EXAM1_WS/install/teleop_keyboard/share/teleop_twist_keyboard
copying package.xml -> /home/tadtawan/EXAM1_WS/install/teleop_keyboard/share/teleop_twist_keyboard
running install_egg_info
Copying ../../build/teleop_keyboard/teleop_twist_keyboard.egg-info to /home/tadtawan/EXAM1_WS/install/teleop_keyboard/lib/python3.10/site-packages/teleop_twist_keyboard-2.4.0-py3.10.egg-info
running install_scripts
Installing teleop_twist_keyboard script to /home/tadtawan/EXAM1_WS/install/teleop_keyboard/lib/teleop_twist_keyboard
writing list of installed files to '/home/tadtawan/EXAM1_WS/build/teleop_keyboard/install.log'
