[0.448s] Invoking command in '/home/tadtawan/EXAM1_WS/src/teleop_twist_keyboard': PYTHONPATH=/home/tadtawan/EXAM1_WS/build/teleop_keyboard/prefix_override:/usr/lib/python3/dist-packages/colcon_core/task/python/colcon_distutils_commands:/home/tadtawan/EXAM1_WS/install/teleop_keyboard/lib/python3.10/site-packages:${PYTHONPATH} /usr/bin/python3 -W ignore:setup.py install is deprecated setup.py egg_info --egg-base ../../build/teleop_keyboard build --build-base /home/tadtawan/EXAM1_WS/build/teleop_keyboard/build install --record /home/tadtawan/EXAM1_WS/build/teleop_keyboard/install.log --single-version-externally-managed install_data
[0.618s] running egg_info
[0.618s] creating ../../build/teleop_keyboard/teleop_twist_keyboard.egg-info
[0.618s] writing ../../build/teleop_keyboard/teleop_twist_keyboard.egg-info/PKG-INFO
[0.618s] writing dependency_links to ../../build/teleop_keyboard/teleop_twist_keyboard.egg-info/dependency_links.txt
[0.618s] writing entry points to ../../build/teleop_keyboard/teleop_twist_keyboard.egg-info/entry_points.txt
[0.618s] writing requirements to ../../build/teleop_keyboard/teleop_twist_keyboard.egg-info/requires.txt
[0.618s] writing top-level names to ../../build/teleop_keyboard/teleop_twist_keyboard.egg-info/top_level.txt
[0.618s] writing manifest file '../../build/teleop_keyboard/teleop_twist_keyboard.egg-info/SOURCES.txt'
[0.619s] reading manifest file '../../build/teleop_keyboard/teleop_twist_keyboard.egg-info/SOURCES.txt'
[0.619s] adding license file 'LICENSE'
[0.619s] writing manifest file '../../build/teleop_keyboard/teleop_twist_keyboard.egg-info/SOURCES.txt'
[0.619s] running build
[0.619s] running build_py
[0.620s] running install
[0.620s] running install_lib
[0.620s] running install_data
[0.621s] copying resource/teleop_twist_keyboard -> /home/tadtawan/EXAM1_WS/install/teleop_keyboard/share/ament_index/resource_index/packages
[0.621s] creating /home/tadtawan/EXAM1_WS/install/teleop_keyboard/share/teleop_twist_keyboard
[0.621s] copying package.xml -> /home/tadtawan/EXAM1_WS/install/teleop_keyboard/share/teleop_twist_keyboard
[0.621s] running install_egg_info
[0.622s] Copying ../../build/teleop_keyboard/teleop_twist_keyboard.egg-info to /home/tadtawan/EXAM1_WS/install/teleop_keyboard/lib/python3.10/site-packages/teleop_twist_keyboard-2.4.0-py3.10.egg-info
[0.622s] running install_scripts
[0.635s] Installing teleop_twist_keyboard script to /home/tadtawan/EXAM1_WS/install/teleop_keyboard/lib/teleop_twist_keyboard
[0.635s] writing list of installed files to '/home/tadtawan/EXAM1_WS/build/teleop_keyboard/install.log'
[0.649s] Invoked command in '/home/tadtawan/EXAM1_WS/src/teleop_twist_keyboard' returned '0': PYTHONPATH=/home/tadtawan/EXAM1_WS/build/teleop_keyboard/prefix_override:/usr/lib/python3/dist-packages/colcon_core/task/python/colcon_distutils_commands:/home/tadtawan/EXAM1_WS/install/teleop_keyboard/lib/python3.10/site-packages:${PYTHONPATH} /usr/bin/python3 -W ignore:setup.py install is deprecated setup.py egg_info --egg-base ../../build/teleop_keyboard build --build-base /home/tadtawan/EXAM1_WS/build/teleop_keyboard/build install --record /home/tadtawan/EXAM1_WS/build/teleop_keyboard/install.log --single-version-externally-managed install_data
