[0.008s] Invoking command in '/home/tadtawan/EXAM1_WS/build/taohunza': /usr/bin/cmake --build /home/tadtawan/EXAM1_WS/build/taohunza -- -j16 -l16
[0.024s] -- Found ament_cmake: 1.3.10 (/opt/ros/humble/share/ament_cmake/cmake)
[0.105s] -- Found rclcpp: 16.0.10 (/opt/ros/humble/share/rclcpp/cmake)
[0.122s] -- Found rosidl_generator_c: 3.1.5 (/opt/ros/humble/share/rosidl_generator_c/cmake)
[0.124s] -- Found rosidl_adapter: 3.1.5 (/opt/ros/humble/share/rosidl_adapter/cmake)
[0.127s] -- Found rosidl_generator_cpp: 3.1.5 (/opt/ros/humble/share/rosidl_generator_cpp/cmake)
[0.133s] -- Using all available rosidl_typesupport_c: rosidl_typesupport_fastrtps_c;rosidl_typesupport_introspection_c
[0.140s] -- Using all available rosidl_typesupport_cpp: rosidl_typesupport_fastrtps_cpp;rosidl_typesupport_introspection_cpp
[0.159s] -- Found rmw_implementation_cmake: 6.1.2 (/opt/ros/humble/share/rmw_implementation_cmake/cmake)
[0.160s] -- Found rmw_fastrtps_cpp: 6.2.7 (/opt/ros/humble/share/rmw_fastrtps_cpp/cmake)
[0.224s] -- Using RMW implementation 'rmw_fastrtps_cpp' as default
[0.252s] -- Found rclpy: 3.3.14 (/opt/ros/humble/share/rclpy/cmake)
[0.334s] -- Configuring done
[0.339s] -- Generating done
[0.340s] -- Build files have been written to: /home/tadtawan/EXAM1_WS/build/taohunza
[0.358s] [35m[1mConsolidate compiler generated dependencies of target cpp_node_test[0m
[0.366s] [100%] Built target cpp_node_test
[0.370s] [100%] Built target ament_cmake_python_copy_taohunza
[0.542s] running egg_info
[0.542s] writing taohunza.egg-info/PKG-INFO
[0.542s] writing dependency_links to taohunza.egg-info/dependency_links.txt
[0.542s] writing top-level names to taohunza.egg-info/top_level.txt
[0.544s] reading manifest file 'taohunza.egg-info/SOURCES.txt'
[0.544s] writing manifest file 'taohunza.egg-info/SOURCES.txt'
[0.560s] [100%] Built target ament_cmake_python_build_taohunza_egg
[0.567s] Invoked command in '/home/tadtawan/EXAM1_WS/build/taohunza' returned '0': /usr/bin/cmake --build /home/tadtawan/EXAM1_WS/build/taohunza -- -j16 -l16
[0.591s] Invoking command in '/home/tadtawan/EXAM1_WS/build/taohunza': /usr/bin/cmake --install /home/tadtawan/EXAM1_WS/build/taohunza
[0.595s] -- Install configuration: ""
[0.595s] -- Up-to-date: /home/tadtawan/EXAM1_WS/install/taohunza/share/taohunza/environment/pythonpath.sh
[0.595s] -- Installing: /home/tadtawan/EXAM1_WS/install/taohunza/share/taohunza/environment/pythonpath.dsv
[0.595s] -- Up-to-date: /home/tadtawan/EXAM1_WS/install/taohunza/local/lib/python3.10/dist-packages/taohunza-0.0.0-py3.10.egg-info
[0.595s] -- Installing: /home/tadtawan/EXAM1_WS/install/taohunza/local/lib/python3.10/dist-packages/taohunza-0.0.0-py3.10.egg-info/dependency_links.txt
[0.595s] -- Installing: /home/tadtawan/EXAM1_WS/install/taohunza/local/lib/python3.10/dist-packages/taohunza-0.0.0-py3.10.egg-info/top_level.txt
[0.595s] -- Installing: /home/tadtawan/EXAM1_WS/install/taohunza/local/lib/python3.10/dist-packages/taohunza-0.0.0-py3.10.egg-info/SOURCES.txt
[0.596s] -- Installing: /home/tadtawan/EXAM1_WS/install/taohunza/local/lib/python3.10/dist-packages/taohunza-0.0.0-py3.10.egg-info/PKG-INFO
[0.596s] -- Up-to-date: /home/tadtawan/EXAM1_WS/install/taohunza/local/lib/python3.10/dist-packages/taohunza
[0.596s] -- Up-to-date: /home/tadtawan/EXAM1_WS/install/taohunza/local/lib/python3.10/dist-packages/taohunza/dummy_module.py
[0.596s] -- Up-to-date: /home/tadtawan/EXAM1_WS/install/taohunza/local/lib/python3.10/dist-packages/taohunza/__init__.py
[0.618s] Listing '/home/tadtawan/EXAM1_WS/install/taohunza/local/lib/python3.10/dist-packages/taohunza'...
[0.620s] -- Up-to-date: /home/tadtawan/EXAM1_WS/install/taohunza/lib/taohunza/dummy_script.py
[0.620s] -- Up-to-date: /home/tadtawan/EXAM1_WS/install/taohunza/lib/taohunza/controller_node.py
[0.620s] -- Up-to-date: /home/tadtawan/EXAM1_WS/install/taohunza/lib/taohunza/teleop_twist_keyboard.py
[0.620s] -- Up-to-date: /home/tadtawan/EXAM1_WS/install/taohunza/lib/taohunza/turtle_teleop_node.py
[0.620s] -- Up-to-date: /home/tadtawan/EXAM1_WS/install/taohunza/lib/taohunza/cpp_node_test
[0.620s] -- Up-to-date: /home/tadtawan/EXAM1_WS/install/taohunza/share/taohunza/scripts
[0.620s] -- Up-to-date: /home/tadtawan/EXAM1_WS/install/taohunza/share/taohunza/scripts/teleop_twist_keyboard.py
[0.620s] -- Up-to-date: /home/tadtawan/EXAM1_WS/install/taohunza/share/taohunza/scripts/turtle_teleop_node.py
[0.621s] -- Up-to-date: /home/tadtawan/EXAM1_WS/install/taohunza/share/taohunza/scripts/dummy_script.py
[0.621s] -- Up-to-date: /home/tadtawan/EXAM1_WS/install/taohunza/share/taohunza/scripts/controller_node.py
[0.621s] -- Up-to-date: /home/tadtawan/EXAM1_WS/install/taohunza/share/taohunza/taohunza
[0.621s] -- Up-to-date: /home/tadtawan/EXAM1_WS/install/taohunza/share/taohunza/taohunza/dummy_module.py
[0.621s] -- Up-to-date: /home/tadtawan/EXAM1_WS/install/taohunza/share/taohunza/taohunza/__init__.py
[0.621s] -- Up-to-date: /home/tadtawan/EXAM1_WS/install/taohunza/share/ament_index/resource_index/package_run_dependencies/taohunza
[0.621s] -- Up-to-date: /home/tadtawan/EXAM1_WS/install/taohunza/share/ament_index/resource_index/parent_prefix_path/taohunza
[0.621s] -- Up-to-date: /home/tadtawan/EXAM1_WS/install/taohunza/share/taohunza/environment/ament_prefix_path.sh
[0.621s] -- Installing: /home/tadtawan/EXAM1_WS/install/taohunza/share/taohunza/environment/ament_prefix_path.dsv
[0.621s] -- Up-to-date: /home/tadtawan/EXAM1_WS/install/taohunza/share/taohunza/environment/path.sh
[0.621s] -- Installing: /home/tadtawan/EXAM1_WS/install/taohunza/share/taohunza/environment/path.dsv
[0.621s] -- Up-to-date: /home/tadtawan/EXAM1_WS/install/taohunza/share/taohunza/local_setup.bash
[0.621s] -- Up-to-date: /home/tadtawan/EXAM1_WS/install/taohunza/share/taohunza/local_setup.sh
[0.621s] -- Up-to-date: /home/tadtawan/EXAM1_WS/install/taohunza/share/taohunza/local_setup.zsh
[0.621s] -- Installing: /home/tadtawan/EXAM1_WS/install/taohunza/share/taohunza/local_setup.dsv
[0.621s] -- Installing: /home/tadtawan/EXAM1_WS/install/taohunza/share/taohunza/package.dsv
[0.621s] -- Up-to-date: /home/tadtawan/EXAM1_WS/install/taohunza/share/ament_index/resource_index/packages/taohunza
[0.621s] -- Up-to-date: /home/tadtawan/EXAM1_WS/install/taohunza/share/taohunza/cmake/taohunzaConfig.cmake
[0.621s] -- Up-to-date: /home/tadtawan/EXAM1_WS/install/taohunza/share/taohunza/cmake/taohunzaConfig-version.cmake
[0.621s] -- Installing: /home/tadtawan/EXAM1_WS/install/taohunza/share/taohunza/package.xml
[0.622s] Invoked command in '/home/tadtawan/EXAM1_WS/build/taohunza' returned '0': /usr/bin/cmake --install /home/tadtawan/EXAM1_WS/build/taohunza
