[0.007s] Invoking command in '/home/tadtawan/EXAM1_WS/build/taohunza': CMAKE_PREFIX_PATH=${CMAKE_PREFIX_PATH}:/opt/ros/humble /usr/bin/cmake /home/tadtawan/EXAM1_WS/src/taohunza -DCMAKE_INSTALL_PREFIX=/home/tadtawan/EXAM1_WS/install/taohunza
[0.044s] -- The C compiler identification is GNU 11.4.0
[0.078s] -- The CXX compiler identification is GNU 11.4.0
[0.082s] -- Detecting C compiler ABI info
[0.128s] -- Detecting C compiler ABI info - done
[0.132s] -- Check for working C compiler: /usr/bin/cc - skipped
[0.132s] -- Detecting C compile features
[0.133s] -- Detecting C compile features - done
[0.134s] -- Detecting CXX compiler ABI info
[0.186s] -- Detecting CXX compiler ABI info - done
[0.191s] -- Check for working CXX compiler: /usr/bin/c++ - skipped
[0.191s] -- Detecting CXX compile features
[0.191s] -- Detecting CXX compile features - done
[0.194s] -- Found ament_cmake: 1.3.10 (/opt/ros/humble/share/ament_cmake/cmake)
[0.298s] -- Found Python3: /usr/bin/python3 (found version "3.10.12") found components: Interpreter 
[0.362s] -- Found rclcpp: 16.0.10 (/opt/ros/humble/share/rclcpp/cmake)
[0.393s] -- Found rosidl_generator_c: 3.1.5 (/opt/ros/humble/share/rosidl_generator_c/cmake)
[0.397s] -- Found rosidl_adapter: 3.1.5 (/opt/ros/humble/share/rosidl_adapter/cmake)
[0.403s] -- Found rosidl_generator_cpp: 3.1.5 (/opt/ros/humble/share/rosidl_generator_cpp/cmake)
[0.411s] -- Using all available rosidl_typesupport_c: rosidl_typesupport_fastrtps_c;rosidl_typesupport_introspection_c
[0.423s] -- Using all available rosidl_typesupport_cpp: rosidl_typesupport_fastrtps_cpp;rosidl_typesupport_introspection_cpp
[0.454s] -- Found rmw_implementation_cmake: 6.1.2 (/opt/ros/humble/share/rmw_implementation_cmake/cmake)
[0.456s] -- Found rmw_fastrtps_cpp: 6.2.7 (/opt/ros/humble/share/rmw_fastrtps_cpp/cmake)
[0.513s] -- Found OpenSSL: /usr/lib/x86_64-linux-gnu/libcrypto.so (found version "3.0.2")  
[0.532s] -- Found FastRTPS: /opt/ros/humble/include  
[0.560s] -- Using RMW implementation 'rmw_fastrtps_cpp' as default
[0.566s] -- Looking for pthread.h
[0.619s] -- Looking for pthread.h - found
[0.620s] -- Performing Test CMAKE_HAVE_LIBC_PTHREAD
[0.667s] -- Performing Test CMAKE_HAVE_LIBC_PTHREAD - Success
[0.668s] -- Found Threads: TRUE  
[0.702s] -- Found rclpy: 3.3.14 (/opt/ros/humble/share/rclpy/cmake)
[0.802s] -- Configuring done
[0.808s] -- Generating done
[0.809s] -- Build files have been written to: /home/tadtawan/EXAM1_WS/build/taohunza
[0.817s] Invoked command in '/home/tadtawan/EXAM1_WS/build/taohunza' returned '0': CMAKE_PREFIX_PATH=${CMAKE_PREFIX_PATH}:/opt/ros/humble /usr/bin/cmake /home/tadtawan/EXAM1_WS/src/taohunza -DCMAKE_INSTALL_PREFIX=/home/tadtawan/EXAM1_WS/install/taohunza
[0.817s] Invoking command in '/home/tadtawan/EXAM1_WS/build/taohunza': CMAKE_PREFIX_PATH=${CMAKE_PREFIX_PATH}:/opt/ros/humble /usr/bin/cmake --build /home/tadtawan/EXAM1_WS/build/taohunza -- -j16 -l16
[0.849s] [ 50%] [32mBuilding CXX object CMakeFiles/cpp_node_test.dir/src/cpp_node.cpp.o[0m
[0.854s] [ 50%] Built target ament_cmake_python_copy_taohunza
[1.006s] [100%] [32m[1mLinking CXX executable cpp_node_test[0m
[1.038s] running egg_info
[1.038s] creating taohunza.egg-info
[1.038s] writing taohunza.egg-info/PKG-INFO
[1.038s] writing dependency_links to taohunza.egg-info/dependency_links.txt
[1.038s] writing top-level names to taohunza.egg-info/top_level.txt
[1.038s] writing manifest file 'taohunza.egg-info/SOURCES.txt'
[1.040s] reading manifest file 'taohunza.egg-info/SOURCES.txt'
[1.040s] writing manifest file 'taohunza.egg-info/SOURCES.txt'
[1.058s] [100%] Built target ament_cmake_python_build_taohunza_egg
[1.065s] [100%] Built target cpp_node_test
[1.073s] Invoked command in '/home/tadtawan/EXAM1_WS/build/taohunza' returned '0': CMAKE_PREFIX_PATH=${CMAKE_PREFIX_PATH}:/opt/ros/humble /usr/bin/cmake --build /home/tadtawan/EXAM1_WS/build/taohunza -- -j16 -l16
[1.098s] Invoking command in '/home/tadtawan/EXAM1_WS/build/taohunza': CMAKE_PREFIX_PATH=${CMAKE_PREFIX_PATH}:/opt/ros/humble /usr/bin/cmake --install /home/tadtawan/EXAM1_WS/build/taohunza
[1.102s] -- Install configuration: ""
[1.102s] -- Installing: /home/tadtawan/EXAM1_WS/install/taohunza/share/taohunza/environment/pythonpath.sh
[1.102s] -- Installing: /home/tadtawan/EXAM1_WS/install/taohunza/share/taohunza/environment/pythonpath.dsv
[1.102s] -- Installing: /home/tadtawan/EXAM1_WS/install/taohunza/local/lib/python3.10/dist-packages/taohunza-0.0.0-py3.10.egg-info
[1.103s] -- Installing: /home/tadtawan/EXAM1_WS/install/taohunza/local/lib/python3.10/dist-packages/taohunza-0.0.0-py3.10.egg-info/dependency_links.txt
[1.103s] -- Installing: /home/tadtawan/EXAM1_WS/install/taohunza/local/lib/python3.10/dist-packages/taohunza-0.0.0-py3.10.egg-info/top_level.txt
[1.103s] -- Installing: /home/tadtawan/EXAM1_WS/install/taohunza/local/lib/python3.10/dist-packages/taohunza-0.0.0-py3.10.egg-info/SOURCES.txt
[1.103s] -- Installing: /home/tadtawan/EXAM1_WS/install/taohunza/local/lib/python3.10/dist-packages/taohunza-0.0.0-py3.10.egg-info/PKG-INFO
[1.103s] -- Installing: /home/tadtawan/EXAM1_WS/install/taohunza/local/lib/python3.10/dist-packages/taohunza
[1.103s] -- Installing: /home/tadtawan/EXAM1_WS/install/taohunza/local/lib/python3.10/dist-packages/taohunza/dummy_module.py
[1.103s] -- Installing: /home/tadtawan/EXAM1_WS/install/taohunza/local/lib/python3.10/dist-packages/taohunza/__init__.py
[1.128s] Listing '/home/tadtawan/EXAM1_WS/install/taohunza/local/lib/python3.10/dist-packages/taohunza'...
[1.128s] Compiling '/home/tadtawan/EXAM1_WS/install/taohunza/local/lib/python3.10/dist-packages/taohunza/__init__.py'...
[1.128s] Compiling '/home/tadtawan/EXAM1_WS/install/taohunza/local/lib/python3.10/dist-packages/taohunza/dummy_module.py'...
[1.130s] -- Installing: /home/tadtawan/EXAM1_WS/install/taohunza/lib/taohunza/dummy_script.py
[1.130s] -- Installing: /home/tadtawan/EXAM1_WS/install/taohunza/lib/taohunza/cpp_node_test
[1.131s] -- Set runtime path of "/home/tadtawan/EXAM1_WS/install/taohunza/lib/taohunza/cpp_node_test" to ""
[1.131s] -- Up-to-date: /home/tadtawan/EXAM1_WS/install/taohunza/share/taohunza
[1.131s] -- Installing: /home/tadtawan/EXAM1_WS/install/taohunza/share/ament_index/resource_index/package_run_dependencies/taohunza
[1.131s] -- Installing: /home/tadtawan/EXAM1_WS/install/taohunza/share/ament_index/resource_index/parent_prefix_path/taohunza
[1.131s] -- Installing: /home/tadtawan/EXAM1_WS/install/taohunza/share/taohunza/environment/ament_prefix_path.sh
[1.131s] -- Installing: /home/tadtawan/EXAM1_WS/install/taohunza/share/taohunza/environment/ament_prefix_path.dsv
[1.131s] -- Installing: /home/tadtawan/EXAM1_WS/install/taohunza/share/taohunza/environment/path.sh
[1.131s] -- Installing: /home/tadtawan/EXAM1_WS/install/taohunza/share/taohunza/environment/path.dsv
[1.131s] -- Installing: /home/tadtawan/EXAM1_WS/install/taohunza/share/taohunza/local_setup.bash
[1.131s] -- Installing: /home/tadtawan/EXAM1_WS/install/taohunza/share/taohunza/local_setup.sh
[1.131s] -- Installing: /home/tadtawan/EXAM1_WS/install/taohunza/share/taohunza/local_setup.zsh
[1.131s] -- Installing: /home/tadtawan/EXAM1_WS/install/taohunza/share/taohunza/local_setup.dsv
[1.131s] -- Installing: /home/tadtawan/EXAM1_WS/install/taohunza/share/taohunza/package.dsv
[1.131s] -- Installing: /home/tadtawan/EXAM1_WS/install/taohunza/share/ament_index/resource_index/packages/taohunza
[1.131s] -- Installing: /home/tadtawan/EXAM1_WS/install/taohunza/share/taohunza/cmake/taohunzaConfig.cmake
[1.131s] -- Installing: /home/tadtawan/EXAM1_WS/install/taohunza/share/taohunza/cmake/taohunzaConfig-version.cmake
[1.131s] -- Installing: /home/tadtawan/EXAM1_WS/install/taohunza/share/taohunza/package.xml
[1.133s] Invoked command in '/home/tadtawan/EXAM1_WS/build/taohunza' returned '0': CMAKE_PREFIX_PATH=${CMAKE_PREFIX_PATH}:/opt/ros/humble /usr/bin/cmake --install /home/tadtawan/EXAM1_WS/build/taohunza
