[0.100s] DEBUG:colcon:Command line arguments: ['/usr/bin/colcon', 'build']
[0.100s] DEBUG:colcon:Parsed command line arguments: Namespace(log_base=None, log_level=None, verb_name='build', build_base='build', install_base='install', merge_install=False, symlink_install=False, test_result_base=None, continue_on_error=False, executor='parallel', parallel_workers=12, event_handlers=None, ignore_user_meta=False, metas=['./colcon.meta'], base_paths=['.'], packages_ignore=None, packages_ignore_regex=None, paths=None, packages_up_to=None, packages_up_to_regex=None, packages_above=None, packages_above_and_dependencies=None, packages_above_depth=None, packages_select_by_dep=None, packages_skip_by_dep=None, packages_skip_up_to=None, packages_select_build_failed=False, packages_skip_build_finished=False, packages_select_test_failures=False, packages_skip_test_passed=False, packages_select=None, packages_skip=None, packages_select_regex=None, packages_skip_regex=None, packages_start=None, packages_end=None, allow_overriding=[], cmake_args=None, cmake_target=None, cmake_target_skip_unavailable=False, cmake_clean_cache=False, cmake_clean_first=False, cmake_force_configure=False, ament_cmake_args=None, catkin_cmake_args=None, catkin_skip_building_tests=False, verb_parser=<colcon_defaults.argument_parser.defaults.DefaultArgumentsDecorator object at 0x77b8c6096b30>, verb_extension=<colcon_core.verb.build.BuildVerb object at 0x77b8c628ee60>, main=<bound method BuildVerb.main of <colcon_core.verb.build.BuildVerb object at 0x77b8c628ee60>>)
[0.250s] Level 1:colcon.colcon_core.package_discovery:discover_packages(colcon_meta) check parameters
[0.250s] Level 1:colcon.colcon_core.package_discovery:discover_packages(recursive) check parameters
[0.250s] Level 1:colcon.colcon_core.package_discovery:discover_packages(ignore) check parameters
[0.250s] Level 1:colcon.colcon_core.package_discovery:discover_packages(path) check parameters
[0.250s] Level 1:colcon.colcon_core.package_discovery:discover_packages(colcon_meta) discover
[0.250s] Level 1:colcon.colcon_core.package_discovery:discover_packages(recursive) discover
[0.250s] INFO:colcon.colcon_core.package_discovery:Crawling recursively for packages in '/home/aitthikit/Documents/GitHub/EXAM1_WS/src'
[0.250s] Level 1:colcon.colcon_core.package_identification:_identify(.) by extensions ['ignore', 'ignore_ament_install']
[0.251s] Level 1:colcon.colcon_core.package_identification:_identify(.) by extension 'ignore'
[0.251s] Level 1:colcon.colcon_core.package_identification:_identify(.) by extension 'ignore_ament_install'
[0.251s] Level 1:colcon.colcon_core.package_identification:_identify(.) by extensions ['colcon_pkg']
[0.251s] Level 1:colcon.colcon_core.package_identification:_identify(.) by extension 'colcon_pkg'
[0.251s] Level 1:colcon.colcon_core.package_identification:_identify(.) by extensions ['colcon_meta']
[0.251s] Level 1:colcon.colcon_core.package_identification:_identify(.) by extension 'colcon_meta'
[0.251s] Level 1:colcon.colcon_core.package_identification:_identify(.) by extensions ['ros']
[0.251s] Level 1:colcon.colcon_core.package_identification:_identify(.) by extension 'ros'
[0.260s] Level 1:colcon.colcon_core.package_identification:_identify(.) by extensions ['cmake', 'python']
[0.260s] Level 1:colcon.colcon_core.package_identification:_identify(.) by extension 'cmake'
[0.260s] Level 1:colcon.colcon_core.package_identification:_identify(.) by extension 'python'
[0.260s] Level 1:colcon.colcon_core.package_identification:_identify(.) by extensions ['python_setup_py']
[0.260s] Level 1:colcon.colcon_core.package_identification:_identify(.) by extension 'python_setup_py'
[0.261s] Level 1:colcon.colcon_core.package_identification:_identify(build) by extensions ['ignore', 'ignore_ament_install']
[0.261s] Level 1:colcon.colcon_core.package_identification:_identify(build) by extension 'ignore'
[0.261s] Level 1:colcon.colcon_core.package_identification:_identify(build) ignored
[0.261s] Level 1:colcon.colcon_core.package_identification:_identify(install) by extensions ['ignore', 'ignore_ament_install']
[0.261s] Level 1:colcon.colcon_core.package_identification:_identify(install) by extension 'ignore'
[0.261s] Level 1:colcon.colcon_core.package_identification:_identify(install) ignored
[0.261s] Level 1:colcon.colcon_core.package_identification:_identify(log) by extensions ['ignore', 'ignore_ament_install']
[0.261s] Level 1:colcon.colcon_core.package_identification:_identify(log) by extension 'ignore'
[0.261s] Level 1:colcon.colcon_core.package_identification:_identify(log) ignored
[0.261s] Level 1:colcon.colcon_core.package_identification:_identify(taohunza) by extensions ['ignore', 'ignore_ament_install']
[0.261s] Level 1:colcon.colcon_core.package_identification:_identify(taohunza) by extension 'ignore'
[0.261s] Level 1:colcon.colcon_core.package_identification:_identify(taohunza) by extension 'ignore_ament_install'
[0.261s] Level 1:colcon.colcon_core.package_identification:_identify(taohunza) by extensions ['colcon_pkg']
[0.261s] Level 1:colcon.colcon_core.package_identification:_identify(taohunza) by extension 'colcon_pkg'
[0.261s] Level 1:colcon.colcon_core.package_identification:_identify(taohunza) by extensions ['colcon_meta']
[0.261s] Level 1:colcon.colcon_core.package_identification:_identify(taohunza) by extension 'colcon_meta'
[0.261s] Level 1:colcon.colcon_core.package_identification:_identify(taohunza) by extensions ['ros']
[0.261s] Level 1:colcon.colcon_core.package_identification:_identify(taohunza) by extension 'ros'
[0.264s] DEBUG:colcon.colcon_core.package_identification:Package 'taohunza' with type 'ros.ament_cmake' and name 'taohunza'
[0.264s] Level 1:colcon.colcon_core.package_identification:_identify(turtle_interfaces) by extensions ['ignore', 'ignore_ament_install']
[0.264s] Level 1:colcon.colcon_core.package_identification:_identify(turtle_interfaces) by extension 'ignore'
[0.264s] Level 1:colcon.colcon_core.package_identification:_identify(turtle_interfaces) by extension 'ignore_ament_install'
[0.264s] Level 1:colcon.colcon_core.package_identification:_identify(turtle_interfaces) by extensions ['colcon_pkg']
[0.264s] Level 1:colcon.colcon_core.package_identification:_identify(turtle_interfaces) by extension 'colcon_pkg'
[0.264s] Level 1:colcon.colcon_core.package_identification:_identify(turtle_interfaces) by extensions ['colcon_meta']
[0.264s] Level 1:colcon.colcon_core.package_identification:_identify(turtle_interfaces) by extension 'colcon_meta'
[0.264s] Level 1:colcon.colcon_core.package_identification:_identify(turtle_interfaces) by extensions ['ros']
[0.264s] Level 1:colcon.colcon_core.package_identification:_identify(turtle_interfaces) by extension 'ros'
[0.265s] DEBUG:colcon.colcon_core.package_identification:Package 'turtle_interfaces' with type 'ros.ament_cmake' and name 'turtle_interfaces'
[0.265s] Level 1:colcon.colcon_core.package_discovery:discover_packages(recursive) using defaults
[0.265s] Level 1:colcon.colcon_core.package_discovery:discover_packages(ignore) discover
[0.265s] Level 1:colcon.colcon_core.package_discovery:discover_packages(ignore) using defaults
[0.265s] Level 1:colcon.colcon_core.package_discovery:discover_packages(path) discover
[0.265s] Level 1:colcon.colcon_core.package_discovery:discover_packages(path) using defaults
[0.283s] Level 1:colcon.colcon_core.package_discovery:discover_packages(prefix_path) check parameters
[0.283s] Level 1:colcon.colcon_core.package_discovery:discover_packages(prefix_path) discover
[0.286s] DEBUG:colcon.colcon_installed_package_information.package_discovery:Found 2 installed packages in /home/aitthikit/Documents/GitHub/EXAM1_WS/install
[0.286s] DEBUG:colcon.colcon_installed_package_information.package_discovery:Found 1 installed packages in /home/aitthikit/EXAM_1_ws/install
[0.287s] DEBUG:colcon.colcon_installed_package_information.package_discovery:Found 2 installed packages in /home/aitthikit/Desktop/RoboticsDev2024/RoboticsDev2024/install
[0.288s] DEBUG:colcon.colcon_installed_package_information.package_discovery:Found 29 installed packages in /home/aitthikit/Memekhos_ws/install
[0.289s] DEBUG:colcon.colcon_installed_package_information.package_discovery:Found 294 installed packages in /opt/ros/humble
[0.298s] Level 1:colcon.colcon_core.package_discovery:discover_packages(prefix_path) using defaults
[0.336s] Level 5:colcon.colcon_core.verb:set package 'taohunza' build argument 'cmake_args' from command line to 'None'
[0.336s] Level 5:colcon.colcon_core.verb:set package 'taohunza' build argument 'cmake_target' from command line to 'None'
[0.336s] Level 5:colcon.colcon_core.verb:set package 'taohunza' build argument 'cmake_target_skip_unavailable' from command line to 'False'
[0.336s] Level 5:colcon.colcon_core.verb:set package 'taohunza' build argument 'cmake_clean_cache' from command line to 'False'
[0.336s] Level 5:colcon.colcon_core.verb:set package 'taohunza' build argument 'cmake_clean_first' from command line to 'False'
[0.336s] Level 5:colcon.colcon_core.verb:set package 'taohunza' build argument 'cmake_force_configure' from command line to 'False'
[0.336s] Level 5:colcon.colcon_core.verb:set package 'taohunza' build argument 'ament_cmake_args' from command line to 'None'
[0.336s] Level 5:colcon.colcon_core.verb:set package 'taohunza' build argument 'catkin_cmake_args' from command line to 'None'
[0.336s] Level 5:colcon.colcon_core.verb:set package 'taohunza' build argument 'catkin_skip_building_tests' from command line to 'False'
[0.336s] DEBUG:colcon.colcon_core.verb:Building package 'taohunza' with the following arguments: {'ament_cmake_args': None, 'build_base': '/home/aitthikit/Documents/GitHub/EXAM1_WS/src/build/taohunza', 'catkin_cmake_args': None, 'catkin_skip_building_tests': False, 'cmake_args': None, 'cmake_clean_cache': False, 'cmake_clean_first': False, 'cmake_force_configure': False, 'cmake_target': None, 'cmake_target_skip_unavailable': False, 'install_base': '/home/aitthikit/Documents/GitHub/EXAM1_WS/src/install/taohunza', 'merge_install': False, 'path': '/home/aitthikit/Documents/GitHub/EXAM1_WS/src/taohunza', 'symlink_install': False, 'test_result_base': None}
[0.336s] Level 5:colcon.colcon_core.verb:set package 'turtle_interfaces' build argument 'cmake_args' from command line to 'None'
[0.336s] Level 5:colcon.colcon_core.verb:set package 'turtle_interfaces' build argument 'cmake_target' from command line to 'None'
[0.336s] Level 5:colcon.colcon_core.verb:set package 'turtle_interfaces' build argument 'cmake_target_skip_unavailable' from command line to 'False'
[0.336s] Level 5:colcon.colcon_core.verb:set package 'turtle_interfaces' build argument 'cmake_clean_cache' from command line to 'False'
[0.336s] Level 5:colcon.colcon_core.verb:set package 'turtle_interfaces' build argument 'cmake_clean_first' from command line to 'False'
[0.336s] Level 5:colcon.colcon_core.verb:set package 'turtle_interfaces' build argument 'cmake_force_configure' from command line to 'False'
[0.336s] Level 5:colcon.colcon_core.verb:set package 'turtle_interfaces' build argument 'ament_cmake_args' from command line to 'None'
[0.337s] Level 5:colcon.colcon_core.verb:set package 'turtle_interfaces' build argument 'catkin_cmake_args' from command line to 'None'
[0.337s] Level 5:colcon.colcon_core.verb:set package 'turtle_interfaces' build argument 'catkin_skip_building_tests' from command line to 'False'
[0.337s] DEBUG:colcon.colcon_core.verb:Building package 'turtle_interfaces' with the following arguments: {'ament_cmake_args': None, 'build_base': '/home/aitthikit/Documents/GitHub/EXAM1_WS/src/build/turtle_interfaces', 'catkin_cmake_args': None, 'catkin_skip_building_tests': False, 'cmake_args': None, 'cmake_clean_cache': False, 'cmake_clean_first': False, 'cmake_force_configure': False, 'cmake_target': None, 'cmake_target_skip_unavailable': False, 'install_base': '/home/aitthikit/Documents/GitHub/EXAM1_WS/src/install/turtle_interfaces', 'merge_install': False, 'path': '/home/aitthikit/Documents/GitHub/EXAM1_WS/src/turtle_interfaces', 'symlink_install': False, 'test_result_base': None}
[0.337s] INFO:colcon.colcon_core.executor:Executing jobs using 'parallel' executor
[0.337s] DEBUG:colcon.colcon_parallel_executor.executor.parallel:run_until_complete
[0.337s] INFO:colcon.colcon_ros.task.ament_cmake.build:Building ROS package in '/home/aitthikit/Documents/GitHub/EXAM1_WS/src/taohunza' with build type 'ament_cmake'
[0.338s] INFO:colcon.colcon_cmake.task.cmake.build:Building CMake package in '/home/aitthikit/Documents/GitHub/EXAM1_WS/src/taohunza'
[0.340s] INFO:colcon.colcon_core.plugin_system:Skipping extension 'colcon_core.shell.bat': Not used on non-Windows systems
[0.340s] INFO:colcon.colcon_core.shell:Skip shell extension 'powershell' for command environment: Not usable outside of PowerShell
[0.340s] DEBUG:colcon.colcon_core.shell:Skip shell extension 'dsv' for command environment
[0.345s] INFO:colcon.colcon_ros.task.ament_cmake.build:Building ROS package in '/home/aitthikit/Documents/GitHub/EXAM1_WS/src/turtle_interfaces' with build type 'ament_cmake'
[0.345s] INFO:colcon.colcon_cmake.task.cmake.build:Building CMake package in '/home/aitthikit/Documents/GitHub/EXAM1_WS/src/turtle_interfaces'
[0.345s] INFO:colcon.colcon_core.shell:Skip shell extension 'powershell' for command environment: Not usable outside of PowerShell
[0.345s] DEBUG:colcon.colcon_core.shell:Skip shell extension 'dsv' for command environment
[0.353s] DEBUG:colcon.colcon_core.event_handler.log_command:Invoking command in '/home/aitthikit/Documents/GitHub/EXAM1_WS/src/build/taohunza': CMAKE_PREFIX_PATH=${CMAKE_PREFIX_PATH}:/home/aitthikit/Memekhos_ws/install/launch_testing_examples:/home/aitthikit/Memekhos_ws/install/examples_rclpy_pointcloud_publisher:/home/aitthikit/Memekhos_ws/install/examples_rclpy_minimal_subscriber:/home/aitthikit/Memekhos_ws/install/examples_rclpy_minimal_service:/home/aitthikit/Memekhos_ws/install/examples_rclpy_minimal_publisher:/home/aitthikit/Memekhos_ws/install/examples_rclpy_minimal_client:/home/aitthikit/Memekhos_ws/install/examples_rclpy_minimal_action_server:/home/aitthikit/Memekhos_ws/install/examples_rclpy_minimal_action_client:/home/aitthikit/Memekhos_ws/install/examples_rclpy_guard_conditions:/home/aitthikit/Memekhos_ws/install/examples_rclpy_executors:/opt/ros/humble /usr/bin/cmake /home/aitthikit/Documents/GitHub/EXAM1_WS/src/taohunza -DCMAKE_INSTALL_PREFIX=/home/aitthikit/Documents/GitHub/EXAM1_WS/src/install/taohunza
[0.358s] DEBUG:colcon.colcon_core.event_handler.log_command:Invoking command in '/home/aitthikit/Documents/GitHub/EXAM1_WS/src/build/turtle_interfaces': CMAKE_PREFIX_PATH=${CMAKE_PREFIX_PATH}:/home/aitthikit/Memekhos_ws/install/launch_testing_examples:/home/aitthikit/Memekhos_ws/install/examples_rclpy_pointcloud_publisher:/home/aitthikit/Memekhos_ws/install/examples_rclpy_minimal_subscriber:/home/aitthikit/Memekhos_ws/install/examples_rclpy_minimal_service:/home/aitthikit/Memekhos_ws/install/examples_rclpy_minimal_publisher:/home/aitthikit/Memekhos_ws/install/examples_rclpy_minimal_client:/home/aitthikit/Memekhos_ws/install/examples_rclpy_minimal_action_server:/home/aitthikit/Memekhos_ws/install/examples_rclpy_minimal_action_client:/home/aitthikit/Memekhos_ws/install/examples_rclpy_guard_conditions:/home/aitthikit/Memekhos_ws/install/examples_rclpy_executors:/opt/ros/humble /usr/bin/cmake /home/aitthikit/Documents/GitHub/EXAM1_WS/src/turtle_interfaces -DCMAKE_INSTALL_PREFIX=/home/aitthikit/Documents/GitHub/EXAM1_WS/src/install/turtle_interfaces
[1.740s] DEBUG:colcon.colcon_core.event_handler.log_command:Invoked command in '/home/aitthikit/Documents/GitHub/EXAM1_WS/src/build/taohunza' returned '0': CMAKE_PREFIX_PATH=${CMAKE_PREFIX_PATH}:/home/aitthikit/Memekhos_ws/install/launch_testing_examples:/home/aitthikit/Memekhos_ws/install/examples_rclpy_pointcloud_publisher:/home/aitthikit/Memekhos_ws/install/examples_rclpy_minimal_subscriber:/home/aitthikit/Memekhos_ws/install/examples_rclpy_minimal_service:/home/aitthikit/Memekhos_ws/install/examples_rclpy_minimal_publisher:/home/aitthikit/Memekhos_ws/install/examples_rclpy_minimal_client:/home/aitthikit/Memekhos_ws/install/examples_rclpy_minimal_action_server:/home/aitthikit/Memekhos_ws/install/examples_rclpy_minimal_action_client:/home/aitthikit/Memekhos_ws/install/examples_rclpy_guard_conditions:/home/aitthikit/Memekhos_ws/install/examples_rclpy_executors:/opt/ros/humble /usr/bin/cmake /home/aitthikit/Documents/GitHub/EXAM1_WS/src/taohunza -DCMAKE_INSTALL_PREFIX=/home/aitthikit/Documents/GitHub/EXAM1_WS/src/install/taohunza
[1.741s] DEBUG:colcon.colcon_core.event_handler.log_command:Invoking command in '/home/aitthikit/Documents/GitHub/EXAM1_WS/src/build/taohunza': CMAKE_PREFIX_PATH=${CMAKE_PREFIX_PATH}:/home/aitthikit/Memekhos_ws/install/launch_testing_examples:/home/aitthikit/Memekhos_ws/install/examples_rclpy_pointcloud_publisher:/home/aitthikit/Memekhos_ws/install/examples_rclpy_minimal_subscriber:/home/aitthikit/Memekhos_ws/install/examples_rclpy_minimal_service:/home/aitthikit/Memekhos_ws/install/examples_rclpy_minimal_publisher:/home/aitthikit/Memekhos_ws/install/examples_rclpy_minimal_client:/home/aitthikit/Memekhos_ws/install/examples_rclpy_minimal_action_server:/home/aitthikit/Memekhos_ws/install/examples_rclpy_minimal_action_client:/home/aitthikit/Memekhos_ws/install/examples_rclpy_guard_conditions:/home/aitthikit/Memekhos_ws/install/examples_rclpy_executors:/opt/ros/humble /usr/bin/cmake --build /home/aitthikit/Documents/GitHub/EXAM1_WS/src/build/taohunza -- -j12 -l12
[2.140s] DEBUG:colcon.colcon_core.event_handler.log_command:Invoked command in '/home/aitthikit/Documents/GitHub/EXAM1_WS/src/build/taohunza' returned '0': CMAKE_PREFIX_PATH=${CMAKE_PREFIX_PATH}:/home/aitthikit/Memekhos_ws/install/launch_testing_examples:/home/aitthikit/Memekhos_ws/install/examples_rclpy_pointcloud_publisher:/home/aitthikit/Memekhos_ws/install/examples_rclpy_minimal_subscriber:/home/aitthikit/Memekhos_ws/install/examples_rclpy_minimal_service:/home/aitthikit/Memekhos_ws/install/examples_rclpy_minimal_publisher:/home/aitthikit/Memekhos_ws/install/examples_rclpy_minimal_client:/home/aitthikit/Memekhos_ws/install/examples_rclpy_minimal_action_server:/home/aitthikit/Memekhos_ws/install/examples_rclpy_minimal_action_client:/home/aitthikit/Memekhos_ws/install/examples_rclpy_guard_conditions:/home/aitthikit/Memekhos_ws/install/examples_rclpy_executors:/opt/ros/humble /usr/bin/cmake --build /home/aitthikit/Documents/GitHub/EXAM1_WS/src/build/taohunza -- -j12 -l12
[2.178s] DEBUG:colcon.colcon_core.event_handler.log_command:Invoking command in '/home/aitthikit/Documents/GitHub/EXAM1_WS/src/build/taohunza': CMAKE_PREFIX_PATH=${CMAKE_PREFIX_PATH}:/home/aitthikit/Memekhos_ws/install/launch_testing_examples:/home/aitthikit/Memekhos_ws/install/examples_rclpy_pointcloud_publisher:/home/aitthikit/Memekhos_ws/install/examples_rclpy_minimal_subscriber:/home/aitthikit/Memekhos_ws/install/examples_rclpy_minimal_service:/home/aitthikit/Memekhos_ws/install/examples_rclpy_minimal_publisher:/home/aitthikit/Memekhos_ws/install/examples_rclpy_minimal_client:/home/aitthikit/Memekhos_ws/install/examples_rclpy_minimal_action_server:/home/aitthikit/Memekhos_ws/install/examples_rclpy_minimal_action_client:/home/aitthikit/Memekhos_ws/install/examples_rclpy_guard_conditions:/home/aitthikit/Memekhos_ws/install/examples_rclpy_executors:/opt/ros/humble /usr/bin/cmake --install /home/aitthikit/Documents/GitHub/EXAM1_WS/src/build/taohunza
[2.231s] Level 1:colcon.colcon_core.environment:create_environment_scripts_only(taohunza)
[2.232s] DEBUG:colcon.colcon_core.event_handler.log_command:Invoked command in '/home/aitthikit/Documents/GitHub/EXAM1_WS/src/build/taohunza' returned '0': CMAKE_PREFIX_PATH=${CMAKE_PREFIX_PATH}:/home/aitthikit/Memekhos_ws/install/launch_testing_examples:/home/aitthikit/Memekhos_ws/install/examples_rclpy_pointcloud_publisher:/home/aitthikit/Memekhos_ws/install/examples_rclpy_minimal_subscriber:/home/aitthikit/Memekhos_ws/install/examples_rclpy_minimal_service:/home/aitthikit/Memekhos_ws/install/examples_rclpy_minimal_publisher:/home/aitthikit/Memekhos_ws/install/examples_rclpy_minimal_client:/home/aitthikit/Memekhos_ws/install/examples_rclpy_minimal_action_server:/home/aitthikit/Memekhos_ws/install/examples_rclpy_minimal_action_client:/home/aitthikit/Memekhos_ws/install/examples_rclpy_guard_conditions:/home/aitthikit/Memekhos_ws/install/examples_rclpy_executors:/opt/ros/humble /usr/bin/cmake --install /home/aitthikit/Documents/GitHub/EXAM1_WS/src/build/taohunza
[2.234s] Level 1:colcon.colcon_core.environment:checking '/home/aitthikit/Documents/GitHub/EXAM1_WS/src/install/taohunza' for CMake module files
[2.235s] Level 1:colcon.colcon_core.environment:checking '/home/aitthikit/Documents/GitHub/EXAM1_WS/src/install/taohunza' for CMake config files
[2.235s] Level 1:colcon.colcon_core.shell:create_environment_hook('taohunza', 'cmake_prefix_path')
[2.235s] INFO:colcon.colcon_core.shell:Creating environment hook '/home/aitthikit/Documents/GitHub/EXAM1_WS/src/install/taohunza/share/taohunza/hook/cmake_prefix_path.ps1'
[2.236s] INFO:colcon.colcon_core.shell:Creating environment descriptor '/home/aitthikit/Documents/GitHub/EXAM1_WS/src/install/taohunza/share/taohunza/hook/cmake_prefix_path.dsv'
[2.236s] INFO:colcon.colcon_core.shell:Creating environment hook '/home/aitthikit/Documents/GitHub/EXAM1_WS/src/install/taohunza/share/taohunza/hook/cmake_prefix_path.sh'
[2.237s] Level 1:colcon.colcon_core.environment:checking '/home/aitthikit/Documents/GitHub/EXAM1_WS/src/install/taohunza/lib'
[2.237s] Level 1:colcon.colcon_core.environment:checking '/home/aitthikit/Documents/GitHub/EXAM1_WS/src/install/taohunza/bin'
[2.237s] Level 1:colcon.colcon_core.environment:checking '/home/aitthikit/Documents/GitHub/EXAM1_WS/src/install/taohunza/lib/pkgconfig/taohunza.pc'
[2.237s] Level 1:colcon.colcon_core.environment:checking '/home/aitthikit/Documents/GitHub/EXAM1_WS/src/install/taohunza/lib/python3.10/site-packages'
[2.237s] Level 1:colcon.colcon_core.environment:checking '/home/aitthikit/Documents/GitHub/EXAM1_WS/src/install/taohunza/bin'
[2.237s] INFO:colcon.colcon_core.shell:Creating package script '/home/aitthikit/Documents/GitHub/EXAM1_WS/src/install/taohunza/share/taohunza/package.ps1'
[2.238s] INFO:colcon.colcon_core.shell:Creating package descriptor '/home/aitthikit/Documents/GitHub/EXAM1_WS/src/install/taohunza/share/taohunza/package.dsv'
[2.239s] INFO:colcon.colcon_core.shell:Creating package script '/home/aitthikit/Documents/GitHub/EXAM1_WS/src/install/taohunza/share/taohunza/package.sh'
[2.240s] INFO:colcon.colcon_core.shell:Creating package script '/home/aitthikit/Documents/GitHub/EXAM1_WS/src/install/taohunza/share/taohunza/package.bash'
[2.240s] INFO:colcon.colcon_core.shell:Creating package script '/home/aitthikit/Documents/GitHub/EXAM1_WS/src/install/taohunza/share/taohunza/package.zsh'
[2.241s] Level 1:colcon.colcon_core.environment:create_file_with_runtime_dependencies(/home/aitthikit/Documents/GitHub/EXAM1_WS/src/install/taohunza/share/colcon-core/packages/taohunza)
[2.269s] Level 1:colcon.colcon_core.environment:create_environment_scripts_only(taohunza)
[2.269s] Level 1:colcon.colcon_core.environment:checking '/home/aitthikit/Documents/GitHub/EXAM1_WS/src/install/taohunza' for CMake module files
[2.270s] Level 1:colcon.colcon_core.environment:checking '/home/aitthikit/Documents/GitHub/EXAM1_WS/src/install/taohunza' for CMake config files
[2.270s] Level 1:colcon.colcon_core.shell:create_environment_hook('taohunza', 'cmake_prefix_path')
[2.270s] INFO:colcon.colcon_core.shell:Creating environment hook '/home/aitthikit/Documents/GitHub/EXAM1_WS/src/install/taohunza/share/taohunza/hook/cmake_prefix_path.ps1'
[2.271s] INFO:colcon.colcon_core.shell:Creating environment descriptor '/home/aitthikit/Documents/GitHub/EXAM1_WS/src/install/taohunza/share/taohunza/hook/cmake_prefix_path.dsv'
[2.271s] INFO:colcon.colcon_core.shell:Creating environment hook '/home/aitthikit/Documents/GitHub/EXAM1_WS/src/install/taohunza/share/taohunza/hook/cmake_prefix_path.sh'
[2.271s] Level 1:colcon.colcon_core.environment:checking '/home/aitthikit/Documents/GitHub/EXAM1_WS/src/install/taohunza/lib'
[2.271s] Level 1:colcon.colcon_core.environment:checking '/home/aitthikit/Documents/GitHub/EXAM1_WS/src/install/taohunza/bin'
[2.271s] Level 1:colcon.colcon_core.environment:checking '/home/aitthikit/Documents/GitHub/EXAM1_WS/src/install/taohunza/lib/pkgconfig/taohunza.pc'
[2.272s] Level 1:colcon.colcon_core.environment:checking '/home/aitthikit/Documents/GitHub/EXAM1_WS/src/install/taohunza/lib/python3.10/site-packages'
[2.272s] Level 1:colcon.colcon_core.environment:checking '/home/aitthikit/Documents/GitHub/EXAM1_WS/src/install/taohunza/bin'
[2.272s] INFO:colcon.colcon_core.shell:Creating package script '/home/aitthikit/Documents/GitHub/EXAM1_WS/src/install/taohunza/share/taohunza/package.ps1'
[2.272s] INFO:colcon.colcon_core.shell:Creating package descriptor '/home/aitthikit/Documents/GitHub/EXAM1_WS/src/install/taohunza/share/taohunza/package.dsv'
[2.273s] INFO:colcon.colcon_core.shell:Creating package script '/home/aitthikit/Documents/GitHub/EXAM1_WS/src/install/taohunza/share/taohunza/package.sh'
[2.273s] INFO:colcon.colcon_core.shell:Creating package script '/home/aitthikit/Documents/GitHub/EXAM1_WS/src/install/taohunza/share/taohunza/package.bash'
[2.274s] INFO:colcon.colcon_core.shell:Creating package script '/home/aitthikit/Documents/GitHub/EXAM1_WS/src/install/taohunza/share/taohunza/package.zsh'
[2.274s] Level 1:colcon.colcon_core.environment:create_file_with_runtime_dependencies(/home/aitthikit/Documents/GitHub/EXAM1_WS/src/install/taohunza/share/colcon-core/packages/taohunza)
[2.316s] DEBUG:colcon.colcon_core.event_handler.log_command:Invoked command in '/home/aitthikit/Documents/GitHub/EXAM1_WS/src/build/turtle_interfaces' returned '0': CMAKE_PREFIX_PATH=${CMAKE_PREFIX_PATH}:/home/aitthikit/Memekhos_ws/install/launch_testing_examples:/home/aitthikit/Memekhos_ws/install/examples_rclpy_pointcloud_publisher:/home/aitthikit/Memekhos_ws/install/examples_rclpy_minimal_subscriber:/home/aitthikit/Memekhos_ws/install/examples_rclpy_minimal_service:/home/aitthikit/Memekhos_ws/install/examples_rclpy_minimal_publisher:/home/aitthikit/Memekhos_ws/install/examples_rclpy_minimal_client:/home/aitthikit/Memekhos_ws/install/examples_rclpy_minimal_action_server:/home/aitthikit/Memekhos_ws/install/examples_rclpy_minimal_action_client:/home/aitthikit/Memekhos_ws/install/examples_rclpy_guard_conditions:/home/aitthikit/Memekhos_ws/install/examples_rclpy_executors:/opt/ros/humble /usr/bin/cmake /home/aitthikit/Documents/GitHub/EXAM1_WS/src/turtle_interfaces -DCMAKE_INSTALL_PREFIX=/home/aitthikit/Documents/GitHub/EXAM1_WS/src/install/turtle_interfaces
[2.317s] DEBUG:colcon.colcon_core.event_handler.log_command:Invoking command in '/home/aitthikit/Documents/GitHub/EXAM1_WS/src/build/turtle_interfaces': CMAKE_PREFIX_PATH=${CMAKE_PREFIX_PATH}:/home/aitthikit/Memekhos_ws/install/launch_testing_examples:/home/aitthikit/Memekhos_ws/install/examples_rclpy_pointcloud_publisher:/home/aitthikit/Memekhos_ws/install/examples_rclpy_minimal_subscriber:/home/aitthikit/Memekhos_ws/install/examples_rclpy_minimal_service:/home/aitthikit/Memekhos_ws/install/examples_rclpy_minimal_publisher:/home/aitthikit/Memekhos_ws/install/examples_rclpy_minimal_client:/home/aitthikit/Memekhos_ws/install/examples_rclpy_minimal_action_server:/home/aitthikit/Memekhos_ws/install/examples_rclpy_minimal_action_client:/home/aitthikit/Memekhos_ws/install/examples_rclpy_guard_conditions:/home/aitthikit/Memekhos_ws/install/examples_rclpy_executors:/opt/ros/humble /usr/bin/cmake --build /home/aitthikit/Documents/GitHub/EXAM1_WS/src/build/turtle_interfaces -- -j12 -l12
[4.095s] DEBUG:colcon.colcon_core.event_handler.log_command:Invoked command in '/home/aitthikit/Documents/GitHub/EXAM1_WS/src/build/turtle_interfaces' returned '0': CMAKE_PREFIX_PATH=${CMAKE_PREFIX_PATH}:/home/aitthikit/Memekhos_ws/install/launch_testing_examples:/home/aitthikit/Memekhos_ws/install/examples_rclpy_pointcloud_publisher:/home/aitthikit/Memekhos_ws/install/examples_rclpy_minimal_subscriber:/home/aitthikit/Memekhos_ws/install/examples_rclpy_minimal_service:/home/aitthikit/Memekhos_ws/install/examples_rclpy_minimal_publisher:/home/aitthikit/Memekhos_ws/install/examples_rclpy_minimal_client:/home/aitthikit/Memekhos_ws/install/examples_rclpy_minimal_action_server:/home/aitthikit/Memekhos_ws/install/examples_rclpy_minimal_action_client:/home/aitthikit/Memekhos_ws/install/examples_rclpy_guard_conditions:/home/aitthikit/Memekhos_ws/install/examples_rclpy_executors:/opt/ros/humble /usr/bin/cmake --build /home/aitthikit/Documents/GitHub/EXAM1_WS/src/build/turtle_interfaces -- -j12 -l12
[4.163s] DEBUG:colcon.colcon_core.event_handler.log_command:Invoking command in '/home/aitthikit/Documents/GitHub/EXAM1_WS/src/build/turtle_interfaces': CMAKE_PREFIX_PATH=${CMAKE_PREFIX_PATH}:/home/aitthikit/Memekhos_ws/install/launch_testing_examples:/home/aitthikit/Memekhos_ws/install/examples_rclpy_pointcloud_publisher:/home/aitthikit/Memekhos_ws/install/examples_rclpy_minimal_subscriber:/home/aitthikit/Memekhos_ws/install/examples_rclpy_minimal_service:/home/aitthikit/Memekhos_ws/install/examples_rclpy_minimal_publisher:/home/aitthikit/Memekhos_ws/install/examples_rclpy_minimal_client:/home/aitthikit/Memekhos_ws/install/examples_rclpy_minimal_action_server:/home/aitthikit/Memekhos_ws/install/examples_rclpy_minimal_action_client:/home/aitthikit/Memekhos_ws/install/examples_rclpy_guard_conditions:/home/aitthikit/Memekhos_ws/install/examples_rclpy_executors:/opt/ros/humble /usr/bin/cmake --install /home/aitthikit/Documents/GitHub/EXAM1_WS/src/build/turtle_interfaces
[4.236s] Level 1:colcon.colcon_core.environment:create_environment_scripts_only(turtle_interfaces)
[4.237s] Level 1:colcon.colcon_core.environment:checking '/home/aitthikit/Documents/GitHub/EXAM1_WS/src/install/turtle_interfaces' for CMake module files
[4.237s] DEBUG:colcon.colcon_core.event_handler.log_command:Invoked command in '/home/aitthikit/Documents/GitHub/EXAM1_WS/src/build/turtle_interfaces' returned '0': CMAKE_PREFIX_PATH=${CMAKE_PREFIX_PATH}:/home/aitthikit/Memekhos_ws/install/launch_testing_examples:/home/aitthikit/Memekhos_ws/install/examples_rclpy_pointcloud_publisher:/home/aitthikit/Memekhos_ws/install/examples_rclpy_minimal_subscriber:/home/aitthikit/Memekhos_ws/install/examples_rclpy_minimal_service:/home/aitthikit/Memekhos_ws/install/examples_rclpy_minimal_publisher:/home/aitthikit/Memekhos_ws/install/examples_rclpy_minimal_client:/home/aitthikit/Memekhos_ws/install/examples_rclpy_minimal_action_server:/home/aitthikit/Memekhos_ws/install/examples_rclpy_minimal_action_client:/home/aitthikit/Memekhos_ws/install/examples_rclpy_guard_conditions:/home/aitthikit/Memekhos_ws/install/examples_rclpy_executors:/opt/ros/humble /usr/bin/cmake --install /home/aitthikit/Documents/GitHub/EXAM1_WS/src/build/turtle_interfaces
[4.238s] Level 1:colcon.colcon_core.environment:checking '/home/aitthikit/Documents/GitHub/EXAM1_WS/src/install/turtle_interfaces' for CMake config files
[4.238s] Level 1:colcon.colcon_core.shell:create_environment_hook('turtle_interfaces', 'cmake_prefix_path')
[4.238s] INFO:colcon.colcon_core.shell:Creating environment hook '/home/aitthikit/Documents/GitHub/EXAM1_WS/src/install/turtle_interfaces/share/turtle_interfaces/hook/cmake_prefix_path.ps1'
[4.238s] INFO:colcon.colcon_core.shell:Creating environment descriptor '/home/aitthikit/Documents/GitHub/EXAM1_WS/src/install/turtle_interfaces/share/turtle_interfaces/hook/cmake_prefix_path.dsv'
[4.239s] INFO:colcon.colcon_core.shell:Creating environment hook '/home/aitthikit/Documents/GitHub/EXAM1_WS/src/install/turtle_interfaces/share/turtle_interfaces/hook/cmake_prefix_path.sh'
[4.239s] Level 1:colcon.colcon_core.environment:checking '/home/aitthikit/Documents/GitHub/EXAM1_WS/src/install/turtle_interfaces/lib'
[4.239s] Level 1:colcon.colcon_core.shell:create_environment_hook('turtle_interfaces', 'ld_library_path_lib')
[4.239s] INFO:colcon.colcon_core.shell:Creating environment hook '/home/aitthikit/Documents/GitHub/EXAM1_WS/src/install/turtle_interfaces/share/turtle_interfaces/hook/ld_library_path_lib.ps1'
[4.239s] INFO:colcon.colcon_core.shell:Creating environment descriptor '/home/aitthikit/Documents/GitHub/EXAM1_WS/src/install/turtle_interfaces/share/turtle_interfaces/hook/ld_library_path_lib.dsv'
[4.240s] INFO:colcon.colcon_core.shell:Creating environment hook '/home/aitthikit/Documents/GitHub/EXAM1_WS/src/install/turtle_interfaces/share/turtle_interfaces/hook/ld_library_path_lib.sh'
[4.240s] Level 1:colcon.colcon_core.environment:checking '/home/aitthikit/Documents/GitHub/EXAM1_WS/src/install/turtle_interfaces/bin'
[4.240s] Level 1:colcon.colcon_core.environment:checking '/home/aitthikit/Documents/GitHub/EXAM1_WS/src/install/turtle_interfaces/lib/pkgconfig/turtle_interfaces.pc'
[4.240s] Level 1:colcon.colcon_core.environment:checking '/home/aitthikit/Documents/GitHub/EXAM1_WS/src/install/turtle_interfaces/lib/python3.10/site-packages'
[4.240s] Level 1:colcon.colcon_core.environment:checking '/home/aitthikit/Documents/GitHub/EXAM1_WS/src/install/turtle_interfaces/bin'
[4.241s] INFO:colcon.colcon_core.shell:Creating package script '/home/aitthikit/Documents/GitHub/EXAM1_WS/src/install/turtle_interfaces/share/turtle_interfaces/package.ps1'
[4.241s] INFO:colcon.colcon_core.shell:Creating package descriptor '/home/aitthikit/Documents/GitHub/EXAM1_WS/src/install/turtle_interfaces/share/turtle_interfaces/package.dsv'
[4.241s] INFO:colcon.colcon_core.shell:Creating package script '/home/aitthikit/Documents/GitHub/EXAM1_WS/src/install/turtle_interfaces/share/turtle_interfaces/package.sh'
[4.242s] INFO:colcon.colcon_core.shell:Creating package script '/home/aitthikit/Documents/GitHub/EXAM1_WS/src/install/turtle_interfaces/share/turtle_interfaces/package.bash'
[4.242s] INFO:colcon.colcon_core.shell:Creating package script '/home/aitthikit/Documents/GitHub/EXAM1_WS/src/install/turtle_interfaces/share/turtle_interfaces/package.zsh'
[4.242s] Level 1:colcon.colcon_core.environment:create_file_with_runtime_dependencies(/home/aitthikit/Documents/GitHub/EXAM1_WS/src/install/turtle_interfaces/share/colcon-core/packages/turtle_interfaces)
[4.322s] Level 1:colcon.colcon_core.environment:create_environment_scripts_only(turtle_interfaces)
[4.322s] Level 1:colcon.colcon_core.environment:checking '/home/aitthikit/Documents/GitHub/EXAM1_WS/src/install/turtle_interfaces' for CMake module files
[4.323s] Level 1:colcon.colcon_core.environment:checking '/home/aitthikit/Documents/GitHub/EXAM1_WS/src/install/turtle_interfaces' for CMake config files
[4.323s] Level 1:colcon.colcon_core.shell:create_environment_hook('turtle_interfaces', 'cmake_prefix_path')
[4.323s] INFO:colcon.colcon_core.shell:Creating environment hook '/home/aitthikit/Documents/GitHub/EXAM1_WS/src/install/turtle_interfaces/share/turtle_interfaces/hook/cmake_prefix_path.ps1'
[4.324s] INFO:colcon.colcon_core.shell:Creating environment descriptor '/home/aitthikit/Documents/GitHub/EXAM1_WS/src/install/turtle_interfaces/share/turtle_interfaces/hook/cmake_prefix_path.dsv'
[4.324s] INFO:colcon.colcon_core.shell:Creating environment hook '/home/aitthikit/Documents/GitHub/EXAM1_WS/src/install/turtle_interfaces/share/turtle_interfaces/hook/cmake_prefix_path.sh'
[4.325s] Level 1:colcon.colcon_core.environment:checking '/home/aitthikit/Documents/GitHub/EXAM1_WS/src/install/turtle_interfaces/lib'
[4.325s] Level 1:colcon.colcon_core.shell:create_environment_hook('turtle_interfaces', 'ld_library_path_lib')
[4.325s] INFO:colcon.colcon_core.shell:Creating environment hook '/home/aitthikit/Documents/GitHub/EXAM1_WS/src/install/turtle_interfaces/share/turtle_interfaces/hook/ld_library_path_lib.ps1'
[4.326s] INFO:colcon.colcon_core.shell:Creating environment descriptor '/home/aitthikit/Documents/GitHub/EXAM1_WS/src/install/turtle_interfaces/share/turtle_interfaces/hook/ld_library_path_lib.dsv'
[4.326s] INFO:colcon.colcon_core.shell:Creating environment hook '/home/aitthikit/Documents/GitHub/EXAM1_WS/src/install/turtle_interfaces/share/turtle_interfaces/hook/ld_library_path_lib.sh'
[4.327s] Level 1:colcon.colcon_core.environment:checking '/home/aitthikit/Documents/GitHub/EXAM1_WS/src/install/turtle_interfaces/bin'
[4.327s] Level 1:colcon.colcon_core.environment:checking '/home/aitthikit/Documents/GitHub/EXAM1_WS/src/install/turtle_interfaces/lib/pkgconfig/turtle_interfaces.pc'
[4.327s] Level 1:colcon.colcon_core.environment:checking '/home/aitthikit/Documents/GitHub/EXAM1_WS/src/install/turtle_interfaces/lib/python3.10/site-packages'
[4.327s] Level 1:colcon.colcon_core.environment:checking '/home/aitthikit/Documents/GitHub/EXAM1_WS/src/install/turtle_interfaces/bin'
[4.328s] INFO:colcon.colcon_core.shell:Creating package script '/home/aitthikit/Documents/GitHub/EXAM1_WS/src/install/turtle_interfaces/share/turtle_interfaces/package.ps1'
[4.329s] INFO:colcon.colcon_core.shell:Creating package descriptor '/home/aitthikit/Documents/GitHub/EXAM1_WS/src/install/turtle_interfaces/share/turtle_interfaces/package.dsv'
[4.329s] INFO:colcon.colcon_core.shell:Creating package script '/home/aitthikit/Documents/GitHub/EXAM1_WS/src/install/turtle_interfaces/share/turtle_interfaces/package.sh'
[4.330s] INFO:colcon.colcon_core.shell:Creating package script '/home/aitthikit/Documents/GitHub/EXAM1_WS/src/install/turtle_interfaces/share/turtle_interfaces/package.bash'
[4.330s] INFO:colcon.colcon_core.shell:Creating package script '/home/aitthikit/Documents/GitHub/EXAM1_WS/src/install/turtle_interfaces/share/turtle_interfaces/package.zsh'
[4.331s] Level 1:colcon.colcon_core.environment:create_file_with_runtime_dependencies(/home/aitthikit/Documents/GitHub/EXAM1_WS/src/install/turtle_interfaces/share/colcon-core/packages/turtle_interfaces)
[4.331s] DEBUG:colcon.colcon_parallel_executor.executor.parallel:closing loop
[4.331s] DEBUG:colcon.colcon_parallel_executor.executor.parallel:loop closed
[4.331s] DEBUG:colcon.colcon_parallel_executor.executor.parallel:run_until_complete finished with '0'
[4.332s] DEBUG:colcon.colcon_core.event_reactor:joining thread
[4.339s] INFO:colcon.colcon_core.plugin_system:Skipping extension 'colcon_notification.desktop_notification.terminal_notifier': Not used on non-Darwin systems
[4.339s] INFO:colcon.colcon_core.plugin_system:Skipping extension 'colcon_notification.desktop_notification.win32': Not used on non-Windows systems
[4.339s] INFO:colcon.colcon_notification.desktop_notification:Sending desktop notification using 'notify2'
[4.356s] DEBUG:colcon.colcon_core.event_reactor:joined thread
[4.356s] INFO:colcon.colcon_core.shell:Creating prefix script '/home/aitthikit/Documents/GitHub/EXAM1_WS/src/install/local_setup.ps1'
[4.357s] INFO:colcon.colcon_core.shell:Creating prefix util module '/home/aitthikit/Documents/GitHub/EXAM1_WS/src/install/_local_setup_util_ps1.py'
[4.359s] INFO:colcon.colcon_core.shell:Creating prefix chain script '/home/aitthikit/Documents/GitHub/EXAM1_WS/src/install/setup.ps1'
[4.364s] INFO:colcon.colcon_core.shell:Creating prefix script '/home/aitthikit/Documents/GitHub/EXAM1_WS/src/install/local_setup.sh'
[4.365s] INFO:colcon.colcon_core.shell:Creating prefix util module '/home/aitthikit/Documents/GitHub/EXAM1_WS/src/install/_local_setup_util_sh.py'
[4.365s] INFO:colcon.colcon_core.shell:Creating prefix chain script '/home/aitthikit/Documents/GitHub/EXAM1_WS/src/install/setup.sh'
[4.369s] INFO:colcon.colcon_core.shell:Creating prefix script '/home/aitthikit/Documents/GitHub/EXAM1_WS/src/install/local_setup.bash'
[4.370s] INFO:colcon.colcon_core.shell:Creating prefix chain script '/home/aitthikit/Documents/GitHub/EXAM1_WS/src/install/setup.bash'
[4.373s] INFO:colcon.colcon_core.shell:Creating prefix script '/home/aitthikit/Documents/GitHub/EXAM1_WS/src/install/local_setup.zsh'
[4.374s] INFO:colcon.colcon_core.shell:Creating prefix chain script '/home/aitthikit/Documents/GitHub/EXAM1_WS/src/install/setup.zsh'
