[0.069s] DEBUG:colcon:Command line arguments: ['/usr/bin/colcon', 'build', '--packages-select', 'taohunza']
[0.069s] DEBUG:colcon:Parsed command line arguments: Namespace(log_base=None, log_level=None, verb_name='build', build_base='build', install_base='install', merge_install=False, symlink_install=False, test_result_base=None, continue_on_error=False, executor='parallel', parallel_workers=16, event_handlers=None, ignore_user_meta=False, metas=['./colcon.meta'], base_paths=['.'], packages_ignore=None, packages_ignore_regex=None, paths=None, packages_up_to=None, packages_up_to_regex=None, packages_above=None, packages_above_and_dependencies=None, packages_above_depth=None, packages_select_by_dep=None, packages_skip_by_dep=None, packages_skip_up_to=None, packages_select_build_failed=False, packages_skip_build_finished=False, packages_select_test_failures=False, packages_skip_test_passed=False, packages_select=['taohunza'], packages_skip=None, packages_select_regex=None, packages_skip_regex=None, packages_start=None, packages_end=None, allow_overriding=[], cmake_args=None, cmake_target=None, cmake_target_skip_unavailable=False, cmake_clean_cache=False, cmake_clean_first=False, cmake_force_configure=False, ament_cmake_args=None, catkin_cmake_args=None, catkin_skip_building_tests=False, mixin_files=None, mixin=None, verb_parser=<colcon_mixin.mixin.mixin_argument.MixinArgumentDecorator object at 0x7bf4e5f70c10>, verb_extension=<colcon_core.verb.build.BuildVerb object at 0x7bf4e60f09a0>, main=<bound method BuildVerb.main of <colcon_core.verb.build.BuildVerb object at 0x7bf4e60f09a0>>, mixin_verb=('build',))
[0.180s] Level 1:colcon.colcon_core.package_discovery:discover_packages(colcon_meta) check parameters
[0.181s] Level 1:colcon.colcon_core.package_discovery:discover_packages(recursive) check parameters
[0.181s] Level 1:colcon.colcon_core.package_discovery:discover_packages(ignore) check parameters
[0.181s] Level 1:colcon.colcon_core.package_discovery:discover_packages(path) check parameters
[0.181s] Level 1:colcon.colcon_core.package_discovery:discover_packages(colcon_meta) discover
[0.181s] Level 1:colcon.colcon_core.package_discovery:discover_packages(recursive) discover
[0.181s] INFO:colcon.colcon_core.package_discovery:Crawling recursively for packages in '/home/tadtawan/EXAM1_WS'
[0.181s] Level 1:colcon.colcon_core.package_identification:_identify(.) by extensions ['ignore', 'ignore_ament_install']
[0.181s] Level 1:colcon.colcon_core.package_identification:_identify(.) by extension 'ignore'
[0.181s] Level 1:colcon.colcon_core.package_identification:_identify(.) by extension 'ignore_ament_install'
[0.181s] Level 1:colcon.colcon_core.package_identification:_identify(.) by extensions ['colcon_pkg']
[0.181s] Level 1:colcon.colcon_core.package_identification:_identify(.) by extension 'colcon_pkg'
[0.181s] Level 1:colcon.colcon_core.package_identification:_identify(.) by extensions ['colcon_meta']
[0.181s] Level 1:colcon.colcon_core.package_identification:_identify(.) by extension 'colcon_meta'
[0.181s] Level 1:colcon.colcon_core.package_identification:_identify(.) by extensions ['ros']
[0.181s] Level 1:colcon.colcon_core.package_identification:_identify(.) by extension 'ros'
[0.188s] Level 1:colcon.colcon_core.package_identification:_identify(.) by extensions ['cmake', 'python']
[0.188s] Level 1:colcon.colcon_core.package_identification:_identify(.) by extension 'cmake'
[0.188s] Level 1:colcon.colcon_core.package_identification:_identify(.) by extension 'python'
[0.188s] Level 1:colcon.colcon_core.package_identification:_identify(.) by extensions ['python_setup_py']
[0.188s] Level 1:colcon.colcon_core.package_identification:_identify(.) by extension 'python_setup_py'
[0.188s] Level 1:colcon.colcon_core.package_identification:_identify(build) by extensions ['ignore', 'ignore_ament_install']
[0.188s] Level 1:colcon.colcon_core.package_identification:_identify(build) by extension 'ignore'
[0.188s] Level 1:colcon.colcon_core.package_identification:_identify(build) ignored
[0.188s] Level 1:colcon.colcon_core.package_identification:_identify(install) by extensions ['ignore', 'ignore_ament_install']
[0.188s] Level 1:colcon.colcon_core.package_identification:_identify(install) by extension 'ignore'
[0.188s] Level 1:colcon.colcon_core.package_identification:_identify(install) ignored
[0.188s] Level 1:colcon.colcon_core.package_identification:_identify(log) by extensions ['ignore', 'ignore_ament_install']
[0.188s] Level 1:colcon.colcon_core.package_identification:_identify(log) by extension 'ignore'
[0.188s] Level 1:colcon.colcon_core.package_identification:_identify(log) ignored
[0.189s] Level 1:colcon.colcon_core.package_identification:_identify(src) by extensions ['ignore', 'ignore_ament_install']
[0.189s] Level 1:colcon.colcon_core.package_identification:_identify(src) by extension 'ignore'
[0.189s] Level 1:colcon.colcon_core.package_identification:_identify(src) by extension 'ignore_ament_install'
[0.189s] Level 1:colcon.colcon_core.package_identification:_identify(src) by extensions ['colcon_pkg']
[0.189s] Level 1:colcon.colcon_core.package_identification:_identify(src) by extension 'colcon_pkg'
[0.189s] Level 1:colcon.colcon_core.package_identification:_identify(src) by extensions ['colcon_meta']
[0.189s] Level 1:colcon.colcon_core.package_identification:_identify(src) by extension 'colcon_meta'
[0.189s] Level 1:colcon.colcon_core.package_identification:_identify(src) by extensions ['ros']
[0.189s] Level 1:colcon.colcon_core.package_identification:_identify(src) by extension 'ros'
[0.189s] Level 1:colcon.colcon_core.package_identification:_identify(src) by extensions ['cmake', 'python']
[0.189s] Level 1:colcon.colcon_core.package_identification:_identify(src) by extension 'cmake'
[0.189s] Level 1:colcon.colcon_core.package_identification:_identify(src) by extension 'python'
[0.189s] Level 1:colcon.colcon_core.package_identification:_identify(src) by extensions ['python_setup_py']
[0.189s] Level 1:colcon.colcon_core.package_identification:_identify(src) by extension 'python_setup_py'
[0.189s] Level 1:colcon.colcon_core.package_identification:_identify(src/taohunza) by extensions ['ignore', 'ignore_ament_install']
[0.189s] Level 1:colcon.colcon_core.package_identification:_identify(src/taohunza) by extension 'ignore'
[0.189s] Level 1:colcon.colcon_core.package_identification:_identify(src/taohunza) by extension 'ignore_ament_install'
[0.189s] Level 1:colcon.colcon_core.package_identification:_identify(src/taohunza) by extensions ['colcon_pkg']
[0.189s] Level 1:colcon.colcon_core.package_identification:_identify(src/taohunza) by extension 'colcon_pkg'
[0.189s] Level 1:colcon.colcon_core.package_identification:_identify(src/taohunza) by extensions ['colcon_meta']
[0.189s] Level 1:colcon.colcon_core.package_identification:_identify(src/taohunza) by extension 'colcon_meta'
[0.189s] Level 1:colcon.colcon_core.package_identification:_identify(src/taohunza) by extensions ['ros']
[0.189s] Level 1:colcon.colcon_core.package_identification:_identify(src/taohunza) by extension 'ros'
[0.191s] DEBUG:colcon.colcon_core.package_identification:Package 'src/taohunza' with type 'ros.ament_cmake' and name 'taohunza'
[0.191s] Level 1:colcon.colcon_core.package_discovery:discover_packages(recursive) using defaults
[0.191s] Level 1:colcon.colcon_core.package_discovery:discover_packages(ignore) discover
[0.191s] Level 1:colcon.colcon_core.package_discovery:discover_packages(ignore) using defaults
[0.191s] Level 1:colcon.colcon_core.package_discovery:discover_packages(path) discover
[0.191s] Level 1:colcon.colcon_core.package_discovery:discover_packages(path) using defaults
[0.203s] Level 1:colcon.colcon_core.package_discovery:discover_packages(prefix_path) check parameters
[0.203s] Level 1:colcon.colcon_core.package_discovery:discover_packages(prefix_path) discover
[0.204s] DEBUG:colcon.colcon_installed_package_information.package_discovery:Found 1 installed packages in /home/tadtawan/TestGIT_ws/install
[0.205s] DEBUG:colcon.colcon_installed_package_information.package_discovery:Found 2 installed packages in /home/tadtawan/Documents/GitHub/Big_SUN/FUN3.5/RoboticsDev2024/install
[0.205s] DEBUG:colcon.colcon_installed_package_information.package_discovery:Found 7 installed packages in /home/tadtawan/ros2_ws/install
[0.205s] DEBUG:colcon.colcon_installed_package_information.package_discovery:Found 2 installed packages in /home/tadtawan/RoboticsDev2024/RoboticsDev2024/install
[0.206s] DEBUG:colcon.colcon_installed_package_information.package_discovery:Found 405 installed packages in /opt/ros/humble
[0.208s] Level 1:colcon.colcon_core.package_discovery:discover_packages(prefix_path) using defaults
[0.242s] Level 5:colcon.colcon_core.verb:set package 'taohunza' build argument 'cmake_args' from command line to 'None'
[0.242s] Level 5:colcon.colcon_core.verb:set package 'taohunza' build argument 'cmake_target' from command line to 'None'
[0.242s] Level 5:colcon.colcon_core.verb:set package 'taohunza' build argument 'cmake_target_skip_unavailable' from command line to 'False'
[0.242s] Level 5:colcon.colcon_core.verb:set package 'taohunza' build argument 'cmake_clean_cache' from command line to 'False'
[0.242s] Level 5:colcon.colcon_core.verb:set package 'taohunza' build argument 'cmake_clean_first' from command line to 'False'
[0.242s] Level 5:colcon.colcon_core.verb:set package 'taohunza' build argument 'cmake_force_configure' from command line to 'False'
[0.242s] Level 5:colcon.colcon_core.verb:set package 'taohunza' build argument 'ament_cmake_args' from command line to 'None'
[0.242s] Level 5:colcon.colcon_core.verb:set package 'taohunza' build argument 'catkin_cmake_args' from command line to 'None'
[0.242s] Level 5:colcon.colcon_core.verb:set package 'taohunza' build argument 'catkin_skip_building_tests' from command line to 'False'
[0.242s] DEBUG:colcon.colcon_core.verb:Building package 'taohunza' with the following arguments: {'ament_cmake_args': None, 'build_base': '/home/tadtawan/EXAM1_WS/build/taohunza', 'catkin_cmake_args': None, 'catkin_skip_building_tests': False, 'cmake_args': None, 'cmake_clean_cache': False, 'cmake_clean_first': False, 'cmake_force_configure': False, 'cmake_target': None, 'cmake_target_skip_unavailable': False, 'install_base': '/home/tadtawan/EXAM1_WS/install/taohunza', 'merge_install': False, 'path': '/home/tadtawan/EXAM1_WS/src/taohunza', 'symlink_install': False, 'test_result_base': None}
[0.242s] INFO:colcon.colcon_core.executor:Executing jobs using 'parallel' executor
[0.243s] DEBUG:colcon.colcon_parallel_executor.executor.parallel:run_until_complete
[0.243s] INFO:colcon.colcon_ros.task.ament_cmake.build:Building ROS package in '/home/tadtawan/EXAM1_WS/src/taohunza' with build type 'ament_cmake'
[0.243s] INFO:colcon.colcon_cmake.task.cmake.build:Building CMake package in '/home/tadtawan/EXAM1_WS/src/taohunza'
[0.244s] INFO:colcon.colcon_core.plugin_system:Skipping extension 'colcon_core.shell.bat': Not used on non-Windows systems
[0.244s] INFO:colcon.colcon_core.shell:Skip shell extension 'powershell' for command environment: Not usable outside of PowerShell
[0.244s] DEBUG:colcon.colcon_core.shell:Skip shell extension 'dsv' for command environment
[0.251s] DEBUG:colcon.colcon_core.event_handler.log_command:Invoking command in '/home/tadtawan/EXAM1_WS/build/taohunza': CMAKE_PREFIX_PATH=${CMAKE_PREFIX_PATH}:/opt/ros/humble /usr/bin/cmake /home/tadtawan/EXAM1_WS/src/taohunza -DCMAKE_INSTALL_PREFIX=/home/tadtawan/EXAM1_WS/install/taohunza
[1.060s] DEBUG:colcon.colcon_core.event_handler.log_command:Invoked command in '/home/tadtawan/EXAM1_WS/build/taohunza' returned '0': CMAKE_PREFIX_PATH=${CMAKE_PREFIX_PATH}:/opt/ros/humble /usr/bin/cmake /home/tadtawan/EXAM1_WS/src/taohunza -DCMAKE_INSTALL_PREFIX=/home/tadtawan/EXAM1_WS/install/taohunza
[1.060s] DEBUG:colcon.colcon_core.event_handler.log_command:Invoking command in '/home/tadtawan/EXAM1_WS/build/taohunza': CMAKE_PREFIX_PATH=${CMAKE_PREFIX_PATH}:/opt/ros/humble /usr/bin/cmake --build /home/tadtawan/EXAM1_WS/build/taohunza -- -j16 -l16
[1.316s] DEBUG:colcon.colcon_core.event_handler.log_command:Invoked command in '/home/tadtawan/EXAM1_WS/build/taohunza' returned '0': CMAKE_PREFIX_PATH=${CMAKE_PREFIX_PATH}:/opt/ros/humble /usr/bin/cmake --build /home/tadtawan/EXAM1_WS/build/taohunza -- -j16 -l16
[1.341s] DEBUG:colcon.colcon_core.event_handler.log_command:Invoking command in '/home/tadtawan/EXAM1_WS/build/taohunza': CMAKE_PREFIX_PATH=${CMAKE_PREFIX_PATH}:/opt/ros/humble /usr/bin/cmake --install /home/tadtawan/EXAM1_WS/build/taohunza
[1.376s] Level 1:colcon.colcon_core.environment:create_environment_scripts_only(taohunza)
[1.376s] DEBUG:colcon.colcon_core.event_handler.log_command:Invoked command in '/home/tadtawan/EXAM1_WS/build/taohunza' returned '0': CMAKE_PREFIX_PATH=${CMAKE_PREFIX_PATH}:/opt/ros/humble /usr/bin/cmake --install /home/tadtawan/EXAM1_WS/build/taohunza
[1.377s] Level 1:colcon.colcon_core.environment:checking '/home/tadtawan/EXAM1_WS/install/taohunza' for CMake module files
[1.378s] Level 1:colcon.colcon_core.environment:checking '/home/tadtawan/EXAM1_WS/install/taohunza' for CMake config files
[1.378s] Level 1:colcon.colcon_core.shell:create_environment_hook('taohunza', 'cmake_prefix_path')
[1.378s] INFO:colcon.colcon_core.shell:Creating environment hook '/home/tadtawan/EXAM1_WS/install/taohunza/share/taohunza/hook/cmake_prefix_path.ps1'
[1.378s] INFO:colcon.colcon_core.shell:Creating environment descriptor '/home/tadtawan/EXAM1_WS/install/taohunza/share/taohunza/hook/cmake_prefix_path.dsv'
[1.379s] INFO:colcon.colcon_core.shell:Creating environment hook '/home/tadtawan/EXAM1_WS/install/taohunza/share/taohunza/hook/cmake_prefix_path.sh'
[1.379s] Level 1:colcon.colcon_core.environment:checking '/home/tadtawan/EXAM1_WS/install/taohunza/lib'
[1.379s] Level 1:colcon.colcon_core.environment:checking '/home/tadtawan/EXAM1_WS/install/taohunza/bin'
[1.379s] Level 1:colcon.colcon_core.environment:checking '/home/tadtawan/EXAM1_WS/install/taohunza/lib/pkgconfig/taohunza.pc'
[1.379s] Level 1:colcon.colcon_core.environment:checking '/home/tadtawan/EXAM1_WS/install/taohunza/lib/python3.10/site-packages'
[1.379s] Level 1:colcon.colcon_core.environment:checking '/home/tadtawan/EXAM1_WS/install/taohunza/bin'
[1.380s] INFO:colcon.colcon_core.shell:Creating package script '/home/tadtawan/EXAM1_WS/install/taohunza/share/taohunza/package.ps1'
[1.380s] INFO:colcon.colcon_core.shell:Creating package descriptor '/home/tadtawan/EXAM1_WS/install/taohunza/share/taohunza/package.dsv'
[1.380s] INFO:colcon.colcon_core.shell:Creating package script '/home/tadtawan/EXAM1_WS/install/taohunza/share/taohunza/package.sh'
[1.381s] INFO:colcon.colcon_core.shell:Creating package script '/home/tadtawan/EXAM1_WS/install/taohunza/share/taohunza/package.bash'
[1.381s] INFO:colcon.colcon_core.shell:Creating package script '/home/tadtawan/EXAM1_WS/install/taohunza/share/taohunza/package.zsh'
[1.381s] Level 1:colcon.colcon_core.environment:create_file_with_runtime_dependencies(/home/tadtawan/EXAM1_WS/install/taohunza/share/colcon-core/packages/taohunza)
[1.401s] Level 1:colcon.colcon_core.environment:create_environment_scripts_only(taohunza)
[1.401s] Level 1:colcon.colcon_core.environment:checking '/home/tadtawan/EXAM1_WS/install/taohunza' for CMake module files
[1.401s] Level 1:colcon.colcon_core.environment:checking '/home/tadtawan/EXAM1_WS/install/taohunza' for CMake config files
[1.402s] Level 1:colcon.colcon_core.shell:create_environment_hook('taohunza', 'cmake_prefix_path')
[1.402s] INFO:colcon.colcon_core.shell:Creating environment hook '/home/tadtawan/EXAM1_WS/install/taohunza/share/taohunza/hook/cmake_prefix_path.ps1'
[1.402s] INFO:colcon.colcon_core.shell:Creating environment descriptor '/home/tadtawan/EXAM1_WS/install/taohunza/share/taohunza/hook/cmake_prefix_path.dsv'
[1.402s] INFO:colcon.colcon_core.shell:Creating environment hook '/home/tadtawan/EXAM1_WS/install/taohunza/share/taohunza/hook/cmake_prefix_path.sh'
[1.403s] Level 1:colcon.colcon_core.environment:checking '/home/tadtawan/EXAM1_WS/install/taohunza/lib'
[1.403s] Level 1:colcon.colcon_core.environment:checking '/home/tadtawan/EXAM1_WS/install/taohunza/bin'
[1.403s] Level 1:colcon.colcon_core.environment:checking '/home/tadtawan/EXAM1_WS/install/taohunza/lib/pkgconfig/taohunza.pc'
[1.403s] Level 1:colcon.colcon_core.environment:checking '/home/tadtawan/EXAM1_WS/install/taohunza/lib/python3.10/site-packages'
[1.403s] Level 1:colcon.colcon_core.environment:checking '/home/tadtawan/EXAM1_WS/install/taohunza/bin'
[1.403s] INFO:colcon.colcon_core.shell:Creating package script '/home/tadtawan/EXAM1_WS/install/taohunza/share/taohunza/package.ps1'
[1.403s] INFO:colcon.colcon_core.shell:Creating package descriptor '/home/tadtawan/EXAM1_WS/install/taohunza/share/taohunza/package.dsv'
[1.404s] INFO:colcon.colcon_core.shell:Creating package script '/home/tadtawan/EXAM1_WS/install/taohunza/share/taohunza/package.sh'
[1.404s] INFO:colcon.colcon_core.shell:Creating package script '/home/tadtawan/EXAM1_WS/install/taohunza/share/taohunza/package.bash'
[1.404s] INFO:colcon.colcon_core.shell:Creating package script '/home/tadtawan/EXAM1_WS/install/taohunza/share/taohunza/package.zsh'
[1.404s] Level 1:colcon.colcon_core.environment:create_file_with_runtime_dependencies(/home/tadtawan/EXAM1_WS/install/taohunza/share/colcon-core/packages/taohunza)
[1.405s] DEBUG:colcon.colcon_parallel_executor.executor.parallel:closing loop
[1.405s] DEBUG:colcon.colcon_parallel_executor.executor.parallel:loop closed
[1.405s] DEBUG:colcon.colcon_parallel_executor.executor.parallel:run_until_complete finished with '0'
[1.405s] DEBUG:colcon.colcon_core.event_reactor:joining thread
[1.408s] INFO:colcon.colcon_core.plugin_system:Skipping extension 'colcon_notification.desktop_notification.terminal_notifier': Not used on non-Darwin systems
[1.408s] INFO:colcon.colcon_core.plugin_system:Skipping extension 'colcon_notification.desktop_notification.win32': Not used on non-Windows systems
[1.408s] INFO:colcon.colcon_notification.desktop_notification:Sending desktop notification using 'notify2'
[1.420s] DEBUG:colcon.colcon_core.event_reactor:joined thread
[1.420s] INFO:colcon.colcon_core.shell:Creating prefix script '/home/tadtawan/EXAM1_WS/install/local_setup.ps1'
[1.421s] INFO:colcon.colcon_core.shell:Creating prefix util module '/home/tadtawan/EXAM1_WS/install/_local_setup_util_ps1.py'
[1.421s] INFO:colcon.colcon_core.shell:Creating prefix chain script '/home/tadtawan/EXAM1_WS/install/setup.ps1'
[1.422s] INFO:colcon.colcon_core.shell:Creating prefix script '/home/tadtawan/EXAM1_WS/install/local_setup.sh'
[1.423s] INFO:colcon.colcon_core.shell:Creating prefix util module '/home/tadtawan/EXAM1_WS/install/_local_setup_util_sh.py'
[1.423s] INFO:colcon.colcon_core.shell:Creating prefix chain script '/home/tadtawan/EXAM1_WS/install/setup.sh'
[1.424s] INFO:colcon.colcon_core.shell:Creating prefix script '/home/tadtawan/EXAM1_WS/install/local_setup.bash'
[1.424s] INFO:colcon.colcon_core.shell:Creating prefix chain script '/home/tadtawan/EXAM1_WS/install/setup.bash'
[1.425s] INFO:colcon.colcon_core.shell:Creating prefix script '/home/tadtawan/EXAM1_WS/install/local_setup.zsh'
[1.425s] INFO:colcon.colcon_core.shell:Creating prefix chain script '/home/tadtawan/EXAM1_WS/install/setup.zsh'
