[0.274s] Invoking command in '/home/aitthikit/Documents/GitHub/EXAM1_WS/build/turtle_interfaces': CMAKE_PREFIX_PATH=${CMAKE_PREFIX_PATH}:/home/aitthikit/Documents/GitHub/EXAM1_WS/install/teleop_twist_keyboard:/home/aitthikit/Memekhos_ws/install/launch_testing_examples:/home/aitthikit/Memekhos_ws/install/examples_rclpy_pointcloud_publisher:/home/aitthikit/Memekhos_ws/install/examples_rclpy_minimal_subscriber:/home/aitthikit/Memekhos_ws/install/examples_rclpy_minimal_service:/home/aitthikit/Memekhos_ws/install/examples_rclpy_minimal_publisher:/home/aitthikit/Memekhos_ws/install/examples_rclpy_minimal_client:/home/aitthikit/Memekhos_ws/install/examples_rclpy_minimal_action_server:/home/aitthikit/Memekhos_ws/install/examples_rclpy_minimal_action_client:/home/aitthikit/Memekhos_ws/install/examples_rclpy_guard_conditions:/home/aitthikit/Memekhos_ws/install/examples_rclpy_executors:/opt/ros/humble /usr/bin/cmake /home/aitthikit/Documents/GitHub/EXAM1_WS/src/turtle_interfaces -DCMAKE_INSTALL_PREFIX=/home/aitthikit/Documents/GitHub/EXAM1_WS/install/turtle_interfaces
[0.325s] -- The C compiler identification is GNU 11.4.0
[0.378s] -- The CXX compiler identification is GNU 11.4.0
[0.385s] -- Detecting C compiler ABI info
[0.451s] -- Detecting C compiler ABI info - done
[0.457s] -- Check for working C compiler: /usr/bin/cc - skipped
[0.458s] -- Detecting C compile features
[0.458s] -- Detecting C compile features - done
[0.460s] -- Detecting CXX compiler ABI info
[0.538s] -- Detecting CXX compiler ABI info - done
[0.545s] -- Check for working CXX compiler: /usr/bin/c++ - skipped
[0.545s] -- Detecting CXX compile features
[0.545s] -- Detecting CXX compile features - done
[0.550s] -- Found ament_cmake: 1.3.10 (/opt/ros/humble/share/ament_cmake/cmake)
[0.729s] -- Found Python3: /usr/bin/python3 (found version "3.10.12") found components: Interpreter 
[0.868s] -- Found geometry_msgs: 4.2.4 (/opt/ros/humble/share/geometry_msgs/cmake)
[0.941s] -- Found rosidl_generator_c: 3.1.5 (/opt/ros/humble/share/rosidl_generator_c/cmake)
[0.952s] -- Found rosidl_adapter: 3.1.5 (/opt/ros/humble/share/rosidl_adapter/cmake)
[0.965s] -- Found rosidl_generator_cpp: 3.1.5 (/opt/ros/humble/share/rosidl_generator_cpp/cmake)
[0.984s] -- Using all available rosidl_typesupport_c: rosidl_typesupport_fastrtps_c;rosidl_typesupport_introspection_c
[1.009s] -- Using all available rosidl_typesupport_cpp: rosidl_typesupport_fastrtps_cpp;rosidl_typesupport_introspection_cpp
[1.059s] -- Found rosidl_default_generators: 1.2.0 (/opt/ros/humble/share/rosidl_default_generators/cmake)
[1.077s] -- Found ament_lint_auto: 0.12.11 (/opt/ros/humble/share/ament_lint_auto/cmake)
[1.411s] -- Found ament_cmake_ros: 0.10.0 (/opt/ros/humble/share/ament_cmake_ros/cmake)
[1.868s] -- Using all available rosidl_typesupport_c: rosidl_typesupport_fastrtps_c;rosidl_typesupport_introspection_c
[2.050s] -- Using all available rosidl_typesupport_cpp: rosidl_typesupport_fastrtps_cpp;rosidl_typesupport_introspection_cpp
[2.076s] -- Found PythonInterp: /usr/bin/python3 (found suitable version "3.10.12", minimum required is "3.6") 
[2.080s] -- Found python_cmake_module: 0.10.0 (/opt/ros/humble/share/python_cmake_module/cmake)
[2.110s] -- Found PythonLibs: /usr/lib/x86_64-linux-gnu/libpython3.10.so (found suitable version "3.10.12", minimum required is "3.5") 
[2.110s] -- Using PYTHON_EXECUTABLE: /usr/bin/python3
[2.110s] -- Using PYTHON_INCLUDE_DIRS: /usr/include/python3.10
[2.110s] -- Using PYTHON_LIBRARIES: /usr/lib/x86_64-linux-gnu/libpython3.10.so
[2.134s] -- Found PythonExtra: .so  
[2.214s] -- Added test 'lint_cmake' to check CMake code style
[2.216s] -- Added test 'xmllint' to check XML markup files
[2.222s] -- Configuring done
[2.255s] -- Generating done
[2.257s] -- Build files have been written to: /home/aitthikit/Documents/GitHub/EXAM1_WS/build/turtle_interfaces
[2.266s] Invoked command in '/home/aitthikit/Documents/GitHub/EXAM1_WS/build/turtle_interfaces' returned '0': CMAKE_PREFIX_PATH=${CMAKE_PREFIX_PATH}:/home/aitthikit/Documents/GitHub/EXAM1_WS/install/teleop_twist_keyboard:/home/aitthikit/Memekhos_ws/install/launch_testing_examples:/home/aitthikit/Memekhos_ws/install/examples_rclpy_pointcloud_publisher:/home/aitthikit/Memekhos_ws/install/examples_rclpy_minimal_subscriber:/home/aitthikit/Memekhos_ws/install/examples_rclpy_minimal_service:/home/aitthikit/Memekhos_ws/install/examples_rclpy_minimal_publisher:/home/aitthikit/Memekhos_ws/install/examples_rclpy_minimal_client:/home/aitthikit/Memekhos_ws/install/examples_rclpy_minimal_action_server:/home/aitthikit/Memekhos_ws/install/examples_rclpy_minimal_action_client:/home/aitthikit/Memekhos_ws/install/examples_rclpy_guard_conditions:/home/aitthikit/Memekhos_ws/install/examples_rclpy_executors:/opt/ros/humble /usr/bin/cmake /home/aitthikit/Documents/GitHub/EXAM1_WS/src/turtle_interfaces -DCMAKE_INSTALL_PREFIX=/home/aitthikit/Documents/GitHub/EXAM1_WS/install/turtle_interfaces
[2.266s] Invoking command in '/home/aitthikit/Documents/GitHub/EXAM1_WS/build/turtle_interfaces': CMAKE_PREFIX_PATH=${CMAKE_PREFIX_PATH}:/home/aitthikit/Documents/GitHub/EXAM1_WS/install/teleop_twist_keyboard:/home/aitthikit/Memekhos_ws/install/launch_testing_examples:/home/aitthikit/Memekhos_ws/install/examples_rclpy_pointcloud_publisher:/home/aitthikit/Memekhos_ws/install/examples_rclpy_minimal_subscriber:/home/aitthikit/Memekhos_ws/install/examples_rclpy_minimal_service:/home/aitthikit/Memekhos_ws/install/examples_rclpy_minimal_publisher:/home/aitthikit/Memekhos_ws/install/examples_rclpy_minimal_client:/home/aitthikit/Memekhos_ws/install/examples_rclpy_minimal_action_server:/home/aitthikit/Memekhos_ws/install/examples_rclpy_minimal_action_client:/home/aitthikit/Memekhos_ws/install/examples_rclpy_guard_conditions:/home/aitthikit/Memekhos_ws/install/examples_rclpy_executors:/opt/ros/humble /usr/bin/cmake --build /home/aitthikit/Documents/GitHub/EXAM1_WS/build/turtle_interfaces -- -j12 -l12
[2.305s] [  3%] [34m[1mGenerating C code for ROS interfaces[0m
[2.317s] [  6%] [34m[1mGenerating C++ code for ROS interfaces[0m
[2.325s] [  6%] Built target ament_cmake_python_copy_turtle_interfaces
[2.583s] running egg_info
[2.584s] creating turtle_interfaces.egg-info
[2.584s] writing turtle_interfaces.egg-info/PKG-INFO
[2.585s] writing dependency_links to turtle_interfaces.egg-info/dependency_links.txt
[2.585s] [  9%] [32mBuilding C object CMakeFiles/turtle_interfaces__rosidl_generator_c.dir/rosidl_generator_c/turtle_interfaces/srv/detail/pizza__functions.c.o[0m
[2.585s] writing top-level names to turtle_interfaces.egg-info/top_level.txt
[2.585s] writing manifest file 'turtle_interfaces.egg-info/SOURCES.txt'
[2.587s] reading manifest file 'turtle_interfaces.egg-info/SOURCES.txt'
[2.587s] writing manifest file 'turtle_interfaces.egg-info/SOURCES.txt'
[2.598s] [  9%] Built target turtle_interfaces__cpp
[2.609s] [ 16%] [34m[1mGenerating C++ introspection for ROS interfaces[0m
[2.609s] [ 16%] [34m[1mGenerating C++ type support dispatch for ROS interfaces[0m
[2.610s] [ 19%] [34m[1mGenerating C++ type support for eProsima Fast-RTPS[0m
[2.614s] [ 19%] Built target ament_cmake_python_build_turtle_interfaces_egg
[2.645s] [ 22%] [32m[1mLinking C shared library libturtle_interfaces__rosidl_generator_c.so[0m
[2.683s] [ 22%] Built target turtle_interfaces__rosidl_generator_c
[2.695s] [ 29%] [34m[1mGenerating C type support for eProsima Fast-RTPS[0m
[2.695s] [ 29%] [34m[1mGenerating C type support dispatch for ROS interfaces[0m
[2.695s] [ 32%] [34m[1mGenerating C introspection for ROS interfaces[0m
[2.877s] [ 35%] [32mBuilding CXX object CMakeFiles/turtle_interfaces__rosidl_typesupport_cpp.dir/rosidl_typesupport_cpp/turtle_interfaces/srv/pizza__type_support.cpp.o[0m
[2.884s] [ 38%] [32mBuilding CXX object CMakeFiles/turtle_interfaces__rosidl_typesupport_introspection_cpp.dir/rosidl_typesupport_introspection_cpp/turtle_interfaces/srv/detail/pizza__type_support.cpp.o[0m
[2.899s] [ 41%] [32mBuilding CXX object CMakeFiles/turtle_interfaces__rosidl_typesupport_fastrtps_cpp.dir/rosidl_typesupport_fastrtps_cpp/turtle_interfaces/srv/detail/dds_fastrtps/pizza__type_support.cpp.o[0m
[2.972s] [ 45%] [32mBuilding CXX object CMakeFiles/turtle_interfaces__rosidl_typesupport_fastrtps_c.dir/rosidl_typesupport_fastrtps_c/turtle_interfaces/srv/detail/pizza__type_support_c.cpp.o[0m
[2.976s] [ 48%] [32mBuilding CXX object CMakeFiles/turtle_interfaces__rosidl_typesupport_c.dir/rosidl_typesupport_c/turtle_interfaces/srv/pizza__type_support.cpp.o[0m
[2.988s] [ 51%] [32mBuilding C object CMakeFiles/turtle_interfaces__rosidl_typesupport_introspection_c.dir/rosidl_typesupport_introspection_c/turtle_interfaces/srv/detail/pizza__type_support.c.o[0m
[3.009s] [ 54%] [32m[1mLinking CXX shared library libturtle_interfaces__rosidl_typesupport_c.so[0m
[3.026s] [ 58%] [32m[1mLinking C shared library libturtle_interfaces__rosidl_typesupport_introspection_c.so[0m
[3.051s] [ 58%] Built target turtle_interfaces__rosidl_typesupport_c
[3.059s] [ 58%] Built target turtle_interfaces__rosidl_typesupport_introspection_c
[3.161s] [ 61%] [32m[1mLinking CXX shared library libturtle_interfaces__rosidl_typesupport_cpp.so[0m
[3.204s] [ 61%] Built target turtle_interfaces__rosidl_typesupport_cpp
[3.253s] [ 64%] [32m[1mLinking CXX shared library libturtle_interfaces__rosidl_typesupport_introspection_cpp.so[0m
[3.288s] [ 67%] [32m[1mLinking CXX shared library libturtle_interfaces__rosidl_typesupport_fastrtps_cpp.so[0m
[3.306s] [ 70%] [32m[1mLinking CXX shared library libturtle_interfaces__rosidl_typesupport_fastrtps_c.so[0m
[3.316s] [ 70%] Built target turtle_interfaces__rosidl_typesupport_introspection_cpp
[3.363s] [ 70%] Built target turtle_interfaces__rosidl_typesupport_fastrtps_cpp
[3.380s] [ 70%] Built target turtle_interfaces__rosidl_typesupport_fastrtps_c
[3.400s] [ 70%] Built target turtle_interfaces
[3.420s] [ 74%] [34m[1mGenerating Python code for ROS interfaces[0m
[3.752s] [ 74%] Built target turtle_interfaces__py
[3.771s] [ 77%] [32mBuilding C object CMakeFiles/turtle_interfaces__rosidl_generator_py.dir/rosidl_generator_py/turtle_interfaces/srv/_pizza_s.c.o[0m
[3.866s] [ 80%] [32m[1mLinking C shared library rosidl_generator_py/turtle_interfaces/libturtle_interfaces__rosidl_generator_py.so[0m
[3.905s] [ 80%] Built target turtle_interfaces__rosidl_generator_py
[3.926s] [ 87%] [32mBuilding C object CMakeFiles/turtle_interfaces__rosidl_typesupport_c__pyext.dir/rosidl_generator_py/turtle_interfaces/_turtle_interfaces_s.ep.rosidl_typesupport_c.c.o[0m
[3.926s] [ 87%] [32mBuilding C object CMakeFiles/turtle_interfaces__rosidl_typesupport_fastrtps_c__pyext.dir/rosidl_generator_py/turtle_interfaces/_turtle_interfaces_s.ep.rosidl_typesupport_fastrtps_c.c.o[0m
[3.927s] [ 90%] [32mBuilding C object CMakeFiles/turtle_interfaces__rosidl_typesupport_introspection_c__pyext.dir/rosidl_generator_py/turtle_interfaces/_turtle_interfaces_s.ep.rosidl_typesupport_introspection_c.c.o[0m
[4.032s] [100%] [32m[1mLinking C shared library rosidl_generator_py/turtle_interfaces/turtle_interfaces_s__rosidl_typesupport_fastrtps_c.cpython-310-x86_64-linux-gnu.so[0m
[4.033s] [100%] [32m[1mLinking C shared library rosidl_generator_py/turtle_interfaces/turtle_interfaces_s__rosidl_typesupport_c.cpython-310-x86_64-linux-gnu.so[0m
[4.033s] [100%] [32m[1mLinking C shared library rosidl_generator_py/turtle_interfaces/turtle_interfaces_s__rosidl_typesupport_introspection_c.cpython-310-x86_64-linux-gnu.so[0m
[4.074s] [100%] Built target turtle_interfaces__rosidl_typesupport_fastrtps_c__pyext
[4.074s] [100%] Built target turtle_interfaces__rosidl_typesupport_c__pyext
[4.074s] [100%] Built target turtle_interfaces__rosidl_typesupport_introspection_c__pyext
[4.086s] Invoked command in '/home/aitthikit/Documents/GitHub/EXAM1_WS/build/turtle_interfaces' returned '0': CMAKE_PREFIX_PATH=${CMAKE_PREFIX_PATH}:/home/aitthikit/Documents/GitHub/EXAM1_WS/install/teleop_twist_keyboard:/home/aitthikit/Memekhos_ws/install/launch_testing_examples:/home/aitthikit/Memekhos_ws/install/examples_rclpy_pointcloud_publisher:/home/aitthikit/Memekhos_ws/install/examples_rclpy_minimal_subscriber:/home/aitthikit/Memekhos_ws/install/examples_rclpy_minimal_service:/home/aitthikit/Memekhos_ws/install/examples_rclpy_minimal_publisher:/home/aitthikit/Memekhos_ws/install/examples_rclpy_minimal_client:/home/aitthikit/Memekhos_ws/install/examples_rclpy_minimal_action_server:/home/aitthikit/Memekhos_ws/install/examples_rclpy_minimal_action_client:/home/aitthikit/Memekhos_ws/install/examples_rclpy_guard_conditions:/home/aitthikit/Memekhos_ws/install/examples_rclpy_executors:/opt/ros/humble /usr/bin/cmake --build /home/aitthikit/Documents/GitHub/EXAM1_WS/build/turtle_interfaces -- -j12 -l12
[4.156s] Invoking command in '/home/aitthikit/Documents/GitHub/EXAM1_WS/build/turtle_interfaces': CMAKE_PREFIX_PATH=${CMAKE_PREFIX_PATH}:/home/aitthikit/Documents/GitHub/EXAM1_WS/install/teleop_twist_keyboard:/home/aitthikit/Memekhos_ws/install/launch_testing_examples:/home/aitthikit/Memekhos_ws/install/examples_rclpy_pointcloud_publisher:/home/aitthikit/Memekhos_ws/install/examples_rclpy_minimal_subscriber:/home/aitthikit/Memekhos_ws/install/examples_rclpy_minimal_service:/home/aitthikit/Memekhos_ws/install/examples_rclpy_minimal_publisher:/home/aitthikit/Memekhos_ws/install/examples_rclpy_minimal_client:/home/aitthikit/Memekhos_ws/install/examples_rclpy_minimal_action_server:/home/aitthikit/Memekhos_ws/install/examples_rclpy_minimal_action_client:/home/aitthikit/Memekhos_ws/install/examples_rclpy_guard_conditions:/home/aitthikit/Memekhos_ws/install/examples_rclpy_executors:/opt/ros/humble /usr/bin/cmake --install /home/aitthikit/Documents/GitHub/EXAM1_WS/build/turtle_interfaces
[4.164s] -- Install configuration: ""
[4.164s] -- Installing: /home/aitthikit/Documents/GitHub/EXAM1_WS/install/turtle_interfaces/share/ament_index/resource_index/rosidl_interfaces/turtle_interfaces
[4.164s] -- Installing: /home/aitthikit/Documents/GitHub/EXAM1_WS/install/turtle_interfaces/include/turtle_interfaces/turtle_interfaces
[4.165s] -- Installing: /home/aitthikit/Documents/GitHub/EXAM1_WS/install/turtle_interfaces/include/turtle_interfaces/turtle_interfaces/srv
[4.165s] -- Installing: /home/aitthikit/Documents/GitHub/EXAM1_WS/install/turtle_interfaces/include/turtle_interfaces/turtle_interfaces/srv/detail
[4.165s] -- Installing: /home/aitthikit/Documents/GitHub/EXAM1_WS/install/turtle_interfaces/include/turtle_interfaces/turtle_interfaces/srv/detail/pizza__struct.h
[4.165s] -- Installing: /home/aitthikit/Documents/GitHub/EXAM1_WS/install/turtle_interfaces/include/turtle_interfaces/turtle_interfaces/srv/detail/pizza__type_support.h
[4.165s] -- Installing: /home/aitthikit/Documents/GitHub/EXAM1_WS/install/turtle_interfaces/include/turtle_interfaces/turtle_interfaces/srv/detail/pizza__functions.h
[4.165s] -- Installing: /home/aitthikit/Documents/GitHub/EXAM1_WS/install/turtle_interfaces/include/turtle_interfaces/turtle_interfaces/srv/detail/pizza__functions.c
[4.165s] -- Installing: /home/aitthikit/Documents/GitHub/EXAM1_WS/install/turtle_interfaces/include/turtle_interfaces/turtle_interfaces/srv/pizza.h
[4.165s] -- Installing: /home/aitthikit/Documents/GitHub/EXAM1_WS/install/turtle_interfaces/include/turtle_interfaces/turtle_interfaces/msg
[4.165s] -- Installing: /home/aitthikit/Documents/GitHub/EXAM1_WS/install/turtle_interfaces/include/turtle_interfaces/turtle_interfaces/msg/rosidl_generator_c__visibility_control.h
[4.166s] -- Installing: /home/aitthikit/Documents/GitHub/EXAM1_WS/install/turtle_interfaces/share/turtle_interfaces/environment/library_path.sh
[4.166s] -- Installing: /home/aitthikit/Documents/GitHub/EXAM1_WS/install/turtle_interfaces/share/turtle_interfaces/environment/library_path.dsv
[4.166s] -- Installing: /home/aitthikit/Documents/GitHub/EXAM1_WS/install/turtle_interfaces/lib/libturtle_interfaces__rosidl_generator_c.so
[4.166s] -- Set runtime path of "/home/aitthikit/Documents/GitHub/EXAM1_WS/install/turtle_interfaces/lib/libturtle_interfaces__rosidl_generator_c.so" to ""
[4.166s] -- Up-to-date: /home/aitthikit/Documents/GitHub/EXAM1_WS/install/turtle_interfaces/include/turtle_interfaces/turtle_interfaces
[4.166s] -- Up-to-date: /home/aitthikit/Documents/GitHub/EXAM1_WS/install/turtle_interfaces/include/turtle_interfaces/turtle_interfaces/srv
[4.166s] -- Up-to-date: /home/aitthikit/Documents/GitHub/EXAM1_WS/install/turtle_interfaces/include/turtle_interfaces/turtle_interfaces/srv/detail
[4.166s] -- Installing: /home/aitthikit/Documents/GitHub/EXAM1_WS/install/turtle_interfaces/include/turtle_interfaces/turtle_interfaces/srv/detail/pizza__rosidl_typesupport_fastrtps_c.h
[4.166s] -- Up-to-date: /home/aitthikit/Documents/GitHub/EXAM1_WS/install/turtle_interfaces/include/turtle_interfaces/turtle_interfaces/msg
[4.166s] -- Installing: /home/aitthikit/Documents/GitHub/EXAM1_WS/install/turtle_interfaces/include/turtle_interfaces/turtle_interfaces/msg/rosidl_typesupport_fastrtps_c__visibility_control.h
[4.167s] -- Installing: /home/aitthikit/Documents/GitHub/EXAM1_WS/install/turtle_interfaces/lib/libturtle_interfaces__rosidl_typesupport_fastrtps_c.so
[4.167s] -- Set runtime path of "/home/aitthikit/Documents/GitHub/EXAM1_WS/install/turtle_interfaces/lib/libturtle_interfaces__rosidl_typesupport_fastrtps_c.so" to ""
[4.167s] -- Up-to-date: /home/aitthikit/Documents/GitHub/EXAM1_WS/install/turtle_interfaces/include/turtle_interfaces/turtle_interfaces
[4.167s] -- Up-to-date: /home/aitthikit/Documents/GitHub/EXAM1_WS/install/turtle_interfaces/include/turtle_interfaces/turtle_interfaces/srv
[4.167s] -- Up-to-date: /home/aitthikit/Documents/GitHub/EXAM1_WS/install/turtle_interfaces/include/turtle_interfaces/turtle_interfaces/srv/detail
[4.167s] -- Installing: /home/aitthikit/Documents/GitHub/EXAM1_WS/install/turtle_interfaces/include/turtle_interfaces/turtle_interfaces/srv/detail/pizza__traits.hpp
[4.167s] -- Installing: /home/aitthikit/Documents/GitHub/EXAM1_WS/install/turtle_interfaces/include/turtle_interfaces/turtle_interfaces/srv/detail/pizza__builder.hpp
[4.167s] -- Installing: /home/aitthikit/Documents/GitHub/EXAM1_WS/install/turtle_interfaces/include/turtle_interfaces/turtle_interfaces/srv/detail/pizza__struct.hpp
[4.167s] -- Installing: /home/aitthikit/Documents/GitHub/EXAM1_WS/install/turtle_interfaces/include/turtle_interfaces/turtle_interfaces/srv/pizza.hpp
[4.167s] -- Up-to-date: /home/aitthikit/Documents/GitHub/EXAM1_WS/install/turtle_interfaces/include/turtle_interfaces/turtle_interfaces
[4.168s] -- Up-to-date: /home/aitthikit/Documents/GitHub/EXAM1_WS/install/turtle_interfaces/include/turtle_interfaces/turtle_interfaces/srv
[4.168s] -- Up-to-date: /home/aitthikit/Documents/GitHub/EXAM1_WS/install/turtle_interfaces/include/turtle_interfaces/turtle_interfaces/srv/detail
[4.168s] -- Installing: /home/aitthikit/Documents/GitHub/EXAM1_WS/install/turtle_interfaces/include/turtle_interfaces/turtle_interfaces/srv/detail/pizza__rosidl_typesupport_fastrtps_cpp.hpp
[4.168s] -- Installing: /home/aitthikit/Documents/GitHub/EXAM1_WS/install/turtle_interfaces/include/turtle_interfaces/turtle_interfaces/srv/detail/dds_fastrtps
[4.168s] -- Up-to-date: /home/aitthikit/Documents/GitHub/EXAM1_WS/install/turtle_interfaces/include/turtle_interfaces/turtle_interfaces/msg
[4.168s] -- Installing: /home/aitthikit/Documents/GitHub/EXAM1_WS/install/turtle_interfaces/include/turtle_interfaces/turtle_interfaces/msg/rosidl_typesupport_fastrtps_cpp__visibility_control.h
[4.168s] -- Installing: /home/aitthikit/Documents/GitHub/EXAM1_WS/install/turtle_interfaces/lib/libturtle_interfaces__rosidl_typesupport_fastrtps_cpp.so
[4.168s] -- Set runtime path of "/home/aitthikit/Documents/GitHub/EXAM1_WS/install/turtle_interfaces/lib/libturtle_interfaces__rosidl_typesupport_fastrtps_cpp.so" to ""
[4.168s] -- Up-to-date: /home/aitthikit/Documents/GitHub/EXAM1_WS/install/turtle_interfaces/include/turtle_interfaces/turtle_interfaces
[4.168s] -- Up-to-date: /home/aitthikit/Documents/GitHub/EXAM1_WS/install/turtle_interfaces/include/turtle_interfaces/turtle_interfaces/srv
[4.168s] -- Up-to-date: /home/aitthikit/Documents/GitHub/EXAM1_WS/install/turtle_interfaces/include/turtle_interfaces/turtle_interfaces/srv/detail
[4.169s] -- Installing: /home/aitthikit/Documents/GitHub/EXAM1_WS/install/turtle_interfaces/include/turtle_interfaces/turtle_interfaces/srv/detail/pizza__type_support.c
[4.169s] -- Installing: /home/aitthikit/Documents/GitHub/EXAM1_WS/install/turtle_interfaces/include/turtle_interfaces/turtle_interfaces/srv/detail/pizza__rosidl_typesupport_introspection_c.h
[4.169s] -- Up-to-date: /home/aitthikit/Documents/GitHub/EXAM1_WS/install/turtle_interfaces/include/turtle_interfaces/turtle_interfaces/msg
[4.169s] -- Installing: /home/aitthikit/Documents/GitHub/EXAM1_WS/install/turtle_interfaces/include/turtle_interfaces/turtle_interfaces/msg/rosidl_typesupport_introspection_c__visibility_control.h
[4.169s] -- Installing: /home/aitthikit/Documents/GitHub/EXAM1_WS/install/turtle_interfaces/lib/libturtle_interfaces__rosidl_typesupport_introspection_c.so
[4.169s] -- Set runtime path of "/home/aitthikit/Documents/GitHub/EXAM1_WS/install/turtle_interfaces/lib/libturtle_interfaces__rosidl_typesupport_introspection_c.so" to ""
[4.169s] -- Installing: /home/aitthikit/Documents/GitHub/EXAM1_WS/install/turtle_interfaces/lib/libturtle_interfaces__rosidl_typesupport_c.so
[4.170s] -- Set runtime path of "/home/aitthikit/Documents/GitHub/EXAM1_WS/install/turtle_interfaces/lib/libturtle_interfaces__rosidl_typesupport_c.so" to ""
[4.170s] -- Up-to-date: /home/aitthikit/Documents/GitHub/EXAM1_WS/install/turtle_interfaces/include/turtle_interfaces/turtle_interfaces
[4.170s] -- Up-to-date: /home/aitthikit/Documents/GitHub/EXAM1_WS/install/turtle_interfaces/include/turtle_interfaces/turtle_interfaces/srv
[4.170s] -- Up-to-date: /home/aitthikit/Documents/GitHub/EXAM1_WS/install/turtle_interfaces/include/turtle_interfaces/turtle_interfaces/srv/detail
[4.170s] -- Installing: /home/aitthikit/Documents/GitHub/EXAM1_WS/install/turtle_interfaces/include/turtle_interfaces/turtle_interfaces/srv/detail/pizza__rosidl_typesupport_introspection_cpp.hpp
[4.170s] -- Installing: /home/aitthikit/Documents/GitHub/EXAM1_WS/install/turtle_interfaces/include/turtle_interfaces/turtle_interfaces/srv/detail/pizza__type_support.cpp
[4.170s] -- Installing: /home/aitthikit/Documents/GitHub/EXAM1_WS/install/turtle_interfaces/lib/libturtle_interfaces__rosidl_typesupport_introspection_cpp.so
[4.170s] -- Set runtime path of "/home/aitthikit/Documents/GitHub/EXAM1_WS/install/turtle_interfaces/lib/libturtle_interfaces__rosidl_typesupport_introspection_cpp.so" to ""
[4.170s] -- Installing: /home/aitthikit/Documents/GitHub/EXAM1_WS/install/turtle_interfaces/lib/libturtle_interfaces__rosidl_typesupport_cpp.so
[4.171s] -- Set runtime path of "/home/aitthikit/Documents/GitHub/EXAM1_WS/install/turtle_interfaces/lib/libturtle_interfaces__rosidl_typesupport_cpp.so" to ""
[4.171s] -- Installing: /home/aitthikit/Documents/GitHub/EXAM1_WS/install/turtle_interfaces/share/turtle_interfaces/environment/pythonpath.sh
[4.171s] -- Installing: /home/aitthikit/Documents/GitHub/EXAM1_WS/install/turtle_interfaces/share/turtle_interfaces/environment/pythonpath.dsv
[4.171s] -- Installing: /home/aitthikit/Documents/GitHub/EXAM1_WS/install/turtle_interfaces/local/lib/python3.10/dist-packages/turtle_interfaces-0.0.0-py3.10.egg-info
[4.171s] -- Installing: /home/aitthikit/Documents/GitHub/EXAM1_WS/install/turtle_interfaces/local/lib/python3.10/dist-packages/turtle_interfaces-0.0.0-py3.10.egg-info/dependency_links.txt
[4.171s] -- Installing: /home/aitthikit/Documents/GitHub/EXAM1_WS/install/turtle_interfaces/local/lib/python3.10/dist-packages/turtle_interfaces-0.0.0-py3.10.egg-info/SOURCES.txt
[4.171s] -- Installing: /home/aitthikit/Documents/GitHub/EXAM1_WS/install/turtle_interfaces/local/lib/python3.10/dist-packages/turtle_interfaces-0.0.0-py3.10.egg-info/top_level.txt
[4.171s] -- Installing: /home/aitthikit/Documents/GitHub/EXAM1_WS/install/turtle_interfaces/local/lib/python3.10/dist-packages/turtle_interfaces-0.0.0-py3.10.egg-info/PKG-INFO
[4.172s] -- Installing: /home/aitthikit/Documents/GitHub/EXAM1_WS/install/turtle_interfaces/local/lib/python3.10/dist-packages/turtle_interfaces
[4.172s] -- Installing: /home/aitthikit/Documents/GitHub/EXAM1_WS/install/turtle_interfaces/local/lib/python3.10/dist-packages/turtle_interfaces/_turtle_interfaces_s.ep.rosidl_typesupport_fastrtps_c.c
[4.172s] -- Installing: /home/aitthikit/Documents/GitHub/EXAM1_WS/install/turtle_interfaces/local/lib/python3.10/dist-packages/turtle_interfaces/turtle_interfaces_s__rosidl_typesupport_fastrtps_c.cpython-310-x86_64-linux-gnu.so
[4.172s] -- Installing: /home/aitthikit/Documents/GitHub/EXAM1_WS/install/turtle_interfaces/local/lib/python3.10/dist-packages/turtle_interfaces/_turtle_interfaces_s.ep.rosidl_typesupport_introspection_c.c
[4.172s] -- Installing: /home/aitthikit/Documents/GitHub/EXAM1_WS/install/turtle_interfaces/local/lib/python3.10/dist-packages/turtle_interfaces/srv
[4.172s] -- Installing: /home/aitthikit/Documents/GitHub/EXAM1_WS/install/turtle_interfaces/local/lib/python3.10/dist-packages/turtle_interfaces/srv/_pizza.py
[4.172s] -- Installing: /home/aitthikit/Documents/GitHub/EXAM1_WS/install/turtle_interfaces/local/lib/python3.10/dist-packages/turtle_interfaces/srv/_pizza_s.c
[4.172s] -- Installing: /home/aitthikit/Documents/GitHub/EXAM1_WS/install/turtle_interfaces/local/lib/python3.10/dist-packages/turtle_interfaces/srv/__init__.py
[4.172s] -- Installing: /home/aitthikit/Documents/GitHub/EXAM1_WS/install/turtle_interfaces/local/lib/python3.10/dist-packages/turtle_interfaces/_turtle_interfaces_s.ep.rosidl_typesupport_c.c
[4.173s] -- Installing: /home/aitthikit/Documents/GitHub/EXAM1_WS/install/turtle_interfaces/local/lib/python3.10/dist-packages/turtle_interfaces/turtle_interfaces_s__rosidl_typesupport_c.cpython-310-x86_64-linux-gnu.so
[4.173s] -- Installing: /home/aitthikit/Documents/GitHub/EXAM1_WS/install/turtle_interfaces/local/lib/python3.10/dist-packages/turtle_interfaces/turtle_interfaces_s__rosidl_typesupport_introspection_c.cpython-310-x86_64-linux-gnu.so
[4.173s] -- Installing: /home/aitthikit/Documents/GitHub/EXAM1_WS/install/turtle_interfaces/local/lib/python3.10/dist-packages/turtle_interfaces/libturtle_interfaces__rosidl_generator_py.so
[4.173s] -- Installing: /home/aitthikit/Documents/GitHub/EXAM1_WS/install/turtle_interfaces/local/lib/python3.10/dist-packages/turtle_interfaces/__init__.py
[4.215s] Listing '/home/aitthikit/Documents/GitHub/EXAM1_WS/install/turtle_interfaces/local/lib/python3.10/dist-packages/turtle_interfaces'...
[4.215s] Compiling '/home/aitthikit/Documents/GitHub/EXAM1_WS/install/turtle_interfaces/local/lib/python3.10/dist-packages/turtle_interfaces/__init__.py'...
[4.215s] Listing '/home/aitthikit/Documents/GitHub/EXAM1_WS/install/turtle_interfaces/local/lib/python3.10/dist-packages/turtle_interfaces/srv'...
[4.215s] Compiling '/home/aitthikit/Documents/GitHub/EXAM1_WS/install/turtle_interfaces/local/lib/python3.10/dist-packages/turtle_interfaces/srv/__init__.py'...
[4.216s] Compiling '/home/aitthikit/Documents/GitHub/EXAM1_WS/install/turtle_interfaces/local/lib/python3.10/dist-packages/turtle_interfaces/srv/_pizza.py'...
[4.220s] -- Installing: /home/aitthikit/Documents/GitHub/EXAM1_WS/install/turtle_interfaces/local/lib/python3.10/dist-packages/turtle_interfaces/turtle_interfaces_s__rosidl_typesupport_fastrtps_c.cpython-310-x86_64-linux-gnu.so
[4.220s] -- Set runtime path of "/home/aitthikit/Documents/GitHub/EXAM1_WS/install/turtle_interfaces/local/lib/python3.10/dist-packages/turtle_interfaces/turtle_interfaces_s__rosidl_typesupport_fastrtps_c.cpython-310-x86_64-linux-gnu.so" to ""
[4.221s] -- Installing: /home/aitthikit/Documents/GitHub/EXAM1_WS/install/turtle_interfaces/local/lib/python3.10/dist-packages/turtle_interfaces/turtle_interfaces_s__rosidl_typesupport_introspection_c.cpython-310-x86_64-linux-gnu.so
[4.221s] -- Set runtime path of "/home/aitthikit/Documents/GitHub/EXAM1_WS/install/turtle_interfaces/local/lib/python3.10/dist-packages/turtle_interfaces/turtle_interfaces_s__rosidl_typesupport_introspection_c.cpython-310-x86_64-linux-gnu.so" to ""
[4.221s] -- Installing: /home/aitthikit/Documents/GitHub/EXAM1_WS/install/turtle_interfaces/local/lib/python3.10/dist-packages/turtle_interfaces/turtle_interfaces_s__rosidl_typesupport_c.cpython-310-x86_64-linux-gnu.so
[4.222s] -- Set runtime path of "/home/aitthikit/Documents/GitHub/EXAM1_WS/install/turtle_interfaces/local/lib/python3.10/dist-packages/turtle_interfaces/turtle_interfaces_s__rosidl_typesupport_c.cpython-310-x86_64-linux-gnu.so" to ""
[4.222s] -- Installing: /home/aitthikit/Documents/GitHub/EXAM1_WS/install/turtle_interfaces/lib/libturtle_interfaces__rosidl_generator_py.so
[4.222s] -- Set runtime path of "/home/aitthikit/Documents/GitHub/EXAM1_WS/install/turtle_interfaces/lib/libturtle_interfaces__rosidl_generator_py.so" to ""
[4.222s] -- Installing: /home/aitthikit/Documents/GitHub/EXAM1_WS/install/turtle_interfaces/share/turtle_interfaces/srv/Pizza.idl
[4.222s] -- Installing: /home/aitthikit/Documents/GitHub/EXAM1_WS/install/turtle_interfaces/share/turtle_interfaces/srv/Pizza.srv
[4.222s] -- Installing: /home/aitthikit/Documents/GitHub/EXAM1_WS/install/turtle_interfaces/share/turtle_interfaces/srv/Pizza_Request.msg
[4.223s] -- Installing: /home/aitthikit/Documents/GitHub/EXAM1_WS/install/turtle_interfaces/share/turtle_interfaces/srv/Pizza_Response.msg
[4.223s] -- Installing: /home/aitthikit/Documents/GitHub/EXAM1_WS/install/turtle_interfaces/share/ament_index/resource_index/package_run_dependencies/turtle_interfaces
[4.223s] -- Installing: /home/aitthikit/Documents/GitHub/EXAM1_WS/install/turtle_interfaces/share/ament_index/resource_index/parent_prefix_path/turtle_interfaces
[4.223s] -- Installing: /home/aitthikit/Documents/GitHub/EXAM1_WS/install/turtle_interfaces/share/turtle_interfaces/environment/ament_prefix_path.sh
[4.223s] -- Installing: /home/aitthikit/Documents/GitHub/EXAM1_WS/install/turtle_interfaces/share/turtle_interfaces/environment/ament_prefix_path.dsv
[4.223s] -- Installing: /home/aitthikit/Documents/GitHub/EXAM1_WS/install/turtle_interfaces/share/turtle_interfaces/environment/path.sh
[4.223s] -- Installing: /home/aitthikit/Documents/GitHub/EXAM1_WS/install/turtle_interfaces/share/turtle_interfaces/environment/path.dsv
[4.224s] -- Installing: /home/aitthikit/Documents/GitHub/EXAM1_WS/install/turtle_interfaces/share/turtle_interfaces/local_setup.bash
[4.224s] -- Installing: /home/aitthikit/Documents/GitHub/EXAM1_WS/install/turtle_interfaces/share/turtle_interfaces/local_setup.sh
[4.224s] -- Installing: /home/aitthikit/Documents/GitHub/EXAM1_WS/install/turtle_interfaces/share/turtle_interfaces/local_setup.zsh
[4.224s] -- Installing: /home/aitthikit/Documents/GitHub/EXAM1_WS/install/turtle_interfaces/share/turtle_interfaces/local_setup.dsv
[4.224s] -- Installing: /home/aitthikit/Documents/GitHub/EXAM1_WS/install/turtle_interfaces/share/turtle_interfaces/package.dsv
[4.224s] -- Installing: /home/aitthikit/Documents/GitHub/EXAM1_WS/install/turtle_interfaces/share/ament_index/resource_index/packages/turtle_interfaces
[4.224s] -- Installing: /home/aitthikit/Documents/GitHub/EXAM1_WS/install/turtle_interfaces/share/turtle_interfaces/cmake/export_turtle_interfaces__rosidl_generator_cExport.cmake
[4.225s] -- Installing: /home/aitthikit/Documents/GitHub/EXAM1_WS/install/turtle_interfaces/share/turtle_interfaces/cmake/export_turtle_interfaces__rosidl_generator_cExport-noconfig.cmake
[4.225s] -- Installing: /home/aitthikit/Documents/GitHub/EXAM1_WS/install/turtle_interfaces/share/turtle_interfaces/cmake/export_turtle_interfaces__rosidl_typesupport_fastrtps_cExport.cmake
[4.225s] -- Installing: /home/aitthikit/Documents/GitHub/EXAM1_WS/install/turtle_interfaces/share/turtle_interfaces/cmake/export_turtle_interfaces__rosidl_typesupport_fastrtps_cExport-noconfig.cmake
[4.225s] -- Installing: /home/aitthikit/Documents/GitHub/EXAM1_WS/install/turtle_interfaces/share/turtle_interfaces/cmake/export_turtle_interfaces__rosidl_generator_cppExport.cmake
[4.225s] -- Installing: /home/aitthikit/Documents/GitHub/EXAM1_WS/install/turtle_interfaces/share/turtle_interfaces/cmake/export_turtle_interfaces__rosidl_typesupport_fastrtps_cppExport.cmake
[4.225s] -- Installing: /home/aitthikit/Documents/GitHub/EXAM1_WS/install/turtle_interfaces/share/turtle_interfaces/cmake/export_turtle_interfaces__rosidl_typesupport_fastrtps_cppExport-noconfig.cmake
[4.225s] -- Installing: /home/aitthikit/Documents/GitHub/EXAM1_WS/install/turtle_interfaces/share/turtle_interfaces/cmake/turtle_interfaces__rosidl_typesupport_introspection_cExport.cmake
[4.226s] -- Installing: /home/aitthikit/Documents/GitHub/EXAM1_WS/install/turtle_interfaces/share/turtle_interfaces/cmake/turtle_interfaces__rosidl_typesupport_introspection_cExport-noconfig.cmake
[4.226s] -- Installing: /home/aitthikit/Documents/GitHub/EXAM1_WS/install/turtle_interfaces/share/turtle_interfaces/cmake/turtle_interfaces__rosidl_typesupport_cExport.cmake
[4.226s] -- Installing: /home/aitthikit/Documents/GitHub/EXAM1_WS/install/turtle_interfaces/share/turtle_interfaces/cmake/turtle_interfaces__rosidl_typesupport_cExport-noconfig.cmake
[4.226s] -- Installing: /home/aitthikit/Documents/GitHub/EXAM1_WS/install/turtle_interfaces/share/turtle_interfaces/cmake/turtle_interfaces__rosidl_typesupport_introspection_cppExport.cmake
[4.226s] -- Installing: /home/aitthikit/Documents/GitHub/EXAM1_WS/install/turtle_interfaces/share/turtle_interfaces/cmake/turtle_interfaces__rosidl_typesupport_introspection_cppExport-noconfig.cmake
[4.226s] -- Installing: /home/aitthikit/Documents/GitHub/EXAM1_WS/install/turtle_interfaces/share/turtle_interfaces/cmake/turtle_interfaces__rosidl_typesupport_cppExport.cmake
[4.226s] -- Installing: /home/aitthikit/Documents/GitHub/EXAM1_WS/install/turtle_interfaces/share/turtle_interfaces/cmake/turtle_interfaces__rosidl_typesupport_cppExport-noconfig.cmake
[4.226s] -- Installing: /home/aitthikit/Documents/GitHub/EXAM1_WS/install/turtle_interfaces/share/turtle_interfaces/cmake/export_turtle_interfaces__rosidl_generator_pyExport.cmake
[4.227s] -- Installing: /home/aitthikit/Documents/GitHub/EXAM1_WS/install/turtle_interfaces/share/turtle_interfaces/cmake/export_turtle_interfaces__rosidl_generator_pyExport-noconfig.cmake
[4.227s] -- Installing: /home/aitthikit/Documents/GitHub/EXAM1_WS/install/turtle_interfaces/share/turtle_interfaces/cmake/rosidl_cmake-extras.cmake
[4.227s] -- Installing: /home/aitthikit/Documents/GitHub/EXAM1_WS/install/turtle_interfaces/share/turtle_interfaces/cmake/ament_cmake_export_dependencies-extras.cmake
[4.227s] -- Installing: /home/aitthikit/Documents/GitHub/EXAM1_WS/install/turtle_interfaces/share/turtle_interfaces/cmake/ament_cmake_export_include_directories-extras.cmake
[4.227s] -- Installing: /home/aitthikit/Documents/GitHub/EXAM1_WS/install/turtle_interfaces/share/turtle_interfaces/cmake/ament_cmake_export_libraries-extras.cmake
[4.227s] -- Installing: /home/aitthikit/Documents/GitHub/EXAM1_WS/install/turtle_interfaces/share/turtle_interfaces/cmake/ament_cmake_export_targets-extras.cmake
[4.227s] -- Installing: /home/aitthikit/Documents/GitHub/EXAM1_WS/install/turtle_interfaces/share/turtle_interfaces/cmake/rosidl_cmake_export_typesupport_targets-extras.cmake
[4.228s] -- Installing: /home/aitthikit/Documents/GitHub/EXAM1_WS/install/turtle_interfaces/share/turtle_interfaces/cmake/rosidl_cmake_export_typesupport_libraries-extras.cmake
[4.228s] -- Installing: /home/aitthikit/Documents/GitHub/EXAM1_WS/install/turtle_interfaces/share/turtle_interfaces/cmake/turtle_interfacesConfig.cmake
[4.228s] -- Installing: /home/aitthikit/Documents/GitHub/EXAM1_WS/install/turtle_interfaces/share/turtle_interfaces/cmake/turtle_interfacesConfig-version.cmake
[4.228s] -- Installing: /home/aitthikit/Documents/GitHub/EXAM1_WS/install/turtle_interfaces/share/turtle_interfaces/package.xml
[4.230s] Invoked command in '/home/aitthikit/Documents/GitHub/EXAM1_WS/build/turtle_interfaces' returned '0': CMAKE_PREFIX_PATH=${CMAKE_PREFIX_PATH}:/home/aitthikit/Documents/GitHub/EXAM1_WS/install/teleop_twist_keyboard:/home/aitthikit/Memekhos_ws/install/launch_testing_examples:/home/aitthikit/Memekhos_ws/install/examples_rclpy_pointcloud_publisher:/home/aitthikit/Memekhos_ws/install/examples_rclpy_minimal_subscriber:/home/aitthikit/Memekhos_ws/install/examples_rclpy_minimal_service:/home/aitthikit/Memekhos_ws/install/examples_rclpy_minimal_publisher:/home/aitthikit/Memekhos_ws/install/examples_rclpy_minimal_client:/home/aitthikit/Memekhos_ws/install/examples_rclpy_minimal_action_server:/home/aitthikit/Memekhos_ws/install/examples_rclpy_minimal_action_client:/home/aitthikit/Memekhos_ws/install/examples_rclpy_guard_conditions:/home/aitthikit/Memekhos_ws/install/examples_rclpy_executors:/opt/ros/humble /usr/bin/cmake --install /home/aitthikit/Documents/GitHub/EXAM1_WS/build/turtle_interfaces
