[0.012s] Invoking command in '/home/tadtawan/EXAM1_WS/build/taohunza': CMAKE_PREFIX_PATH=${CMAKE_PREFIX_PATH}:/opt/ros/humble /usr/bin/cmake --build /home/tadtawan/EXAM1_WS/build/taohunza -- -j16 -l16
[0.045s] [100%] Built target cpp_node_test
[0.049s] [100%] Built target ament_cmake_python_copy_taohunza
[0.222s] running egg_info
[0.223s] writing taohunza.egg-info/PKG-INFO
[0.223s] writing dependency_links to taohunza.egg-info/dependency_links.txt
[0.223s] writing top-level names to taohunza.egg-info/top_level.txt
[0.224s] reading manifest file 'taohunza.egg-info/SOURCES.txt'
[0.225s] writing manifest file 'taohunza.egg-info/SOURCES.txt'
[0.241s] [100%] Built target ament_cmake_python_build_taohunza_egg
[0.248s] Invoked command in '/home/tadtawan/EXAM1_WS/build/taohunza' returned '0': CMAKE_PREFIX_PATH=${CMAKE_PREFIX_PATH}:/opt/ros/humble /usr/bin/cmake --build /home/tadtawan/EXAM1_WS/build/taohunza -- -j16 -l16
[0.272s] Invoking command in '/home/tadtawan/EXAM1_WS/build/taohunza': CMAKE_PREFIX_PATH=${CMAKE_PREFIX_PATH}:/opt/ros/humble /usr/bin/cmake --install /home/tadtawan/EXAM1_WS/build/taohunza
[0.276s] -- Install configuration: ""
[0.276s] -- Up-to-date: /home/tadtawan/EXAM1_WS/install/taohunza/share/taohunza/environment/pythonpath.sh
[0.276s] -- Up-to-date: /home/tadtawan/EXAM1_WS/install/taohunza/share/taohunza/environment/pythonpath.dsv
[0.276s] -- Up-to-date: /home/tadtawan/EXAM1_WS/install/taohunza/local/lib/python3.10/dist-packages/taohunza-0.0.0-py3.10.egg-info
[0.276s] -- Installing: /home/tadtawan/EXAM1_WS/install/taohunza/local/lib/python3.10/dist-packages/taohunza-0.0.0-py3.10.egg-info/dependency_links.txt
[0.276s] -- Installing: /home/tadtawan/EXAM1_WS/install/taohunza/local/lib/python3.10/dist-packages/taohunza-0.0.0-py3.10.egg-info/top_level.txt
[0.276s] -- Installing: /home/tadtawan/EXAM1_WS/install/taohunza/local/lib/python3.10/dist-packages/taohunza-0.0.0-py3.10.egg-info/SOURCES.txt
[0.276s] -- Installing: /home/tadtawan/EXAM1_WS/install/taohunza/local/lib/python3.10/dist-packages/taohunza-0.0.0-py3.10.egg-info/PKG-INFO
[0.276s] -- Up-to-date: /home/tadtawan/EXAM1_WS/install/taohunza/local/lib/python3.10/dist-packages/taohunza
[0.277s] -- Up-to-date: /home/tadtawan/EXAM1_WS/install/taohunza/local/lib/python3.10/dist-packages/taohunza/dummy_module.py
[0.277s] -- Up-to-date: /home/tadtawan/EXAM1_WS/install/taohunza/local/lib/python3.10/dist-packages/taohunza/__init__.py
[0.299s] Listing '/home/tadtawan/EXAM1_WS/install/taohunza/local/lib/python3.10/dist-packages/taohunza'...
[0.301s] -- Up-to-date: /home/tadtawan/EXAM1_WS/install/taohunza/lib/taohunza/dummy_script.py
[0.301s] -- Up-to-date: /home/tadtawan/EXAM1_WS/install/taohunza/lib/taohunza/controller_node.py
[0.301s] -- Up-to-date: /home/tadtawan/EXAM1_WS/install/taohunza/lib/taohunza/turtle_teleop_node.py
[0.301s] -- Up-to-date: /home/tadtawan/EXAM1_WS/install/taohunza/lib/taohunza/cpp_node_test
[0.301s] -- Up-to-date: /home/tadtawan/EXAM1_WS/install/taohunza/share/taohunza/scripts
[0.301s] -- Up-to-date: /home/tadtawan/EXAM1_WS/install/taohunza/share/taohunza/scripts/turtle_teleop_node.py
[0.301s] -- Up-to-date: /home/tadtawan/EXAM1_WS/install/taohunza/share/taohunza/scripts/dummy_script.py
[0.301s] -- Up-to-date: /home/tadtawan/EXAM1_WS/install/taohunza/share/taohunza/scripts/controller_node.py
[0.301s] -- Up-to-date: /home/tadtawan/EXAM1_WS/install/taohunza/share/taohunza/taohunza
[0.301s] -- Up-to-date: /home/tadtawan/EXAM1_WS/install/taohunza/share/taohunza/taohunza/dummy_module.py
[0.301s] -- Up-to-date: /home/tadtawan/EXAM1_WS/install/taohunza/share/taohunza/taohunza/__init__.py
[0.301s] -- Up-to-date: /home/tadtawan/EXAM1_WS/install/taohunza/share/ament_index/resource_index/package_run_dependencies/taohunza
[0.302s] -- Up-to-date: /home/tadtawan/EXAM1_WS/install/taohunza/share/ament_index/resource_index/parent_prefix_path/taohunza
[0.302s] -- Up-to-date: /home/tadtawan/EXAM1_WS/install/taohunza/share/taohunza/environment/ament_prefix_path.sh
[0.302s] -- Up-to-date: /home/tadtawan/EXAM1_WS/install/taohunza/share/taohunza/environment/ament_prefix_path.dsv
[0.302s] -- Up-to-date: /home/tadtawan/EXAM1_WS/install/taohunza/share/taohunza/environment/path.sh
[0.302s] -- Up-to-date: /home/tadtawan/EXAM1_WS/install/taohunza/share/taohunza/environment/path.dsv
[0.302s] -- Up-to-date: /home/tadtawan/EXAM1_WS/install/taohunza/share/taohunza/local_setup.bash
[0.302s] -- Up-to-date: /home/tadtawan/EXAM1_WS/install/taohunza/share/taohunza/local_setup.sh
[0.302s] -- Up-to-date: /home/tadtawan/EXAM1_WS/install/taohunza/share/taohunza/local_setup.zsh
[0.302s] -- Up-to-date: /home/tadtawan/EXAM1_WS/install/taohunza/share/taohunza/local_setup.dsv
[0.302s] -- Up-to-date: /home/tadtawan/EXAM1_WS/install/taohunza/share/taohunza/package.dsv
[0.302s] -- Up-to-date: /home/tadtawan/EXAM1_WS/install/taohunza/share/ament_index/resource_index/packages/taohunza
[0.302s] -- Up-to-date: /home/tadtawan/EXAM1_WS/install/taohunza/share/taohunza/cmake/taohunzaConfig.cmake
[0.302s] -- Up-to-date: /home/tadtawan/EXAM1_WS/install/taohunza/share/taohunza/cmake/taohunzaConfig-version.cmake
[0.302s] -- Up-to-date: /home/tadtawan/EXAM1_WS/install/taohunza/share/taohunza/package.xml
[0.303s] Invoked command in '/home/tadtawan/EXAM1_WS/build/taohunza' returned '0': CMAKE_PREFIX_PATH=${CMAKE_PREFIX_PATH}:/opt/ros/humble /usr/bin/cmake --install /home/tadtawan/EXAM1_WS/build/taohunza
