[0.009s] Invoking command in '/home/tadtawan/EXAM1_WS/build/taohunza': CMAKE_PREFIX_PATH=${CMAKE_PREFIX_PATH}:/opt/ros/humble /usr/bin/cmake --build /home/tadtawan/EXAM1_WS/build/taohunza -- -j16 -l16
[0.038s] [35m[1mConsolidate compiler generated dependencies of target cpp_node_test[0m
[0.046s] [100%] Built target cpp_node_test
[0.050s] [100%] Built target ament_cmake_python_copy_taohunza
[0.239s] running egg_info
[0.239s] writing taohunza.egg-info/PKG-INFO
[0.239s] writing dependency_links to taohunza.egg-info/dependency_links.txt
[0.239s] writing top-level names to taohunza.egg-info/top_level.txt
[0.241s] reading manifest file 'taohunza.egg-info/SOURCES.txt'
[0.241s] writing manifest file 'taohunza.egg-info/SOURCES.txt'
[0.259s] [100%] Built target ament_cmake_python_build_taohunza_egg
[0.266s] Invoked command in '/home/tadtawan/EXAM1_WS/build/taohunza' returned '0': CMAKE_PREFIX_PATH=${CMAKE_PREFIX_PATH}:/opt/ros/humble /usr/bin/cmake --build /home/tadtawan/EXAM1_WS/build/taohunza -- -j16 -l16
[0.291s] Invoking command in '/home/tadtawan/EXAM1_WS/build/taohunza': CMAKE_PREFIX_PATH=${CMAKE_PREFIX_PATH}:/opt/ros/humble /usr/bin/cmake --install /home/tadtawan/EXAM1_WS/build/taohunza
[0.297s] -- Install configuration: ""
[0.298s] -- Up-to-date: /home/tadtawan/EXAM1_WS/install/taohunza/share/taohunza/environment/pythonpath.sh
[0.298s] -- Up-to-date: /home/tadtawan/EXAM1_WS/install/taohunza/share/taohunza/environment/pythonpath.dsv
[0.298s] -- Up-to-date: /home/tadtawan/EXAM1_WS/install/taohunza/local/lib/python3.10/dist-packages/taohunza-0.0.0-py3.10.egg-info
[0.298s] -- Installing: /home/tadtawan/EXAM1_WS/install/taohunza/local/lib/python3.10/dist-packages/taohunza-0.0.0-py3.10.egg-info/dependency_links.txt
[0.298s] -- Installing: /home/tadtawan/EXAM1_WS/install/taohunza/local/lib/python3.10/dist-packages/taohunza-0.0.0-py3.10.egg-info/top_level.txt
[0.298s] -- Installing: /home/tadtawan/EXAM1_WS/install/taohunza/local/lib/python3.10/dist-packages/taohunza-0.0.0-py3.10.egg-info/SOURCES.txt
[0.298s] -- Installing: /home/tadtawan/EXAM1_WS/install/taohunza/local/lib/python3.10/dist-packages/taohunza-0.0.0-py3.10.egg-info/PKG-INFO
[0.298s] -- Up-to-date: /home/tadtawan/EXAM1_WS/install/taohunza/local/lib/python3.10/dist-packages/taohunza
[0.298s] -- Up-to-date: /home/tadtawan/EXAM1_WS/install/taohunza/local/lib/python3.10/dist-packages/taohunza/dummy_module.py
[0.298s] -- Up-to-date: /home/tadtawan/EXAM1_WS/install/taohunza/local/lib/python3.10/dist-packages/taohunza/__init__.py
[0.321s] Listing '/home/tadtawan/EXAM1_WS/install/taohunza/local/lib/python3.10/dist-packages/taohunza'...
[0.323s] -- Up-to-date: /home/tadtawan/EXAM1_WS/install/taohunza/lib/taohunza/dummy_script.py
[0.323s] -- Up-to-date: /home/tadtawan/EXAM1_WS/install/taohunza/lib/taohunza/cpp_node_test
[0.323s] -- Up-to-date: /home/tadtawan/EXAM1_WS/install/taohunza/share/taohunza
[0.323s] -- Up-to-date: /home/tadtawan/EXAM1_WS/install/taohunza/share/ament_index/resource_index/package_run_dependencies/taohunza
[0.323s] -- Up-to-date: /home/tadtawan/EXAM1_WS/install/taohunza/share/ament_index/resource_index/parent_prefix_path/taohunza
[0.324s] -- Up-to-date: /home/tadtawan/EXAM1_WS/install/taohunza/share/taohunza/environment/ament_prefix_path.sh
[0.324s] -- Up-to-date: /home/tadtawan/EXAM1_WS/install/taohunza/share/taohunza/environment/ament_prefix_path.dsv
[0.324s] -- Up-to-date: /home/tadtawan/EXAM1_WS/install/taohunza/share/taohunza/environment/path.sh
[0.324s] -- Up-to-date: /home/tadtawan/EXAM1_WS/install/taohunza/share/taohunza/environment/path.dsv
[0.324s] -- Up-to-date: /home/tadtawan/EXAM1_WS/install/taohunza/share/taohunza/local_setup.bash
[0.324s] -- Up-to-date: /home/tadtawan/EXAM1_WS/install/taohunza/share/taohunza/local_setup.sh
[0.324s] -- Up-to-date: /home/tadtawan/EXAM1_WS/install/taohunza/share/taohunza/local_setup.zsh
[0.324s] -- Up-to-date: /home/tadtawan/EXAM1_WS/install/taohunza/share/taohunza/local_setup.dsv
[0.324s] -- Up-to-date: /home/tadtawan/EXAM1_WS/install/taohunza/share/taohunza/package.dsv
[0.324s] -- Up-to-date: /home/tadtawan/EXAM1_WS/install/taohunza/share/ament_index/resource_index/packages/taohunza
[0.324s] -- Up-to-date: /home/tadtawan/EXAM1_WS/install/taohunza/share/taohunza/cmake/taohunzaConfig.cmake
[0.324s] -- Up-to-date: /home/tadtawan/EXAM1_WS/install/taohunza/share/taohunza/cmake/taohunzaConfig-version.cmake
[0.324s] -- Up-to-date: /home/tadtawan/EXAM1_WS/install/taohunza/share/taohunza/package.xml
[0.326s] Invoked command in '/home/tadtawan/EXAM1_WS/build/taohunza' returned '0': CMAKE_PREFIX_PATH=${CMAKE_PREFIX_PATH}:/opt/ros/humble /usr/bin/cmake --install /home/tadtawan/EXAM1_WS/build/taohunza
