running egg_info
creating ../../build/teleop_twist_keyboard/teleop_twist_keyboard.egg-info
writing ../../build/teleop_twist_keyboard/teleop_twist_keyboard.egg-info/PKG-INFO
writing dependency_links to ../../build/teleop_twist_keyboard/teleop_twist_keyboard.egg-info/dependency_links.txt
writing entry points to ../../build/teleop_twist_keyboard/teleop_twist_keyboard.egg-info/entry_points.txt
writing requirements to ../../build/teleop_twist_keyboard/teleop_twist_keyboard.egg-info/requires.txt
writing top-level names to ../../build/teleop_twist_keyboard/teleop_twist_keyboard.egg-info/top_level.txt
writing manifest file '../../build/teleop_twist_keyboard/teleop_twist_keyboard.egg-info/SOURCES.txt'
reading manifest file '../../build/teleop_twist_keyboard/teleop_twist_keyboard.egg-info/SOURCES.txt'
writing manifest file '../../build/teleop_twist_keyboard/teleop_twist_keyboard.egg-info/SOURCES.txt'
running build
running build_py
creating /home/tadtawan/EXAM1_WS/build/teleop_twist_keyboard/build
creating /home/tadtawan/EXAM1_WS/build/teleop_twist_keyboard/build/lib
copying teleop_twist_keyboard.py -> /home/tadtawan/EXAM1_WS/build/teleop_twist_keyboard/build/lib
running install
running install_lib
copying /home/tadtawan/EXAM1_WS/build/teleop_twist_keyboard/build/lib/teleop_twist_keyboard.py -> /home/tadtawan/EXAM1_WS/install/teleop_twist_keyboard/lib/python3.10/site-packages
byte-compiling /home/tadtawan/EXAM1_WS/install/teleop_twist_keyboard/lib/python3.10/site-packages/teleop_twist_keyboard.py to teleop_twist_keyboard.cpython-310.pyc
running install_egg_info
Copying ../../build/teleop_twist_keyboard/teleop_twist_keyboard.egg-info to /home/tadtawan/EXAM1_WS/install/teleop_twist_keyboard/lib/python3.10/site-packages/teleop_twist_keyboard-0.0.0-py3.10.egg-info
running install_scripts
Installing teleop_twist_keyboard script to /home/tadtawan/EXAM1_WS/install/teleop_twist_keyboard/bin
writing list of installed files to '/home/tadtawan/EXAM1_WS/build/teleop_twist_keyboard/install.log'
