[0.465s] Invoking command in '/home/tadtawan/EXAM1_WS/src/ros2_teleop_keyboard': PYTHONPATH=/home/tadtawan/EXAM1_WS/build/teleop_twist_keyboard/prefix_override:/usr/lib/python3/dist-packages/colcon_core/task/python/colcon_distutils_commands:/home/tadtawan/EXAM1_WS/install/teleop_twist_keyboard/lib/python3.10/site-packages:${PYTHONPATH} /usr/bin/python3 -W ignore:setup.py install is deprecated setup.py egg_info --egg-base ../../build/teleop_twist_keyboard build --build-base /home/tadtawan/EXAM1_WS/build/teleop_twist_keyboard/build install --record /home/tadtawan/EXAM1_WS/build/teleop_twist_keyboard/install.log --single-version-externally-managed
[0.638s] running egg_info
[0.639s] creating ../../build/teleop_twist_keyboard/teleop_twist_keyboard.egg-info
[0.639s] writing ../../build/teleop_twist_keyboard/teleop_twist_keyboard.egg-info/PKG-INFO
[0.639s] writing dependency_links to ../../build/teleop_twist_keyboard/teleop_twist_keyboard.egg-info/dependency_links.txt
[0.639s] writing entry points to ../../build/teleop_twist_keyboard/teleop_twist_keyboard.egg-info/entry_points.txt
[0.639s] writing requirements to ../../build/teleop_twist_keyboard/teleop_twist_keyboard.egg-info/requires.txt
[0.639s] writing top-level names to ../../build/teleop_twist_keyboard/teleop_twist_keyboard.egg-info/top_level.txt
[0.639s] writing manifest file '../../build/teleop_twist_keyboard/teleop_twist_keyboard.egg-info/SOURCES.txt'
[0.640s] reading manifest file '../../build/teleop_twist_keyboard/teleop_twist_keyboard.egg-info/SOURCES.txt'
[0.640s] writing manifest file '../../build/teleop_twist_keyboard/teleop_twist_keyboard.egg-info/SOURCES.txt'
[0.640s] running build
[0.640s] running build_py
[0.640s] creating /home/tadtawan/EXAM1_WS/build/teleop_twist_keyboard/build
[0.640s] creating /home/tadtawan/EXAM1_WS/build/teleop_twist_keyboard/build/lib
[0.640s] copying teleop_twist_keyboard.py -> /home/tadtawan/EXAM1_WS/build/teleop_twist_keyboard/build/lib
[0.640s] running install
[0.641s] running install_lib
[0.641s] copying /home/tadtawan/EXAM1_WS/build/teleop_twist_keyboard/build/lib/teleop_twist_keyboard.py -> /home/tadtawan/EXAM1_WS/install/teleop_twist_keyboard/lib/python3.10/site-packages
[0.641s] byte-compiling /home/tadtawan/EXAM1_WS/install/teleop_twist_keyboard/lib/python3.10/site-packages/teleop_twist_keyboard.py to teleop_twist_keyboard.cpython-310.pyc
[0.642s] running install_egg_info
[0.643s] Copying ../../build/teleop_twist_keyboard/teleop_twist_keyboard.egg-info to /home/tadtawan/EXAM1_WS/install/teleop_twist_keyboard/lib/python3.10/site-packages/teleop_twist_keyboard-0.0.0-py3.10.egg-info
[0.643s] running install_scripts
[0.657s] Installing teleop_twist_keyboard script to /home/tadtawan/EXAM1_WS/install/teleop_twist_keyboard/bin
[0.657s] writing list of installed files to '/home/tadtawan/EXAM1_WS/build/teleop_twist_keyboard/install.log'
[0.672s] Invoked command in '/home/tadtawan/EXAM1_WS/src/ros2_teleop_keyboard' returned '0': PYTHONPATH=/home/tadtawan/EXAM1_WS/build/teleop_twist_keyboard/prefix_override:/usr/lib/python3/dist-packages/colcon_core/task/python/colcon_distutils_commands:/home/tadtawan/EXAM1_WS/install/teleop_twist_keyboard/lib/python3.10/site-packages:${PYTHONPATH} /usr/bin/python3 -W ignore:setup.py install is deprecated setup.py egg_info --egg-base ../../build/teleop_twist_keyboard build --build-base /home/tadtawan/EXAM1_WS/build/teleop_twist_keyboard/build install --record /home/tadtawan/EXAM1_WS/build/teleop_twist_keyboard/install.log --single-version-externally-managed
