[0.012s] Invoking command in '/home/tadtawan/EXAM1_WS/build/taohunza': CMAKE_PREFIX_PATH=${CMAKE_PREFIX_PATH}:/opt/ros/humble /usr/bin/cmake --build /home/tadtawan/EXAM1_WS/build/taohunza -- -j16 -l16
[0.028s] -- Found ament_cmake: 1.3.10 (/opt/ros/humble/share/ament_cmake/cmake)
[0.109s] -- Found rclcpp: 16.0.10 (/opt/ros/humble/share/rclcpp/cmake)
[0.127s] -- Found rosidl_generator_c: 3.1.5 (/opt/ros/humble/share/rosidl_generator_c/cmake)
[0.128s] -- Found rosidl_adapter: 3.1.5 (/opt/ros/humble/share/rosidl_adapter/cmake)
[0.132s] -- Found rosidl_generator_cpp: 3.1.5 (/opt/ros/humble/share/rosidl_generator_cpp/cmake)
[0.137s] -- Using all available rosidl_typesupport_c: rosidl_typesupport_fastrtps_c;rosidl_typesupport_introspection_c
[0.145s] -- Using all available rosidl_typesupport_cpp: rosidl_typesupport_fastrtps_cpp;rosidl_typesupport_introspection_cpp
[0.164s] -- Found rmw_implementation_cmake: 6.1.2 (/opt/ros/humble/share/rmw_implementation_cmake/cmake)
[0.165s] -- Found rmw_fastrtps_cpp: 6.2.7 (/opt/ros/humble/share/rmw_fastrtps_cpp/cmake)
[0.233s] -- Using RMW implementation 'rmw_fastrtps_cpp' as default
[0.261s] -- Found rclpy: 3.3.14 (/opt/ros/humble/share/rclpy/cmake)
[0.344s] -- Configuring done
[0.348s] -- Generating done
[0.349s] -- Build files have been written to: /home/tadtawan/EXAM1_WS/build/taohunza
[0.367s] [35m[1mConsolidate compiler generated dependencies of target cpp_node_test[0m
[0.375s] [100%] Built target cpp_node_test
[0.378s] [100%] Built target ament_cmake_python_copy_taohunza
[0.554s] running egg_info
[0.554s] writing taohunza.egg-info/PKG-INFO
[0.554s] writing dependency_links to taohunza.egg-info/dependency_links.txt
[0.554s] writing top-level names to taohunza.egg-info/top_level.txt
[0.555s] reading manifest file 'taohunza.egg-info/SOURCES.txt'
[0.556s] writing manifest file 'taohunza.egg-info/SOURCES.txt'
[0.572s] [100%] Built target ament_cmake_python_build_taohunza_egg
[0.579s] Invoked command in '/home/tadtawan/EXAM1_WS/build/taohunza' returned '0': CMAKE_PREFIX_PATH=${CMAKE_PREFIX_PATH}:/opt/ros/humble /usr/bin/cmake --build /home/tadtawan/EXAM1_WS/build/taohunza -- -j16 -l16
[0.603s] Invoking command in '/home/tadtawan/EXAM1_WS/build/taohunza': CMAKE_PREFIX_PATH=${CMAKE_PREFIX_PATH}:/opt/ros/humble /usr/bin/cmake --install /home/tadtawan/EXAM1_WS/build/taohunza
[0.608s] -- Install configuration: ""
[0.608s] -- Up-to-date: /home/tadtawan/EXAM1_WS/install/taohunza/share/taohunza/environment/pythonpath.sh
[0.608s] -- Installing: /home/tadtawan/EXAM1_WS/install/taohunza/share/taohunza/environment/pythonpath.dsv
[0.608s] -- Up-to-date: /home/tadtawan/EXAM1_WS/install/taohunza/local/lib/python3.10/dist-packages/taohunza-0.0.0-py3.10.egg-info
[0.608s] -- Installing: /home/tadtawan/EXAM1_WS/install/taohunza/local/lib/python3.10/dist-packages/taohunza-0.0.0-py3.10.egg-info/dependency_links.txt
[0.608s] -- Installing: /home/tadtawan/EXAM1_WS/install/taohunza/local/lib/python3.10/dist-packages/taohunza-0.0.0-py3.10.egg-info/top_level.txt
[0.608s] -- Installing: /home/tadtawan/EXAM1_WS/install/taohunza/local/lib/python3.10/dist-packages/taohunza-0.0.0-py3.10.egg-info/SOURCES.txt
[0.608s] -- Installing: /home/tadtawan/EXAM1_WS/install/taohunza/local/lib/python3.10/dist-packages/taohunza-0.0.0-py3.10.egg-info/PKG-INFO
[0.609s] -- Up-to-date: /home/tadtawan/EXAM1_WS/install/taohunza/local/lib/python3.10/dist-packages/taohunza
[0.609s] -- Up-to-date: /home/tadtawan/EXAM1_WS/install/taohunza/local/lib/python3.10/dist-packages/taohunza/dummy_module.py
[0.609s] -- Up-to-date: /home/tadtawan/EXAM1_WS/install/taohunza/local/lib/python3.10/dist-packages/taohunza/__init__.py
[0.631s] Listing '/home/tadtawan/EXAM1_WS/install/taohunza/local/lib/python3.10/dist-packages/taohunza'...
[0.634s] -- Up-to-date: /home/tadtawan/EXAM1_WS/install/taohunza/lib/taohunza/dummy_script.py
[0.634s] -- Up-to-date: /home/tadtawan/EXAM1_WS/install/taohunza/lib/taohunza/controller_node.py
[0.634s] -- Up-to-date: /home/tadtawan/EXAM1_WS/install/taohunza/lib/taohunza/turtle_teleop_node.py
[0.634s] -- Up-to-date: /home/tadtawan/EXAM1_WS/install/taohunza/lib/taohunza/cpp_node_test
[0.634s] -- Up-to-date: /home/tadtawan/EXAM1_WS/install/taohunza/share/taohunza/scripts
[0.634s] -- Up-to-date: /home/tadtawan/EXAM1_WS/install/taohunza/share/taohunza/scripts/turtle_teleop_node.py
[0.634s] -- Up-to-date: /home/tadtawan/EXAM1_WS/install/taohunza/share/taohunza/scripts/dummy_script.py
[0.634s] -- Up-to-date: /home/tadtawan/EXAM1_WS/install/taohunza/share/taohunza/scripts/controller_node.py
[0.634s] -- Up-to-date: /home/tadtawan/EXAM1_WS/install/taohunza/share/taohunza/taohunza
[0.634s] -- Up-to-date: /home/tadtawan/EXAM1_WS/install/taohunza/share/taohunza/taohunza/dummy_module.py
[0.634s] -- Up-to-date: /home/tadtawan/EXAM1_WS/install/taohunza/share/taohunza/taohunza/__init__.py
[0.634s] -- Up-to-date: /home/tadtawan/EXAM1_WS/install/taohunza/share/ament_index/resource_index/package_run_dependencies/taohunza
[0.635s] -- Up-to-date: /home/tadtawan/EXAM1_WS/install/taohunza/share/ament_index/resource_index/parent_prefix_path/taohunza
[0.635s] -- Up-to-date: /home/tadtawan/EXAM1_WS/install/taohunza/share/taohunza/environment/ament_prefix_path.sh
[0.635s] -- Installing: /home/tadtawan/EXAM1_WS/install/taohunza/share/taohunza/environment/ament_prefix_path.dsv
[0.635s] -- Up-to-date: /home/tadtawan/EXAM1_WS/install/taohunza/share/taohunza/environment/path.sh
[0.635s] -- Installing: /home/tadtawan/EXAM1_WS/install/taohunza/share/taohunza/environment/path.dsv
[0.635s] -- Up-to-date: /home/tadtawan/EXAM1_WS/install/taohunza/share/taohunza/local_setup.bash
[0.635s] -- Up-to-date: /home/tadtawan/EXAM1_WS/install/taohunza/share/taohunza/local_setup.sh
[0.635s] -- Up-to-date: /home/tadtawan/EXAM1_WS/install/taohunza/share/taohunza/local_setup.zsh
[0.635s] -- Installing: /home/tadtawan/EXAM1_WS/install/taohunza/share/taohunza/local_setup.dsv
[0.635s] -- Installing: /home/tadtawan/EXAM1_WS/install/taohunza/share/taohunza/package.dsv
[0.635s] -- Up-to-date: /home/tadtawan/EXAM1_WS/install/taohunza/share/ament_index/resource_index/packages/taohunza
[0.635s] -- Up-to-date: /home/tadtawan/EXAM1_WS/install/taohunza/share/taohunza/cmake/taohunzaConfig.cmake
[0.635s] -- Up-to-date: /home/tadtawan/EXAM1_WS/install/taohunza/share/taohunza/cmake/taohunzaConfig-version.cmake
[0.635s] -- Installing: /home/tadtawan/EXAM1_WS/install/taohunza/share/taohunza/package.xml
[0.637s] Invoked command in '/home/tadtawan/EXAM1_WS/build/taohunza' returned '0': CMAKE_PREFIX_PATH=${CMAKE_PREFIX_PATH}:/opt/ros/humble /usr/bin/cmake --install /home/tadtawan/EXAM1_WS/build/taohunza
