[0.599s] Invoking command in '/home/aitthikit/Documents/GitHub/EXAM1_WS/src/teleop_twist_keyboard': PYTHONPATH=/home/aitthikit/Documents/GitHub/EXAM1_WS/build/teleop_twist_keyboard/prefix_override:/usr/lib/python3/dist-packages/colcon_core/task/python/colcon_distutils_commands:/home/aitthikit/Documents/GitHub/EXAM1_WS/install/teleop_twist_keyboard/lib/python3.10/site-packages:${PYTHONPATH} /usr/bin/python3 -W ignore:setup.py install is deprecated setup.py egg_info --egg-base ../../build/teleop_twist_keyboard build --build-base /home/aitthikit/Documents/GitHub/EXAM1_WS/build/teleop_twist_keyboard/build install --record /home/aitthikit/Documents/GitHub/EXAM1_WS/build/teleop_twist_keyboard/install.log --single-version-externally-managed install_data
[0.835s] running egg_info
[0.836s] creating ../../build/teleop_twist_keyboard/teleop_twist_keyboard.egg-info
[0.836s] writing ../../build/teleop_twist_keyboard/teleop_twist_keyboard.egg-info/PKG-INFO
[0.836s] writing dependency_links to ../../build/teleop_twist_keyboard/teleop_twist_keyboard.egg-info/dependency_links.txt
[0.836s] writing entry points to ../../build/teleop_twist_keyboard/teleop_twist_keyboard.egg-info/entry_points.txt
[0.837s] writing requirements to ../../build/teleop_twist_keyboard/teleop_twist_keyboard.egg-info/requires.txt
[0.837s] writing top-level names to ../../build/teleop_twist_keyboard/teleop_twist_keyboard.egg-info/top_level.txt
[0.837s] writing manifest file '../../build/teleop_twist_keyboard/teleop_twist_keyboard.egg-info/SOURCES.txt'
[0.838s] reading manifest file '../../build/teleop_twist_keyboard/teleop_twist_keyboard.egg-info/SOURCES.txt'
[0.838s] adding license file 'LICENSE'
[0.838s] writing manifest file '../../build/teleop_twist_keyboard/teleop_twist_keyboard.egg-info/SOURCES.txt'
[0.839s] running build
[0.839s] running build_py
[0.839s] creating /home/aitthikit/Documents/GitHub/EXAM1_WS/build/teleop_twist_keyboard/build
[0.839s] creating /home/aitthikit/Documents/GitHub/EXAM1_WS/build/teleop_twist_keyboard/build/lib
[0.839s] copying teleop_twist_keyboard.py -> /home/aitthikit/Documents/GitHub/EXAM1_WS/build/teleop_twist_keyboard/build/lib
[0.839s] running install
[0.839s] running install_lib
[0.840s] copying /home/aitthikit/Documents/GitHub/EXAM1_WS/build/teleop_twist_keyboard/build/lib/teleop_twist_keyboard.py -> /home/aitthikit/Documents/GitHub/EXAM1_WS/install/teleop_twist_keyboard/lib/python3.10/site-packages
[0.840s] byte-compiling /home/aitthikit/Documents/GitHub/EXAM1_WS/install/teleop_twist_keyboard/lib/python3.10/site-packages/teleop_twist_keyboard.py to teleop_twist_keyboard.cpython-310.pyc
[0.841s] running install_data
[0.841s] creating /home/aitthikit/Documents/GitHub/EXAM1_WS/install/teleop_twist_keyboard/share/ament_index
[0.842s] creating /home/aitthikit/Documents/GitHub/EXAM1_WS/install/teleop_twist_keyboard/share/ament_index/resource_index
[0.842s] creating /home/aitthikit/Documents/GitHub/EXAM1_WS/install/teleop_twist_keyboard/share/ament_index/resource_index/packages
[0.842s] copying resource/teleop_twist_keyboard -> /home/aitthikit/Documents/GitHub/EXAM1_WS/install/teleop_twist_keyboard/share/ament_index/resource_index/packages
[0.842s] copying package.xml -> /home/aitthikit/Documents/GitHub/EXAM1_WS/install/teleop_twist_keyboard/share/teleop_twist_keyboard
[0.842s] running install_egg_info
[0.843s] Copying ../../build/teleop_twist_keyboard/teleop_twist_keyboard.egg-info to /home/aitthikit/Documents/GitHub/EXAM1_WS/install/teleop_twist_keyboard/lib/python3.10/site-packages/teleop_twist_keyboard-2.4.0-py3.10.egg-info
[0.844s] running install_scripts
[0.864s] Installing teleop_twist_keyboard script to /home/aitthikit/Documents/GitHub/EXAM1_WS/install/teleop_twist_keyboard/lib/teleop_twist_keyboard
[0.864s] writing list of installed files to '/home/aitthikit/Documents/GitHub/EXAM1_WS/build/teleop_twist_keyboard/install.log'
[0.883s] Invoked command in '/home/aitthikit/Documents/GitHub/EXAM1_WS/src/teleop_twist_keyboard' returned '0': PYTHONPATH=/home/aitthikit/Documents/GitHub/EXAM1_WS/build/teleop_twist_keyboard/prefix_override:/usr/lib/python3/dist-packages/colcon_core/task/python/colcon_distutils_commands:/home/aitthikit/Documents/GitHub/EXAM1_WS/install/teleop_twist_keyboard/lib/python3.10/site-packages:${PYTHONPATH} /usr/bin/python3 -W ignore:setup.py install is deprecated setup.py egg_info --egg-base ../../build/teleop_twist_keyboard build --build-base /home/aitthikit/Documents/GitHub/EXAM1_WS/build/teleop_twist_keyboard/build install --record /home/aitthikit/Documents/GitHub/EXAM1_WS/build/teleop_twist_keyboard/install.log --single-version-externally-managed install_data
