[0.445s] Invoking command in '/home/tadtawan/EXAM1_WS/src/teleop_twist_keyboard': PYTHONPATH=/home/tadtawan/EXAM1_WS/build/teleop_keyboard/prefix_override:/usr/lib/python3/dist-packages/colcon_core/task/python/colcon_distutils_commands:/home/tadtawan/EXAM1_WS/install/teleop_keyboard/lib/python3.10/site-packages:${PYTHONPATH} /usr/bin/python3 -W ignore:setup.py install is deprecated setup.py egg_info --egg-base ../../build/teleop_keyboard build --build-base /home/tadtawan/EXAM1_WS/build/teleop_keyboard/build install --record /home/tadtawan/EXAM1_WS/build/teleop_keyboard/install.log --single-version-externally-managed install_data
[0.616s] running egg_info
[0.616s] writing ../../build/teleop_keyboard/teleop_keyboard.egg-info/PKG-INFO
[0.616s] writing dependency_links to ../../build/teleop_keyboard/teleop_keyboard.egg-info/dependency_links.txt
[0.616s] writing entry points to ../../build/teleop_keyboard/teleop_keyboard.egg-info/entry_points.txt
[0.616s] writing requirements to ../../build/teleop_keyboard/teleop_keyboard.egg-info/requires.txt
[0.616s] writing top-level names to ../../build/teleop_keyboard/teleop_keyboard.egg-info/top_level.txt
[0.617s] reading manifest file '../../build/teleop_keyboard/teleop_keyboard.egg-info/SOURCES.txt'
[0.617s] adding license file 'LICENSE'
[0.618s] writing manifest file '../../build/teleop_keyboard/teleop_keyboard.egg-info/SOURCES.txt'
[0.618s] running build
[0.618s] running build_py
[0.618s] copying teleop_twist_keyboard.py -> /home/tadtawan/EXAM1_WS/build/teleop_keyboard/build/lib
[0.618s] running install
[0.618s] running install_lib
[0.618s] copying /home/tadtawan/EXAM1_WS/build/teleop_keyboard/build/lib/teleop_twist_keyboard.py -> /home/tadtawan/EXAM1_WS/install/teleop_keyboard/lib/python3.10/site-packages
[0.619s] byte-compiling /home/tadtawan/EXAM1_WS/install/teleop_keyboard/lib/python3.10/site-packages/teleop_twist_keyboard.py to teleop_twist_keyboard.cpython-310.pyc
[0.620s] running install_data
[0.620s] error: can't copy 'resource/teleop_keyboard': doesn't exist or not a regular file
[0.630s] Invoked command in '/home/tadtawan/EXAM1_WS/src/teleop_twist_keyboard' returned '1': PYTHONPATH=/home/tadtawan/EXAM1_WS/build/teleop_keyboard/prefix_override:/usr/lib/python3/dist-packages/colcon_core/task/python/colcon_distutils_commands:/home/tadtawan/EXAM1_WS/install/teleop_keyboard/lib/python3.10/site-packages:${PYTHONPATH} /usr/bin/python3 -W ignore:setup.py install is deprecated setup.py egg_info --egg-base ../../build/teleop_keyboard build --build-base /home/tadtawan/EXAM1_WS/build/teleop_keyboard/build install --record /home/tadtawan/EXAM1_WS/build/teleop_keyboard/install.log --single-version-externally-managed install_data
