[0.631s] Invoking command in '/home/aitthikit/Documents/GitHub/EXAM1_WS/src/teleop_twist_keyboard': PYTHONPATH=/home/aitthikit/Documents/GitHub/EXAM1_WS/build/teleop_twist_keyboard/prefix_override:/usr/lib/python3/dist-packages/colcon_core/task/python/colcon_distutils_commands:/home/aitthikit/Documents/GitHub/EXAM1_WS/install/teleop_twist_keyboard/lib/python3.10/site-packages:${PYTHONPATH} /usr/bin/python3 -W ignore:setup.py install is deprecated setup.py egg_info --egg-base ../../build/teleop_twist_keyboard build --build-base /home/aitthikit/Documents/GitHub/EXAM1_WS/build/teleop_twist_keyboard/build install --record /home/aitthikit/Documents/GitHub/EXAM1_WS/build/teleop_twist_keyboard/install.log --single-version-externally-managed install_data
[0.875s] running egg_info
[0.876s] writing ../../build/teleop_twist_keyboard/teleop_twist_keyboard.egg-info/PKG-INFO
[0.876s] writing dependency_links to ../../build/teleop_twist_keyboard/teleop_twist_keyboard.egg-info/dependency_links.txt
[0.876s] writing entry points to ../../build/teleop_twist_keyboard/teleop_twist_keyboard.egg-info/entry_points.txt
[0.877s] writing requirements to ../../build/teleop_twist_keyboard/teleop_twist_keyboard.egg-info/requires.txt
[0.877s] writing top-level names to ../../build/teleop_twist_keyboard/teleop_twist_keyboard.egg-info/top_level.txt
[0.878s] reading manifest file '../../build/teleop_twist_keyboard/teleop_twist_keyboard.egg-info/SOURCES.txt'
[0.879s] adding license file 'LICENSE'
[0.880s] writing manifest file '../../build/teleop_twist_keyboard/teleop_twist_keyboard.egg-info/SOURCES.txt'
[0.880s] running build
[0.880s] running build_py
[0.880s] running install
[0.880s] running install_lib
[0.881s] running install_data
[0.881s] running install_egg_info
[0.883s] removing '/home/aitthikit/Documents/GitHub/EXAM1_WS/install/teleop_twist_keyboard/lib/python3.10/site-packages/teleop_twist_keyboard-2.4.0-py3.10.egg-info' (and everything under it)
[0.883s] Copying ../../build/teleop_twist_keyboard/teleop_twist_keyboard.egg-info to /home/aitthikit/Documents/GitHub/EXAM1_WS/install/teleop_twist_keyboard/lib/python3.10/site-packages/teleop_twist_keyboard-2.4.0-py3.10.egg-info
[0.884s] running install_scripts
[0.906s] Installing teleop_twist_keyboard script to /home/aitthikit/Documents/GitHub/EXAM1_WS/install/teleop_twist_keyboard/lib/teleop_twist_keyboard
[0.906s] writing list of installed files to '/home/aitthikit/Documents/GitHub/EXAM1_WS/build/teleop_twist_keyboard/install.log'
[0.928s] Invoked command in '/home/aitthikit/Documents/GitHub/EXAM1_WS/src/teleop_twist_keyboard' returned '0': PYTHONPATH=/home/aitthikit/Documents/GitHub/EXAM1_WS/build/teleop_twist_keyboard/prefix_override:/usr/lib/python3/dist-packages/colcon_core/task/python/colcon_distutils_commands:/home/aitthikit/Documents/GitHub/EXAM1_WS/install/teleop_twist_keyboard/lib/python3.10/site-packages:${PYTHONPATH} /usr/bin/python3 -W ignore:setup.py install is deprecated setup.py egg_info --egg-base ../../build/teleop_twist_keyboard build --build-base /home/aitthikit/Documents/GitHub/EXAM1_WS/build/teleop_twist_keyboard/build install --record /home/aitthikit/Documents/GitHub/EXAM1_WS/build/teleop_twist_keyboard/install.log --single-version-externally-managed install_data
