[0.766s] Invoking command in '/home/aitthikit/Documents/GitHub/EXAM1_WS/src/teleop_twist_keyboard': PYTHONPATH=/home/aitthikit/Documents/GitHub/EXAM1_WS/build/teleop_twist_keyboard/prefix_override:/usr/lib/python3/dist-packages/colcon_core/task/python/colcon_distutils_commands:/home/aitthikit/Documents/GitHub/EXAM1_WS/install/teleop_twist_keyboard/lib/python3.10/site-packages:${PYTHONPATH} /usr/bin/python3 -W ignore:setup.py install is deprecated setup.py egg_info --egg-base ../../build/teleop_twist_keyboard build --build-base /home/aitthikit/Documents/GitHub/EXAM1_WS/build/teleop_twist_keyboard/build install --record /home/aitthikit/Documents/GitHub/EXAM1_WS/build/teleop_twist_keyboard/install.log --single-version-externally-managed install_data
[1.039s] running egg_info
[1.039s] writing ../../build/teleop_twist_keyboard/teleop_twist_keyboard.egg-info/PKG-INFO
[1.040s] writing dependency_links to ../../build/teleop_twist_keyboard/teleop_twist_keyboard.egg-info/dependency_links.txt
[1.040s] writing entry points to ../../build/teleop_twist_keyboard/teleop_twist_keyboard.egg-info/entry_points.txt
[1.040s] writing requirements to ../../build/teleop_twist_keyboard/teleop_twist_keyboard.egg-info/requires.txt
[1.040s] writing top-level names to ../../build/teleop_twist_keyboard/teleop_twist_keyboard.egg-info/top_level.txt
[1.042s] reading manifest file '../../build/teleop_twist_keyboard/teleop_twist_keyboard.egg-info/SOURCES.txt'
[1.043s] adding license file 'LICENSE'
[1.043s] writing manifest file '../../build/teleop_twist_keyboard/teleop_twist_keyboard.egg-info/SOURCES.txt'
[1.043s] running build
[1.043s] running build_py
[1.043s] running install
[1.044s] running install_lib
[1.045s] running install_data
[1.045s] running install_egg_info
[1.047s] removing '/home/aitthikit/Documents/GitHub/EXAM1_WS/install/teleop_twist_keyboard/lib/python3.10/site-packages/teleop_twist_keyboard-2.4.0-py3.10.egg-info' (and everything under it)
[1.047s] Copying ../../build/teleop_twist_keyboard/teleop_twist_keyboard.egg-info to /home/aitthikit/Documents/GitHub/EXAM1_WS/install/teleop_twist_keyboard/lib/python3.10/site-packages/teleop_twist_keyboard-2.4.0-py3.10.egg-info
[1.048s] running install_scripts
[1.070s] Installing teleop_twist_keyboard script to /home/aitthikit/Documents/GitHub/EXAM1_WS/install/teleop_twist_keyboard/lib/teleop_twist_keyboard
[1.070s] writing list of installed files to '/home/aitthikit/Documents/GitHub/EXAM1_WS/build/teleop_twist_keyboard/install.log'
[1.094s] Invoked command in '/home/aitthikit/Documents/GitHub/EXAM1_WS/src/teleop_twist_keyboard' returned '0': PYTHONPATH=/home/aitthikit/Documents/GitHub/EXAM1_WS/build/teleop_twist_keyboard/prefix_override:/usr/lib/python3/dist-packages/colcon_core/task/python/colcon_distutils_commands:/home/aitthikit/Documents/GitHub/EXAM1_WS/install/teleop_twist_keyboard/lib/python3.10/site-packages:${PYTHONPATH} /usr/bin/python3 -W ignore:setup.py install is deprecated setup.py egg_info --egg-base ../../build/teleop_twist_keyboard build --build-base /home/aitthikit/Documents/GitHub/EXAM1_WS/build/teleop_twist_keyboard/build install --record /home/aitthikit/Documents/GitHub/EXAM1_WS/build/teleop_twist_keyboard/install.log --single-version-externally-managed install_data
